Log file open, 01/25/21 07:57:53
LogWindows: Failed to load 'aqProf.dll' (GetLastError=126)
LogWindows: File 'aqProf.dll' does not exist
LogWindows: Failed to load 'VSPerf140.dll' (GetLastError=126)
LogWindows: File 'VSPerf140.dll' does not exist
LogWindows: Failed to load 'VtuneApi.dll' (GetLastError=126)
LogWindows: File 'VtuneApi.dll' does not exist
LogWindows: Failed to load 'VtuneApi32e.dll' (GetLastError=126)
LogWindows: File 'VtuneApi32e.dll' does not exist
LogInit: Display: Running engine for game: MyProject
LogPlatformFile: Not using cached read wrapper
LogTaskGraph: Started task graph with 5 named threads and 35 total threads with 3 sets of task threads.
LogStats: Stats thread started at 0.986401
LogD3D11RHI: Loaded GFSDK_Aftermath_Lib.x64.dll
LogICUInternationalization: Display: ICU TimeZone Detection - Raw Offset: +1:00, Platform Override: ''
LogPluginManager: Mounting plugin Paper2D
LogPluginManager: Mounting plugin AISupport
LogPluginManager: Mounting plugin LightPropagationVolume
LogPluginManager: Mounting plugin CLionSourceCodeAccess
LogPluginManager: Mounting plugin CodeLiteSourceCodeAccess
LogPluginManager: Mounting plugin GitSourceControl
LogPluginManager: Mounting plugin KDevelopSourceCodeAccess
LogPluginManager: Mounting plugin NullSourceCodeAccess
LogPluginManager: Mounting plugin PerforceSourceControl
LogPluginManager: Mounting plugin SubversionSourceControl
LogPluginManager: Mounting plugin UObjectPlugin
LogPluginManager: Mounting plugin VisualStudioCodeSourceCodeAccess
LogPluginManager: Mounting plugin VisualStudioSourceCodeAccess
LogPluginManager: Mounting plugin XCodeSourceCodeAccess
LogPluginManager: Mounting plugin AssetManagerEditor
LogPluginManager: Mounting plugin CryptoKeys
LogPluginManager: Mounting plugin DataValidation
LogPluginManager: Mounting plugin FacialAnimation
LogPluginManager: Mounting plugin GameplayTagsEditor
LogPluginManager: Mounting plugin MacGraphicsSwitching
LogPluginManager: Mounting plugin MeshEditor
LogPluginManager: Mounting plugin MobileLauncherProfileWizard
LogPluginManager: Mounting plugin PluginBrowser
LogPluginManager: Mounting plugin SpeedTreeImporter
LogPluginManager: Mounting plugin DatasmithContent
LogPluginManager: Mounting plugin AlembicImporter
LogPluginManager: Mounting plugin AppleImageUtils
LogPluginManager: Mounting plugin AppleVision
LogPluginManager: Mounting plugin BackChannel
LogPluginManager: Mounting plugin CharacterAI
LogPluginManager: Mounting plugin GeometryCache
LogPluginManager: Mounting plugin HTML5Networking
LogPluginManager: Mounting plugin ProxyLODPlugin
LogPluginManager: Mounting plugin MagicLeap
LogPluginManager: Mounting plugin MagicLeapEmulator
LogPluginManager: Mounting plugin MagicLeapMedia
LogPluginManager: Mounting plugin AndroidMedia
LogPluginManager: Mounting plugin AvfMedia
LogPluginManager: Mounting plugin ImgMedia
LogPluginManager: Mounting plugin LinearTimecode
LogPluginManager: Mounting plugin MediaCompositing
LogPluginManager: Mounting plugin MediaPlayerEditor
LogPluginManager: Mounting plugin WmfMedia
LogPluginManager: Mounting plugin TcpMessaging
LogPluginManager: Mounting plugin UdpMessaging
LogPluginManager: Mounting plugin ActorSequence
LogPluginManager: Mounting plugin LevelSequenceEditor
LogPluginManager: Mounting plugin MatineeToLevelSequence
LogPluginManager: Mounting plugin NetcodeUnitTest
LogPluginManager: Mounting plugin NUTUnrealEngine4
LogPluginManager: Mounting plugin OnlineSubsystemGooglePlay
LogPluginManager: Mounting plugin OnlineSubsystemIOS
LogPluginManager: Mounting plugin OnlineSubsystem
LogPluginManager: Mounting plugin OnlineSubsystemNull
LogPluginManager: Mounting plugin OnlineSubsystemUtils
LogPluginManager: Mounting plugin LauncherChunkInstaller
LogPluginManager: Mounting plugin AndroidDeviceProfileSelector
LogPluginManager: Mounting plugin AndroidMoviePlayer
LogPluginManager: Mounting plugin AndroidPermission
LogPluginManager: Mounting plugin AppleMoviePlayer
LogPluginManager: Mounting plugin ArchVisCharacter
LogPluginManager: Mounting plugin AudioCapture
LogPluginManager: Mounting plugin CableComponent
LogPluginManager: Mounting plugin CustomMeshComponent
LogPluginManager: Mounting plugin EditableMesh
LogPluginManager: Mounting plugin ExampleDeviceProfileSelector
LogPluginManager: Mounting plugin GoogleCloudMessaging
LogPluginManager: Mounting plugin ImmediatePhysics
LogPluginManager: Mounting plugin IOSDeviceProfileSelector
LogPluginManager: Mounting plugin LinuxDeviceProfileSelector
LogPluginManager: Mounting plugin LocationServicesBPLibrary
LogPluginManager: Mounting plugin MobilePatchingUtils
LogPluginManager: Mounting plugin OculusVR
LogPluginManager: Plugin shader directory ../../../Engine/Plugins/Runtime/Oculus/OculusVR/Shaders found
LogPluginManager: Mapping shader source directory ../../../Engine/Plugins/Runtime/Oculus/OculusVR/Shaders to virtual directory /Plugin/OculusVR
LogPluginManager: Mounting plugin PhysXVehicles
LogPluginManager: Mounting plugin ProceduralMeshComponent
LogPluginManager: Mounting plugin RuntimePhysXCooking
LogPluginManager: Mounting plugin SteamVR
LogPluginManager: Mounting plugin WindowsMoviePlayer
LogStreaming: Display: Took  0.119s to configure plugins.
LogInit: Using libcurl 7.55.1-DEV
LogInit:  - built for x86_64-pc-win32
LogInit:  - supports SSL with OpenSSL/1.0.2h
LogInit:  - supports HTTP deflate (compression) using libz 1.2.8
LogInit:  - other features:
LogInit:      CURL_VERSION_SSL
LogInit:      CURL_VERSION_LIBZ
LogInit:      CURL_VERSION_IPV6
LogInit:      CURL_VERSION_ASYNCHDNS
LogInit:      CURL_VERSION_LARGEFILE
LogInit:      CURL_VERSION_IDN
LogInit:  CurlRequestOptions (configurable via config and command line):
LogInit:  - bVerifyPeer = false  - Libcurl will NOT verify peer certificate
LogInit:  - bUseHttpProxy = false  - Libcurl will NOT use HTTP proxy
LogInit:  - bDontReuseConnections = false  - Libcurl will reuse connections
LogInit:  - CertBundlePath = nullptr  - Libcurl will use whatever was configured at build time.
LogInit:  - MaxHostConnections = 16  - Libcurl will limit the number of connections to a host
LogInit:  - LocalHostAddr = Default
LogInit:  - BufferSize = 65536
LogInit: WinSock: version 1.1 (2.2), MaxSocks=32767, MaxUdp=65467
LogInit: Build: ++UE4+Release-4.20-CL-4369336
LogInit: Engine Version: 4.20.3-4369336+++UE4+Release-4.20
LogInit: Compatible Engine Version: 4.20.0-4212847+++UE4+Release-4.20
LogInit: Net CL: 4212847
LogInit: OS: Windows 10 (), CPU: Intel(R) Core(TM) i5-10400 CPU @ 2.90GHz, GPU: NVIDIA GeForce GTX 1660 SUPER
LogInit: Compiled (64-bit): Sep 17 2018 12:26:19
LogInit: Compiled with Visual C++: 19.13.26129.00
LogInit: Build Configuration: Development
LogInit: Branch Name: ++UE4+Release-4.20
LogInit: Command Line:  
LogInit: Base Directory: C:/Program Files/Epic Games/UE_4.20/Engine/Binaries/Win64/
LogInit: Installed Engine Build: 1
LogDevObjectVersion: Number of dev versions registered: 20
LogDevObjectVersion:   Dev-Blueprints (B0D832E4-1F89-4F0D-ACCF-7EB736FD4AA2): 10
LogDevObjectVersion:   Dev-Build (E1C64328-A22C-4D53-A36C-8E866417BD8C): 0
LogDevObjectVersion:   Dev-Core (375EC13C-06E4-48FB-B500-84F0262A717E): 2
LogDevObjectVersion:   Dev-Editor (E4B068ED-F494-42E9-A231-DA0B2E46BB41): 24
LogDevObjectVersion:   Dev-Framework (CFFC743F-43B0-4480-9391-14DF171D2073): 34
LogDevObjectVersion:   Dev-Mobile (B02B49B5-BB20-44E9-A304-32B752E40360): 2
LogDevObjectVersion:   Dev-Networking (A4E4105C-59A1-49B5-A7C5-40C4547EDFEE): 0
LogDevObjectVersion:   Dev-Online (39C831C9-5AE6-47DC-9A44-9C173E1C8E7C): 0
LogDevObjectVersion:   Dev-Physics (78F01B33-EBEA-4F98-B9B4-84EACCB95AA2): 0
LogDevObjectVersion:   Dev-Platform (6631380F-2D4D-43E0-8009-CF276956A95A): 0
LogDevObjectVersion:   Dev-Rendering (12F88B9F-8875-4AFC-A67C-D90C383ABD29): 26
LogDevObjectVersion:   Dev-Sequencer (7B5AE74C-D270-4C10-A958-57980B212A5A): 9
LogDevObjectVersion:   Dev-VR (D7296918-1DD6-4BDD-9DE2-64A83CC13884): 2
LogDevObjectVersion:   Dev-LoadTimes (C2A15278-BFE7-4AFE-6C17-90FF531DF755): 1
LogDevObjectVersion:   Private-Geometry (6EACA3D4-40EC-4CC1-B786-8BED09428FC5): 3
LogDevObjectVersion:   Dev-AnimPhys (29E575DD-E0A3-4627-9D10-D276232CDCEA): 17
LogDevObjectVersion:   Dev-ReflectionCapture (6B266CEC-1EC7-4B8F-A30B-E4D90942FC07): 1
LogDevObjectVersion:   Dev-Automation (0DF73D61-A23F-47EA-B727-89E90C41499A): 1
LogDevObjectVersion:   FortniteMain (601D1886-AC64-4F84-AA16-D3DE0DEAC7D6): 12
LogDevObjectVersion:   Dev-Enterprise (9DFFBCD6-494F-0158-E221-12823C92A888): 1
LogStreaming: Display: Took  0.002s to delete old logs.
LogInit: Presizing for max 8388607 objects, including 0 objects not considered by GC, pre-allocating 0 bytes for permanent pool.
LogInit: Object subsystem initialized
[2021.01.25-06.57.53:804][  0]LogInit: Selected Device Profile: [Windows]
[2021.01.25-06.57.53:805][  0]LogInit: Applying CVar settings loaded from the selected device profile: [Windows]
[2021.01.25-06.57.53:813][  0]LogHAL: Display: Platform has ~ 16 GB [17111990272 / 17179869184 / 16], which maps to Larger [LargestMinGB=32, LargerMinGB=12, DefaultMinGB=8, SmallerMinGB=6, SmallestMinGB=0)
[2021.01.25-06.57.53:813][  0]LogInit: Setting Device Profile CVar: [[r.Vulkan.UseRealUBs:1]]
[2021.01.25-06.57.53:814][  0]LogInit: Going up to parent DeviceProfile []
[2021.01.25-06.57.53:815][  0]LogInit: Computer: DESKTOP-Q01BN6R
[2021.01.25-06.57.53:815][  0]LogInit: User: Adamk
[2021.01.25-06.57.53:815][  0]LogInit: CPU Page size=4096, Cores=6
[2021.01.25-06.57.53:815][  0]LogInit: High frequency timer resolution =10.000000 MHz
[2021.01.25-06.57.53:815][  0]LogMemory: Memory total: Physical=15.9GB (16GB approx)
[2021.01.25-06.57.53:815][  0]LogMemory: Platform Memory Stats for Windows
[2021.01.25-06.57.53:815][  0]LogMemory: Process Physical Memory: 102.68 MB used, 102.68 MB peak
[2021.01.25-06.57.53:815][  0]LogMemory: Process Virtual Memory: 85.92 MB used, 85.93 MB peak
[2021.01.25-06.57.53:815][  0]LogMemory: Physical Memory: 7134.77 MB used,  9184.49 MB free, 16319.27 MB total
[2021.01.25-06.57.53:815][  0]LogMemory: Virtual Memory: 4627.02 MB used,  9184.49 MB free, 134217728.00 MB total
[2021.01.25-06.57.53:959][  0]LogInit: Using OS detected language (pl-PL).
[2021.01.25-06.57.53:959][  0]LogInit: Using OS detected locale (pl-PL).
[2021.01.25-06.57.53:962][  0]LogTextLocalizationManager: No specific localization for 'pl-PL' exists, so the 'pl' localization will be used.
[2021.01.25-06.57.53:966][  0]LogStreaming: Display: Took  0.007s to InitEngineTextLocalization.
[2021.01.25-06.57.53:967][  0]LogInit: Setting process to per monitor DPI aware
[2021.01.25-06.57.54:013][  0]LogSlate: New Slate User Created.  User Index 0, Is Virtual User: 0
[2021.01.25-06.57.54:013][  0]LogSlate: Slate User Registered.  User Index 0, Is Virtual User: 0
[2021.01.25-06.57.54:335][  0]LogHMD: Failed to initialize OpenVR with code 110
[2021.01.25-06.57.54:335][  0]LogD3D11RHI: D3D11 adapters:
[2021.01.25-06.57.54:412][  0]LogD3D11RHI:    0. 'NVIDIA GeForce GTX 1660 SUPER' (Feature Level 11_0)
[2021.01.25-06.57.54:412][  0]LogD3D11RHI:       5991/0/8159 MB DedicatedVideo/DedicatedSystem/SharedSystem, Outputs:1, VendorId:0x10de
[2021.01.25-06.57.54:414][  0]LogD3D11RHI:    1. 'Microsoft Basic Render Driver' (Feature Level 11_0)
[2021.01.25-06.57.54:414][  0]LogD3D11RHI:       0/0/8159 MB DedicatedVideo/DedicatedSystem/SharedSystem, Outputs:0, VendorId:0x1414
[2021.01.25-06.57.54:414][  0]LogD3D11RHI: Chosen D3D11 Adapter: 0
[2021.01.25-06.57.54:420][  0]LogD3D11RHI: Creating new Direct3DDevice
[2021.01.25-06.57.54:420][  0]LogD3D11RHI:     GPU DeviceId: 0x21c4 (for the marketing name, search the web for "GPU Device Id")
[2021.01.25-06.57.54:421][  0]LogWindows: EnumDisplayDevices:
[2021.01.25-06.57.54:421][  0]LogWindows:    0. 'NVIDIA GeForce GTX 1660 SUPER' (P:1 D:1)
[2021.01.25-06.57.54:421][  0]LogWindows:    1. 'NVIDIA GeForce GTX 1660 SUPER' (P:0 D:0)
[2021.01.25-06.57.54:421][  0]LogWindows:    2. 'NVIDIA GeForce GTX 1660 SUPER' (P:0 D:0)
[2021.01.25-06.57.54:421][  0]LogWindows:    3. 'NVIDIA GeForce GTX 1660 SUPER' (P:0 D:0)
[2021.01.25-06.57.54:422][  0]LogWindows: DebugString: FoundDriverCount:4 
[2021.01.25-06.57.54:422][  0]LogD3D11RHI:     Adapter Name: NVIDIA GeForce GTX 1660 SUPER
[2021.01.25-06.57.54:422][  0]LogD3D11RHI:   Driver Version: 452.06 (internal:27.21.14.5206, unified:452.06)
[2021.01.25-06.57.54:422][  0]LogD3D11RHI:      Driver Date: 8-12-2020
[2021.01.25-06.57.54:422][  0]LogRHI: Texture pool is 4193 MB (70% of 5991 MB)
[2021.01.25-06.57.54:473][  0]LogD3D11RHI: Async texture creation enabled
[2021.01.25-06.57.54:493][  0]LogD3D11RHI: GPU Timing Frequency: 1000.000000 (Debug: 2 1)
[2021.01.25-06.57.54:496][  0]LogShaderCompilers: Guid format shader working directory is -29 characters bigger than the processId version (../../../../../../Users/Adamk/OneDrive/Dokumenty/Unreal Projects/MyProject/Intermediate/Shaders/WorkingDirectory/25548/).
[2021.01.25-06.57.54:496][  0]LogShaderCompilers: Cleaned the shader compiler working directory 'C:/Users/Adamk/AppData/Local/Temp/UnrealShaderWorkingDir/FFAB65A045CACDAF02C07A9039570B09/'.
[2021.01.25-06.57.54:733][  0]LogTemp: Display: Loaded TP AllDesktopTargetPlatform
[2021.01.25-06.57.54:748][  0]LogTemp: Display: Loaded TP MacClientTargetPlatform
[2021.01.25-06.57.54:763][  0]LogTemp: Display: Loaded TP MacNoEditorTargetPlatform
[2021.01.25-06.57.54:778][  0]LogTemp: Display: Loaded TP MacServerTargetPlatform
[2021.01.25-06.57.54:793][  0]LogTemp: Display: Loaded TP MacTargetPlatform
[2021.01.25-06.57.54:808][  0]LogTemp: Display: Loaded TP WindowsClientTargetPlatform
[2021.01.25-06.57.54:822][  0]LogTemp: Display: Loaded TP WindowsNoEditorTargetPlatform
[2021.01.25-06.57.54:836][  0]LogTemp: Display: Loaded TP WindowsServerTargetPlatform
[2021.01.25-06.57.54:844][  0]LogTemp: Display: Loaded TP WindowsTargetPlatform
[2021.01.25-06.57.54:919][  0]LogTemp: Display: Loaded TP AndroidTargetPlatform
[2021.01.25-06.57.54:919][  0]LogTemp: Display: Loaded TP AndroidTargetPlatform
[2021.01.25-06.57.54:919][  0]LogTemp: Display: Loaded TP AndroidTargetPlatform
[2021.01.25-06.57.54:919][  0]LogTemp: Display: Loaded TP AndroidTargetPlatform
[2021.01.25-06.57.54:919][  0]LogTemp: Display: Loaded TP AndroidTargetPlatform
[2021.01.25-06.57.54:919][  0]LogTemp: Display: Loaded TP AndroidTargetPlatform
[2021.01.25-06.57.54:919][  0]LogTemp: Display: Loaded TP AndroidTargetPlatform
[2021.01.25-06.57.54:919][  0]LogTemp: Display: Loaded TP AndroidTargetPlatform
[2021.01.25-06.57.54:919][  0]LogTemp: Display: Loaded TP AndroidTargetPlatform
[2021.01.25-06.57.54:919][  0]LogTemp: Display: Loaded TP AndroidTargetPlatform
[2021.01.25-06.57.54:919][  0]LogTemp: Display: Loaded TP AndroidTargetPlatform
[2021.01.25-06.57.54:919][  0]LogTemp: Display: Loaded TP AndroidTargetPlatform
[2021.01.25-06.57.54:919][  0]LogTemp: Display: Loaded TP AndroidTargetPlatform
[2021.01.25-06.57.54:919][  0]LogTemp: Display: Loaded TP AndroidTargetPlatform
[2021.01.25-06.57.54:919][  0]LogTemp: Display: Loaded TP AndroidTargetPlatform
[2021.01.25-06.57.54:919][  0]LogTemp: Display: Loaded TP AndroidTargetPlatform
[2021.01.25-06.57.54:919][  0]LogTemp: Display: Loaded TP AndroidTargetPlatform
[2021.01.25-06.57.54:919][  0]LogTemp: Display: Loaded TP AndroidTargetPlatform
[2021.01.25-06.57.54:924][  0]LogTemp: Display: Loaded TP HTML5TargetPlatform
[2021.01.25-06.57.54:990][  0]LogTemp: Display: Loaded TP IOSTargetPlatform
[2021.01.25-06.57.54:990][  0]LogTemp: Display: Loaded TP IOSTargetPlatform
[2021.01.25-06.57.55:013][  0]LogTemp: Display: Loaded TP TVOSTargetPlatform
[2021.01.25-06.57.55:013][  0]LogTemp: Display: Loaded TP TVOSTargetPlatform
[2021.01.25-06.57.55:028][  0]LogTemp: Display: Loaded TP LinuxClientTargetPlatform
[2021.01.25-06.57.55:043][  0]LogTemp: Display: Loaded TP LinuxNoEditorTargetPlatform
[2021.01.25-06.57.55:056][  0]LogTemp: Display: Loaded TP LinuxServerTargetPlatform
[2021.01.25-06.57.55:072][  0]LogTemp: Display: Loaded TP LinuxTargetPlatform
[2021.01.25-06.57.55:083][  0]LogTemp: Display: Loaded TP LuminTargetPlatform
[2021.01.25-06.57.55:084][  0]LogTargetPlatformManager: Display: Building Assets For Windows
[2021.01.25-06.57.55:251][  0]LogXGEController: Cleaning working directory: C:/Users/Adamk/AppData/Local/Temp/UnrealXGEWorkingDir/
[2021.01.25-06.57.55:251][  0]LogXGEController: Cannot use XGE Controller as Incredibuild is not installed on this machine.
[2021.01.25-06.57.55:251][  0]LogShaderCompilers: Cannot use XGE Shader Compiler as Incredibuild is not installed on this machine.
[2021.01.25-06.57.55:251][  0]LogShaderCompilers: Display: Using Local Shader Compiler.
[2021.01.25-06.57.56:121][  0]LogDerivedDataCache: Display: Max Cache Size: 512 MB
[2021.01.25-06.57.56:227][  0]LogDerivedDataCache: Loaded boot cache 0.11s 71MB C:/Users/Adamk/AppData/Local/UnrealEngine/4.20/DerivedDataCache/Boot.ddc.
[2021.01.25-06.57.56:227][  0]LogDerivedDataCache: Display: Loaded Boot cache: C:/Users/Adamk/AppData/Local/UnrealEngine/4.20/DerivedDataCache/Boot.ddc
[2021.01.25-06.57.56:228][  0]LogDerivedDataCache: FDerivedDataBackendGraph:  Pak pak cache file ../../../../../../Users/Adamk/OneDrive/Dokumenty/Unreal Projects/MyProject/DerivedDataCache/DDC.ddp not found, will not use a pak cache.
[2021.01.25-06.57.56:228][  0]LogDerivedDataCache: Unable to find inner node Pak for hierarchical cache Hierarchy.
[2021.01.25-06.57.56:228][  0]LogDerivedDataCache: FDerivedDataBackendGraph:  CompressedPak pak cache file ../../../../../../Users/Adamk/OneDrive/Dokumenty/Unreal Projects/MyProject/DerivedDataCache/Compressed.ddp not found, will not use a pak cache.
[2021.01.25-06.57.56:228][  0]LogDerivedDataCache: Unable to find inner node CompressedPak for hierarchical cache Hierarchy.
[2021.01.25-06.57.56:243][  0]LogDerivedDataCache: Display: Pak cache opened for reading ../../../Engine/DerivedDataCache/Compressed.ddp.
[2021.01.25-06.57.56:256][  0]LogDerivedDataCache: Using Local data cache path C:/Users/Adamk/AppData/Local/UnrealEngine/Common/DerivedDataCache: Writable
[2021.01.25-06.57.56:256][  0]LogDerivedDataCache: Shared data cache path not found in *engine.ini, will not use an Shared cache.
[2021.01.25-06.57.56:256][  0]LogDerivedDataCache: Unable to find inner node Shared for hierarchical cache Hierarchy.
[2021.01.25-06.57.56:272][  0]LogMaterial: Verifying Global Shaders for PCD3D_SM5
[2021.01.25-06.57.56:276][  0]LogSlate: Using FreeType 2.6.0
[2021.01.25-06.57.56:279][  0]LogSlate: SlateFontServices - WITH_FREETYPE: 1, WITH_HARFBUZZ: 1
[2021.01.25-06.57.56:411][  0]LogAssetRegistry: FAssetRegistry took 0.0277 seconds to start up
[2021.01.25-06.57.56:727][  0]LogInit: Selected Device Profile: [Windows]
[2021.01.25-06.57.56:956][  0]LogSimplygon: Simplygon DLL not present - disabling.
[2021.01.25-06.57.56:979][  0]LogMeshReduction: Using SimplygonSwarm for distributed automatic mesh merging
[2021.01.25-06.57.56:979][  0]LogMeshReduction: Using ProxyLODMeshReduction for automatic mesh merging
[2021.01.25-06.57.56:979][  0]LogMeshReduction: Using QuadricMeshReduction for automatic static mesh reduction
[2021.01.25-06.57.56:979][  0]LogMeshReduction: No automatic skeletal mesh reduction module available
[2021.01.25-06.57.57:007][  0]LogNetVersion: MyProject 1.0.0, NetCL: 4212847, EngineNetVer: 5, GameNetVer: 0 (Checksum: 1110078900)
[2021.01.25-06.57.57:605][  0]LogPackageLocalizationCache: Processed 11 localized package path(s) for 2 prioritized culture(s) in 0.066472 seconds
[2021.01.25-06.57.57:609][  0]LogUObjectArray: 38425 objects as part of root set at end of initial load.
[2021.01.25-06.57.57:609][  0]LogUObjectAllocator: 6690872 out of 0 bytes used by permanent object pool.
[2021.01.25-06.57.57:609][  0]LogUObjectArray: CloseDisregardForGC: 0/0 objects in disregard for GC pool
[2021.01.25-06.57.59:167][  0]LogTcpMessaging: Initializing TcpMessaging bridge
[2021.01.25-06.57.59:185][  0]LogUdpMessaging: Initializing bridge on interface 0.0.0.0:0 to multicast group 230.0.0.1:6666.
[2021.01.25-06.57.59:423][  0]SourceControl: Source control is disabled
[2021.01.25-06.57.59:424][  0]SourceControl: Source control is disabled
[2021.01.25-06.57.59:437][  0]SourceControl: Source control is disabled
[2021.01.25-06.57.59:443][  0]SourceControl: Source control is disabled
[2021.01.25-06.57.59:789][  0]LogAndroidPermission: UAndroidPermissionCallbackProxy::GetInstance
[2021.01.25-06.57.59:861][  0]LogOcInput: OculusInput pre-init called
[2021.01.25-06.57.59:950][  0]LogEngine: Initializing Engine...
[2021.01.25-06.57.59:952][  0]LogHMD: Failed to initialize OpenVR with code 110
[2021.01.25-06.57.59:954][  0]LogStats: UGameplayTagsManager::ConstructGameplayTagTree: ImportINI prefixes -  0.000 s
[2021.01.25-06.57.59:954][  0]LogStats: UGameplayTagsManager::ConstructGameplayTagTree: Construct from data asset -  0.000 s
[2021.01.25-06.57.59:954][  0]LogStats: UGameplayTagsManager::ConstructGameplayTagTree: ImportINI -  0.000 s
[2021.01.25-06.57.59:954][  0]LogStats: UGameplayTagsManager::ConstructGameplayTagTree: GameplayTagTreeChangedEvent.Broadcast -  0.000 s
[2021.01.25-06.58.00:143][  0]LogInit: Initializing FReadOnlyCVARCache
[2021.01.25-06.58.00:171][  0]LogAIModule: Creating AISystem for world Untitled
[2021.01.25-06.58.00:196][  0]LogInit: XAudio2 using 'Głośniki (Realtek(R) Audio)' : 2 channels at 48 kHz using 32 bits per sample (channel mask 0x3)
[2021.01.25-06.58.00:228][  0]LogInit: FAudioDevice initialized.
[2021.01.25-06.58.00:228][  0]LogNetVersion: Set ProjectVersion to 1.0.0.0. Version Checksum will be recalculated on next use.
[2021.01.25-06.58.00:260][  0]LogDerivedDataCache: Saved boot cache 0.03s 71MB C:/Users/Adamk/AppData/Local/UnrealEngine/4.20/DerivedDataCache/Boot.ddc.
[2021.01.25-06.58.00:266][  0]LogInit: Texture streaming: Enabled
[2021.01.25-06.58.00:292][  0]LogEngineSessionManager: EngineSessionManager initialized
[2021.01.25-06.58.00:306][  0]LogInit: Transaction tracking system initialized
[2021.01.25-06.58.00:355][  0]BlueprintLog: New page: Editor Load
[2021.01.25-06.58.00:564][  0]LocalizationService: Localization service is disabled
[2021.01.25-06.58.00:911][  0]LogCook: Display: Max memory allowance for cook 16384mb min free memory 0mb
[2021.01.25-06.58.00:912][  0]LogCook: Display: Mobile HDR setting 1
[2021.01.25-06.58.00:912][  0]LogGameplayTags: Display: UGameplayTagsManager::DoneAddingNativeTags. DelegateIsBound: 0
[2021.01.25-06.58.00:912][  0]LogStats: UGameplayTagsManager::ConstructGameplayTagTree: ImportINI prefixes -  0.000 s
[2021.01.25-06.58.00:912][  0]LogStats: UGameplayTagsManager::ConstructGameplayTagTree: Construct from data asset -  0.000 s
[2021.01.25-06.58.00:912][  0]LogStats: UGameplayTagsManager::ConstructGameplayTagTree: ImportINI -  0.000 s
[2021.01.25-06.58.00:912][  0]LogStats: UGameplayTagsManager::ConstructGameplayTagTree: GameplayTagTreeChangedEvent.Broadcast -  0.000 s
[2021.01.25-06.58.01:173][  0]LogFileCache: Scanning file cache for directory 'C:/Users/Adamk/OneDrive/Dokumenty/Unreal Projects/MyProject/Content/' took 0.01s
[2021.01.25-06.58.01:173][  0]SourceControl: Source control is disabled
[2021.01.25-06.58.01:174][  0]Cmd: MAP LOAD FILE="../../../../../../Users/Adamk/OneDrive/Dokumenty/Unreal Projects/MyProject/Content/MazeGameAK.umap" TEMPLATE=0 SHOWPROGRESS=1 FEATURELEVEL=3
[2021.01.25-06.58.01:175][  0]LightingResults: New page: Lighting Build
[2021.01.25-06.58.01:182][  0]MapCheck: New page: Map Check
[2021.01.25-06.58.01:182][  0]LightingResults: New page: Lighting Build
[2021.01.25-06.58.01:502][  0]LogAIModule: Creating AISystem for world MazeGameAK
[2021.01.25-06.58.01:515][  0]LogEditorServer: Finished looking for orphan Actors (0.000 secs)
[2021.01.25-06.58.01:541][  0]Cmd: MAP CHECKDEP NOCLEARLOG
[2021.01.25-06.58.01:612][  0]MapCheck: Map check complete: 0 Error(s), 0 Warning(s), took 72,283ms to complete.
[2021.01.25-06.58.01:612][  0]LogFileHelpers: Loading map 'MazeGameAK' took 0.439
[2021.01.25-06.58.01:732][  0]LogSlate: Updating window title bar state: overlay mode, drag disabled, window buttons hidden, title bar hidden
[2021.01.25-06.58.01:738][  0]LogSlate: Updating window title bar state: overlay mode, drag disabled, window buttons hidden, title bar hidden
[2021.01.25-06.58.01:743][  0]LogSlate: Updating window title bar state: overlay mode, drag disabled, window buttons hidden, title bar hidden
[2021.01.25-06.58.01:749][  0]LogSlate: Updating window title bar state: overlay mode, drag disabled, window buttons hidden, title bar hidden
[2021.01.25-06.58.01:766][  0]LogCollectionManager: Loaded 0 collections in 0.001393 seconds
[2021.01.25-06.58.01:816][  0]LogFileCache: Scanning file cache for directory 'C:/Users/Adamk/OneDrive/Dokumenty/Unreal Projects/MyProject/Saved/Collections/' took 0.01s
[2021.01.25-06.58.01:816][  0]LogFileCache: Scanning file cache for directory 'C:/Users/Adamk/OneDrive/Dokumenty/Unreal Projects/MyProject/Content/Developers/Adamk/Collections/' took 0.01s
[2021.01.25-06.58.01:816][  0]LogFileCache: Scanning file cache for directory 'C:/Users/Adamk/OneDrive/Dokumenty/Unreal Projects/MyProject/Content/Collections/' took 0.01s
[2021.01.25-06.58.01:816][  0]LogCollectionManager: Rebuilt the GUID cache for 0 collections in 0.000000 seconds
[2021.01.25-06.58.01:826][  0]LogContentBrowser: Native class hierarchy populated in 0.0089 seconds. Added 2572 classes and 603 folders.
[2021.01.25-06.58.01:835][  0]LogContentBrowser: Native class hierarchy updated for 'WidgetCarousel' in 0.0002 seconds. Added 0 classes and 0 folders.
[2021.01.25-06.58.01:957][  0]LogContentBrowser: Native class hierarchy updated for 'AddContentDialog' in 0.0002 seconds. Added 0 classes and 0 folders.
[2021.01.25-06.58.01:971][  0]LogContentBrowser: Native class hierarchy updated for 'SceneOutliner' in 0.0002 seconds. Added 1 classes and 2 folders.
[2021.01.25-06.58.02:106][  0]LogSlate: Took 0.000986 seconds to synchronously load lazily loaded font '../../../Engine/Content/Slate/Fonts/Roboto-Regular.ttf' (155K)
[2021.01.25-06.58.02:109][  0]LogSlate: Took 0.001116 seconds to synchronously load lazily loaded font '../../../Engine/Content/Slate/Fonts/Roboto-Bold.ttf' (160K)
[2021.01.25-06.58.02:115][  0]LogSlate: Took 0.001612 seconds to synchronously load lazily loaded font '../../../Engine/Content/Editor/Slate/Fonts/FontAwesome.ttf' (139K)
[2021.01.25-06.58.02:191][  0]LogRenderer: Reallocating scene render targets to support 1128x652 Format 10 NumSamples 1 (Frame:1).
[2021.01.25-06.58.02:253][  0]LogSlate: Took 0.001273 seconds to synchronously load lazily loaded font '../../../Engine/Content/Slate/Fonts/Roboto-Light.ttf' (167K)
[2021.01.25-06.58.02:345][  0]LogContentBrowser: Native class hierarchy updated for 'HierarchicalLODOutliner' in 0.0002 seconds. Added 0 classes and 0 folders.
[2021.01.25-06.58.02:345][  0]LogLoad: (Engine Initialization) Total time: 12.83 seconds
[2021.01.25-06.58.02:345][  0]LogLoad: (Engine Initialization) Total Blueprint compile time: 0.00 seconds
[2021.01.25-06.58.02:380][  0]LogContentStreaming: Texture pool size now 1000 MB
[2021.01.25-06.58.02:450][  1]LogAssetRegistry: Asset discovery search completed in 6.0613 seconds
[2021.01.25-06.58.02:451][  1]LogCollectionManager: Rebuilt the object cache for 0 collections in 0.000000 seconds (found 0 objects)
[2021.01.25-06.58.02:451][  1]LogCollectionManager: Fixed up redirectors for 0 collections in 0.000060 seconds (updated 0 objects)
[2021.01.25-06.58.27:602][  2]LogSlate: FSceneViewport::OnFocusLost() reason 0
[2021.01.25-06.58.52:875][814]LogEditorViewport: Clicking on Actor (LMB): StaticMeshActor (Cylinder)
[2021.01.25-06.59.04:231][163]LogEditorViewport: Clicking on Actor (LMB): StaticMeshActor (Maze02)
[2021.01.25-06.59.04:888][237]LogEditorViewport: Clicking on Actor (context menu): StaticMeshActor (Maze02)
[2021.01.25-06.59.04:909][237]LogSlate: FSceneViewport::OnFocusLost() reason 2
[2021.01.25-06.59.22:277][311]LogEditorViewport: Clicking on Actor (LMB): StaticMeshActor (Cylinder)
[2021.01.25-06.59.24:346][555]Cmd: DELETE
[2021.01.25-06.59.24:346][555]Cmd: ACTOR DELETE
[2021.01.25-06.59.24:352][555]LogEditorActor: Deleted Actor: StaticMeshActor
[2021.01.25-06.59.24:374][555]LogEditorActor: Deleted 1 Actors (0.027 secs)
[2021.01.25-06.59.25:506][691]Cmd: POLY SELECT MEMORY UNION
[2021.01.25-06.59.29:116][124]LogSlate: FSceneViewport::OnFocusLost() reason 0
[2021.01.25-06.59.31:588][417]Cmd: BRUSH ADD SELECTNEWBRUSH
[2021.01.25-06.59.46:534][178]LogSlate: FSceneViewport::OnFocusLost() reason 0
[2021.01.25-07.00.25:368][765]LogSlate: Took 0.000172 seconds to synchronously load lazily loaded font '../../../Engine/Content/Slate/Fonts/Roboto-Light.ttf' (167K)
[2021.01.25-07.00.25:370][765]LogSlate: FSceneViewport::OnFocusLost() reason 2
[2021.01.25-07.00.25:400][765]LogSlate: FSceneViewport::OnFocusLost() reason 2
[2021.01.25-07.00.45:779][203]LogSlate: FSceneViewport::OnFocusLost() reason 0
[2021.01.25-07.01.25:275][917]Cmd: DELETE
[2021.01.25-07.01.25:277][917]Cmd: ACTOR DELETE
[2021.01.25-07.01.25:279][917]LogEditorActor: Deleted Actor: Brush
[2021.01.25-07.01.25:302][917]LogEditorActor: Deleted 1 Actors (0.024 secs)
[2021.01.25-07.01.26:618][ 75]LogEditorViewport: Clicking on Actor (LMB): StaticMeshActor (Maze02)
[2021.01.25-07.01.34:387][992]LogSlate: FSceneViewport::OnFocusLost() reason 0
[2021.01.25-07.01.34:480][  2]LogMaterial: Display: Missing cached shader map for material LayerVisMaterial, compiling. 
[2021.01.25-07.01.34:503][  2]LogShaderCompilers: Display: Shaders left to compile 8
[2021.01.25-07.01.34:504][  2]LogMaterial: Display: Missing cached shader map for material SelectBrushMaterial, compiling. 
[2021.01.25-07.01.34:524][  2]LogShaderCompilers: Display: Shaders left to compile 20
[2021.01.25-07.01.34:524][  2]LogShaderCompilers: Display: Shaders left to compile 10
[2021.01.25-07.01.34:524][  2]LogMaterial: Display: Missing cached shader map for material SelectBrushMaterial, compiling. 
[2021.01.25-07.01.34:547][  2]LogShaderCompilers: Display: Shaders left to compile 20
[2021.01.25-07.01.34:547][  2]LogShaderCompilers: Display: Shaders left to compile 10
[2021.01.25-07.01.34:547][  2]LogMaterial: Display: Missing cached shader map for material MaskBrushMaterial, compiling. 
[2021.01.25-07.01.34:581][  2]LogShaderCompilers: Display: Shaders left to compile 20
[2021.01.25-07.01.34:581][  2]LogShaderCompilers: Display: Shaders left to compile 10
[2021.01.25-07.01.34:581][  2]LogMaterial: Display: Missing cached shader map for material LandscapeLayerUsageMaterial, compiling. 
[2021.01.25-07.01.34:631][  2]LogShaderCompilers: Display: Shaders left to compile 8
[2021.01.25-07.01.34:631][  2]LogMaterial: Display: Missing cached shader map for material CircleBrushMaterial, compiling. 
[2021.01.25-07.01.34:647][  2]LogMaterial: Display: Missing cached shader map for material CircleBrushMaterial, compiling. 
[2021.01.25-07.01.34:661][  2]LogMaterial: Display: Missing cached shader map for material CircleBrushMaterial, compiling. 
[2021.01.25-07.01.34:675][  2]LogMaterial: Display: Missing cached shader map for material CircleBrushMaterial, compiling. 
[2021.01.25-07.01.34:694][  2]LogMaterial: Display: Missing cached shader map for material AlphaBrushMaterial, compiling. 
[2021.01.25-07.01.34:709][  2]LogMaterial: Display: Missing cached shader map for material CircleBrushMaterial, compiling. 
[2021.01.25-07.01.34:725][  2]LogMaterial: Display: Missing cached shader map for material MaskBrushMaterial, compiling. 
[2021.01.25-07.01.34:738][  2]LogTexture: Display: Building textures: Texture2D_2 (G8, 128X128)
[2021.01.25-07.01.36:828][211]LogShaderCompilers: Display: Shaders left to compile 140
[2021.01.25-07.01.36:920][221]LogShaderCompilers: Display: Shaders left to compile 130
[2021.01.25-07.01.37:555][286]LogShaderCompilers: Display: Shaders left to compile 120
[2021.01.25-07.01.37:596][290]LogShaderCompilers: Display: Shaders left to compile 110
[2021.01.25-07.01.37:735][305]LogShaderCompilers: Display: Shaders left to compile 100
[2021.01.25-07.01.37:749][306]LogShaderCompilers: Display: Shaders left to compile 90
[2021.01.25-07.01.37:767][307]LogShaderCompilers: Display: Shaders left to compile 80
[2021.01.25-07.01.37:767][307]LogShaderCompilers: Display: Shaders left to compile 70
[2021.01.25-07.01.39:358][475]LogShaderCompilers: Display: Shaders left to compile 60
[2021.01.25-07.01.39:375][477]LogShaderCompilers: Display: Shaders left to compile 50
[2021.01.25-07.01.40:020][548]LogShaderCompilers: Display: Shaders left to compile 40
[2021.01.25-07.01.40:034][550]LogShaderCompilers: Display: Shaders left to compile 30
[2021.01.25-07.01.40:281][573]LogShaderCompilers: Display: Shaders left to compile 20
[2021.01.25-07.01.40:305][575]LogShaderCompilers: Display: Shaders left to compile 10
[2021.01.25-07.01.59:210][824]LogSlate: FSceneViewport::OnFocusLost() reason 0
[2021.01.25-07.01.59:351][840]LogActorFactory: Actor Factory created Cube
[2021.01.25-07.02.00:657][995]LogActorFactory: Actor Factory created Cube
[2021.01.25-07.02.05:090][509]Cmd: DELETE
[2021.01.25-07.02.05:090][509]Cmd: ACTOR DELETE
[2021.01.25-07.02.05:092][509]LogEditorActor: Deleted Actor: StaticMeshActor
[2021.01.25-07.02.05:114][509]LogEditorActor: Deleted 1 Actors (0.023 secs)
[2021.01.25-07.02.06:912][725]LogSlate: FSceneViewport::OnFocusLost() reason 0
[2021.01.25-07.02.09:560][ 40]Cmd: BRUSH ADD SELECTNEWBRUSH
[2021.01.25-07.02.19:475][212]LogSlate: FSceneViewport::OnFocusLost() reason 0
[2021.01.25-07.02.32:999][803]LogSlate: FSceneViewport::OnFocusLost() reason 0
[2021.01.25-07.02.34:912][898]LogSlate: Window 'Extrude Coordinates Mode Warning' being destroyed
[2021.01.25-07.02.40:633][577]Cmd: TRANSACTION UNDO
[2021.01.25-07.02.40:633][577]LogEditorTransaction: Undo Move Actors
[2021.01.25-07.02.40:637][577]LogGeometryMode: Warning: Unable to find 1 Poly(s) in new BSP
[2021.01.25-07.02.40:637][577]LogGeometryMode: Warning: Unable to resolve BoxBrush Brush in new BSP, see above
[2021.01.25-07.02.40:637][577]LogGeometryMode: Warning: Unable to find all previously selected geometry data, resetting selection
[2021.01.25-07.02.40:647][577]Cmd: EDIT CUT
[2021.01.25-07.02.40:653][577]LogEditorActor: Deleted Actor: Brush
[2021.01.25-07.02.40:676][577]LogEditorActor: Deleted 1 Actors (0.025 secs)
[2021.01.25-07.02.42:864][838]Cmd: TRANSACTION UNDO
[2021.01.25-07.02.42:865][838]LogEditorTransaction: Undo Cut
[2021.01.25-07.02.43:531][915]Cmd: TRANSACTION UNDO
[2021.01.25-07.02.43:531][915]LogEditorTransaction: Undo Modifier [Extrude]
[2021.01.25-07.02.46:736][297]LogSlate: FSceneViewport::OnFocusLost() reason 0
[2021.01.25-07.03.11:104][153]LogSlate: FSceneViewport::OnFocusLost() reason 0
[2021.01.25-07.03.35:901][989]Cmd: TRANSACTION UNDO
[2021.01.25-07.03.35:901][989]LogEditorTransaction: Undo Rotate Actors
[2021.01.25-07.03.38:527][275]Cmd: TRANSACTION UNDO
[2021.01.25-07.03.38:527][275]LogEditorTransaction: Undo Rotate Actors
[2021.01.25-07.03.42:688][745]LogEditorViewport: Clicking on Actor (double click): Brush (Box Brush)
[2021.01.25-07.03.47:162][273]Cmd: TRANSACTION UNDO
[2021.01.25-07.03.47:162][273]LogEditorTransaction: Undo Rotate Actors
[2021.01.25-07.03.59:796][740]Cmd: TRANSACTION UNDO
[2021.01.25-07.03.59:796][740]LogEditorTransaction: Undo Move Actors
[2021.01.25-07.03.59:800][740]LogGeometryMode: Warning: Unable to find 1 Poly(s) in new BSP
[2021.01.25-07.03.59:800][740]LogGeometryMode: Warning: Unable to resolve BoxBrush Brush in new BSP, see above
[2021.01.25-07.03.59:800][740]LogGeometryMode: Warning: Unable to find all previously selected geometry data, resetting selection
[2021.01.25-07.04.04:335][274]LogEditorViewport: Clicking on Actor (LMB): StaticMeshActor (Maze02)
[2021.01.25-07.04.18:748][981]LogSlate: FSceneViewport::OnFocusLost() reason 0
[2021.01.25-07.04.19:659][ 89]LogEditorViewport: Clicking on Actor (LMB): Brush (Box Brush)
[2021.01.25-07.04.21:743][336]LogSlate: FSceneViewport::OnFocusLost() reason 0
[2021.01.25-07.04.26:550][909]LogSlate: Window 'Select Path' being destroyed
[2021.01.25-07.04.26:577][909]LogStaticMesh: Building static mesh Box_Brush_StaticMesh...
[2021.01.25-07.04.26:584][909]LogStaticMesh: Built static mesh [0.01s] /Game/Box_Brush_StaticMesh.Box_Brush_StaticMesh
[2021.01.25-07.04.26:588][909]LogActorFactory: Actor Factory created Box_Brush_StaticMesh
[2021.01.25-07.04.26:607][909]LogEditor: Error: Actor 'Brush /Game/MazeGameAK.MazeGameAK:PersistentLevel.BoxBrush' is marked pending kill and cannot be converted
[2021.01.25-07.04.26:607][909]EditorErrors: New page: Actor Reattachment
[2021.01.25-07.04.30:425][358]LogSlate: FSceneViewport::OnFocusLost() reason 0
[2021.01.25-07.04.46:189][193]LogEditorViewport: Clicking on Actor (LMB): BP_Sky_Sphere_C (Sky Sphere)
[2021.01.25-07.04.50:831][720]LogSlate: FSceneViewport::OnFocusLost() reason 0
[2021.01.25-07.04.50:906][728]LogActorFactory: Actor Factory created Cylinder
[2021.01.25-07.04.51:987][857]LogActorFactory: Actor Factory created Cylinder
[2021.01.25-07.05.08:437][758]LogSlate: FSceneViewport::OnFocusLost() reason 0
[2021.01.25-07.05.20:487][159]LogSlate: FSceneViewport::OnFocusLost() reason 0
[2021.01.25-07.05.22:884][432]LogEditorViewport: Clicking on Actor (LMB): BP_Sky_Sphere_C (Sky Sphere)
[2021.01.25-07.05.53:174][193]LogSlate: FSceneViewport::OnFocusLost() reason 2
[2021.01.25-07.05.55:484][450]LogTemp: Repeating last play command: Selected Viewport
[2021.01.25-07.05.55:492][450]LogBlueprintUserMessages: Early PlayInEditor Detection: Level '/Game/MazeGameAK.MazeGameAK:PersistentLevel' has LevelScriptBlueprint '/Game/MazeGameAK.MazeGameAK:PersistentLevel.MazeGameAK' with GeneratedClass '/Game/MazeGameAK.MazeGameAK_C' with ClassGeneratedBy '/Game/MazeGameAK.MazeGameAK:PersistentLevel.MazeGameAK'
[2021.01.25-07.05.55:492][450]LogPlayLevel: PlayLevel: No blueprints needed recompiling
[2021.01.25-07.05.55:506][450]PIE: New page: PIE session: MazeGameAK (25 sty 2021, 09:05:55)
[2021.01.25-07.05.55:506][450]LogPlayLevel: Creating play world package: /Game/UEDPIE_0_MazeGameAK
[2021.01.25-07.05.55:509][450]LogPlayLevel: PIE: StaticDuplicateObject took: (0.002282s)
[2021.01.25-07.05.55:509][450]LogAIModule: Creating AISystem for world MazeGameAK
[2021.01.25-07.05.55:510][450]LogPlayLevel: PIE: World Init took: (0.000765s)
[2021.01.25-07.05.55:510][450]LogPlayLevel: PIE: Created PIE world by copying editor world from /Game/MazeGameAK.MazeGameAK to /Game/UEDPIE_0_MazeGameAK.MazeGameAK (0.003275s)
[2021.01.25-07.05.55:536][450]LogInit: XAudio2 using 'Głośniki (Realtek(R) Audio)' : 2 channels at 48 kHz using 32 bits per sample (channel mask 0x3)
[2021.01.25-07.05.55:555][450]LogInit: FAudioDevice initialized.
[2021.01.25-07.05.55:597][450]LogLoad: Game class is 'GameModeBase'
[2021.01.25-07.05.55:599][450]LogWorld: Bringing World /Game/UEDPIE_0_MazeGameAK.MazeGameAK up for play (max tick rate 0) at 2021.01.25-08.05.55
[2021.01.25-07.05.55:599][450]LogWorld: Bringing up level for play took: 0.000551
[2021.01.25-07.05.55:616][450]LogContentBrowser: Native class hierarchy updated for 'MovieSceneCapture' in 0.0003 seconds. Added 10 classes and 0 folders.
[2021.01.25-07.05.55:618][450]PIE: Play in editor start time for /Game/UEDPIE_0_MazeGameAK 0,809
[2021.01.25-07.05.55:618][450]LogBlueprintUserMessages: Late PlayInEditor Detection: Level '/Game/MazeGameAK.MazeGameAK:PersistentLevel' has LevelScriptBlueprint '/Game/MazeGameAK.MazeGameAK:PersistentLevel.MazeGameAK' with GeneratedClass '/Game/MazeGameAK.MazeGameAK_C' with ClassGeneratedBy '/Game/MazeGameAK.MazeGameAK:PersistentLevel.MazeGameAK'
[2021.01.25-07.05.59:395][901]LogBlueprintUserMessages: Early EndPlayMap Detection: Level '/Game/MazeGameAK.MazeGameAK:PersistentLevel' has LevelScriptBlueprint '/Game/MazeGameAK.MazeGameAK:PersistentLevel.MazeGameAK' with GeneratedClass '/Game/MazeGameAK.MazeGameAK_C' with ClassGeneratedBy '/Game/MazeGameAK.MazeGameAK:PersistentLevel.MazeGameAK'
[2021.01.25-07.05.59:395][901]LogSlate: Updating window title bar state: overlay mode, drag disabled, window buttons hidden, title bar hidden
[2021.01.25-07.05.59:427][901]LogPlayLevel: Display: Shutting down PIE online subsystems
[2021.01.25-07.05.59:427][901]LogBlueprintUserMessages: Late EndPlayMap Detection: Level '/Game/MazeGameAK.MazeGameAK:PersistentLevel' has LevelScriptBlueprint '/Game/MazeGameAK.MazeGameAK:PersistentLevel.MazeGameAK' with GeneratedClass '/Game/MazeGameAK.MazeGameAK_C' with ClassGeneratedBy '/Game/MazeGameAK.MazeGameAK:PersistentLevel.MazeGameAK'
[2021.01.25-07.05.59:451][901]LogSlate: Updating window title bar state: overlay mode, drag disabled, window buttons hidden, title bar hidden
[2021.01.25-07.05.59:500][905]LogPlayLevel: Display: Destroying online subsystem :Context_3
[2021.01.25-07.06.01:632][156]LogEditorViewport: Clicking on Actor (LMB): StaticMeshActor (Cylinder)
[2021.01.25-07.06.05:294][578]LogEditorViewport: Clicking on Actor (context menu): StaticMeshActor (Maze02)
[2021.01.25-07.06.05:327][578]LogSlate: FSceneViewport::OnFocusLost() reason 2
[2021.01.25-07.06.24:699][884]LogSlate: Took 0.001877 seconds to synchronously load lazily loaded font '../../../Engine/Content/Slate/Fonts/Roboto-Italic.ttf' (157K)
[2021.01.25-07.06.27:220][186]EditorErrors: New page: Actor attachment
[2021.01.25-07.06.29:482][454]EditorErrors: New page: Actor attachment
[2021.01.25-07.06.30:327][555]LogEditorViewport: Clicking on Actor (LMB): BP_Sky_Sphere_C (Sky Sphere)
[2021.01.25-07.06.30:913][622]LogSlate: FSceneViewport::OnFocusLost() reason 0
[2021.01.25-07.06.30:997][632]LogTemp: Repeating last play command: Selected Viewport
[2021.01.25-07.06.31:006][632]LogBlueprintUserMessages: Early PlayInEditor Detection: Level '/Game/MazeGameAK.MazeGameAK:PersistentLevel' has LevelScriptBlueprint '/Game/MazeGameAK.MazeGameAK:PersistentLevel.MazeGameAK' with GeneratedClass '/Game/MazeGameAK.MazeGameAK_C' with ClassGeneratedBy '/Game/MazeGameAK.MazeGameAK:PersistentLevel.MazeGameAK'
[2021.01.25-07.06.31:006][632]LogPlayLevel: PlayLevel: No blueprints needed recompiling
[2021.01.25-07.06.31:006][632]PIE: New page: PIE session: MazeGameAK (25 sty 2021, 09:06:31)
[2021.01.25-07.06.31:006][632]LogPlayLevel: Creating play world package: /Game/UEDPIE_0_MazeGameAK
[2021.01.25-07.06.31:008][632]LogPlayLevel: PIE: StaticDuplicateObject took: (0.001987s)
[2021.01.25-07.06.31:009][632]LogAIModule: Creating AISystem for world MazeGameAK
[2021.01.25-07.06.31:009][632]LogPlayLevel: PIE: World Init took: (0.000621s)
[2021.01.25-07.06.31:009][632]LogPlayLevel: PIE: Created PIE world by copying editor world from /Game/MazeGameAK.MazeGameAK to /Game/UEDPIE_0_MazeGameAK.MazeGameAK (0.002720s)
[2021.01.25-07.06.31:034][632]LogInit: XAudio2 using 'Głośniki (Realtek(R) Audio)' : 2 channels at 48 kHz using 32 bits per sample (channel mask 0x3)
[2021.01.25-07.06.31:053][632]LogInit: FAudioDevice initialized.
[2021.01.25-07.06.31:082][632]LogLoad: Game class is 'GameModeBase'
[2021.01.25-07.06.31:084][632]LogWorld: Bringing World /Game/UEDPIE_0_MazeGameAK.MazeGameAK up for play (max tick rate 0) at 2021.01.25-08.06.31
[2021.01.25-07.06.31:084][632]LogWorld: Bringing up level for play took: 0.000536
[2021.01.25-07.06.31:095][632]PIE: Play in editor start time for /Game/UEDPIE_0_MazeGameAK 0,288
[2021.01.25-07.06.31:096][632]LogBlueprintUserMessages: Late PlayInEditor Detection: Level '/Game/MazeGameAK.MazeGameAK:PersistentLevel' has LevelScriptBlueprint '/Game/MazeGameAK.MazeGameAK:PersistentLevel.MazeGameAK' with GeneratedClass '/Game/MazeGameAK.MazeGameAK_C' with ClassGeneratedBy '/Game/MazeGameAK.MazeGameAK:PersistentLevel.MazeGameAK'
[2021.01.25-07.06.35:510][160]LogBlueprintUserMessages: Early EndPlayMap Detection: Level '/Game/MazeGameAK.MazeGameAK:PersistentLevel' has LevelScriptBlueprint '/Game/MazeGameAK.MazeGameAK:PersistentLevel.MazeGameAK' with GeneratedClass '/Game/MazeGameAK.MazeGameAK_C' with ClassGeneratedBy '/Game/MazeGameAK.MazeGameAK:PersistentLevel.MazeGameAK'
[2021.01.25-07.06.35:510][160]LogSlate: Updating window title bar state: overlay mode, drag disabled, window buttons hidden, title bar hidden
[2021.01.25-07.06.35:544][160]LogPlayLevel: Display: Shutting down PIE online subsystems
[2021.01.25-07.06.35:544][160]LogBlueprintUserMessages: Late EndPlayMap Detection: Level '/Game/MazeGameAK.MazeGameAK:PersistentLevel' has LevelScriptBlueprint '/Game/MazeGameAK.MazeGameAK:PersistentLevel.MazeGameAK' with GeneratedClass '/Game/MazeGameAK.MazeGameAK_C' with ClassGeneratedBy '/Game/MazeGameAK.MazeGameAK:PersistentLevel.MazeGameAK'
[2021.01.25-07.06.35:568][160]LogSlate: Updating window title bar state: overlay mode, drag disabled, window buttons hidden, title bar hidden
[2021.01.25-07.06.35:615][164]LogPlayLevel: Display: Destroying online subsystem :Context_4
[2021.01.25-07.07.22:601][673]LogSlate: FSceneViewport::OnFocusLost() reason 0
[2021.01.25-07.07.59:002][965]LogSlate: FSceneViewport::OnFocusLost() reason 0
[2021.01.25-07.07.59:905][ 73]EditorErrors: New page: Actor attachment
[2021.01.25-07.08.00:943][197]LogEditorViewport: Clicking on Actor (LMB): BP_Sky_Sphere_C (Sky Sphere)
[2021.01.25-07.08.01:738][289]LogSlate: FSceneViewport::OnFocusLost() reason 0
[2021.01.25-07.08.01:803][297]LogTemp: Repeating last play command: Selected Viewport
[2021.01.25-07.08.01:812][297]LogBlueprintUserMessages: Early PlayInEditor Detection: Level '/Game/MazeGameAK.MazeGameAK:PersistentLevel' has LevelScriptBlueprint '/Game/MazeGameAK.MazeGameAK:PersistentLevel.MazeGameAK' with GeneratedClass '/Game/MazeGameAK.MazeGameAK_C' with ClassGeneratedBy '/Game/MazeGameAK.MazeGameAK:PersistentLevel.MazeGameAK'
[2021.01.25-07.08.01:812][297]LogPlayLevel: PlayLevel: No blueprints needed recompiling
[2021.01.25-07.08.01:812][297]PIE: New page: PIE session: MazeGameAK (25 sty 2021, 09:08:01)
[2021.01.25-07.08.01:812][297]LogPlayLevel: Creating play world package: /Game/UEDPIE_0_MazeGameAK
[2021.01.25-07.08.01:815][297]LogPlayLevel: PIE: StaticDuplicateObject took: (0.002433s)
[2021.01.25-07.08.01:816][297]LogAIModule: Creating AISystem for world MazeGameAK
[2021.01.25-07.08.01:816][297]LogPlayLevel: PIE: World Init took: (0.000909s)
[2021.01.25-07.08.01:816][297]LogPlayLevel: PIE: Created PIE world by copying editor world from /Game/MazeGameAK.MazeGameAK to /Game/UEDPIE_0_MazeGameAK.MazeGameAK (0.003465s)
[2021.01.25-07.08.01:841][297]LogInit: XAudio2 using 'Głośniki (Realtek(R) Audio)' : 2 channels at 48 kHz using 32 bits per sample (channel mask 0x3)
[2021.01.25-07.08.01:860][297]LogInit: FAudioDevice initialized.
[2021.01.25-07.08.01:888][297]LogLoad: Game class is 'GameModeBase'
[2021.01.25-07.08.01:890][297]LogWorld: Bringing World /Game/UEDPIE_0_MazeGameAK.MazeGameAK up for play (max tick rate 0) at 2021.01.25-08.08.01
[2021.01.25-07.08.01:890][297]LogWorld: Bringing up level for play took: 0.000626
[2021.01.25-07.08.01:903][297]PIE: Play in editor start time for /Game/UEDPIE_0_MazeGameAK -0,905
[2021.01.25-07.08.01:903][297]LogBlueprintUserMessages: Late PlayInEditor Detection: Level '/Game/MazeGameAK.MazeGameAK:PersistentLevel' has LevelScriptBlueprint '/Game/MazeGameAK.MazeGameAK:PersistentLevel.MazeGameAK' with GeneratedClass '/Game/MazeGameAK.MazeGameAK_C' with ClassGeneratedBy '/Game/MazeGameAK.MazeGameAK:PersistentLevel.MazeGameAK'
[2021.01.25-07.08.05:409][716]LogBlueprintUserMessages: Early EndPlayMap Detection: Level '/Game/MazeGameAK.MazeGameAK:PersistentLevel' has LevelScriptBlueprint '/Game/MazeGameAK.MazeGameAK:PersistentLevel.MazeGameAK' with GeneratedClass '/Game/MazeGameAK.MazeGameAK_C' with ClassGeneratedBy '/Game/MazeGameAK.MazeGameAK:PersistentLevel.MazeGameAK'
[2021.01.25-07.08.05:409][716]LogSlate: Updating window title bar state: overlay mode, drag disabled, window buttons hidden, title bar hidden
[2021.01.25-07.08.05:442][716]LogPlayLevel: Display: Shutting down PIE online subsystems
[2021.01.25-07.08.05:442][716]LogBlueprintUserMessages: Late EndPlayMap Detection: Level '/Game/MazeGameAK.MazeGameAK:PersistentLevel' has LevelScriptBlueprint '/Game/MazeGameAK.MazeGameAK:PersistentLevel.MazeGameAK' with GeneratedClass '/Game/MazeGameAK.MazeGameAK_C' with ClassGeneratedBy '/Game/MazeGameAK.MazeGameAK:PersistentLevel.MazeGameAK'
[2021.01.25-07.08.05:465][716]LogSlate: Updating window title bar state: overlay mode, drag disabled, window buttons hidden, title bar hidden
[2021.01.25-07.08.05:513][720]LogPlayLevel: Display: Destroying online subsystem :Context_5
[2021.01.25-07.08.08:687][ 93]LogEditorViewport: Clicking on Actor (LMB): BP_Sky_Sphere_C (Sky Sphere)
[2021.01.25-07.08.09:134][138]LogEditorViewport: Clicking on Actor (LMB): BP_Sky_Sphere_C (Sky Sphere)
[2021.01.25-07.08.09:524][183]LogEditorViewport: Clicking on Actor (LMB): BP_Sky_Sphere_C (Sky Sphere)
[2021.01.25-07.08.10:169][259]LogEditorViewport: Clicking on Actor (LMB): BP_Sky_Sphere_C (Sky Sphere)
[2021.01.25-07.08.11:933][469]LogSlate: FSceneViewport::OnFocusLost() reason 0
[2021.01.25-07.08.43:933][453]LogSavePackage: Moving '../../../../../../Users/Adamk/OneDrive/Dokumenty/Unreal Projects/MyProject/Saved/MazeGameAK_Auto168BF95C14B362AB03ED288B14DB1F6CC.tmp' to '../../../../../../Users/Adamk/OneDrive/Dokumenty/Unreal Projects/MyProject/Saved/Autosaves/Game/MazeGameAK_Auto1.umap'
[2021.01.25-07.08.43:935][453]LogFileHelpers: Editor autosave (incl. sublevels) for '/Game/MazeGameAK' took 0.119
[2021.01.25-07.08.43:935][453]LogFileHelpers: Editor autosave (incl. sublevels) for all levels took 0.119
[2021.01.25-07.08.43:939][453]OBJ SavePackage: Generating thumbnails for [1] asset(s) in package [/Game/Box_Brush_StaticMesh] ([1] browsable assets)...
[2021.01.25-07.08.43:963][453]OBJ SavePackage:     Rendered thumbnail for [StaticMesh /Game/Box_Brush_StaticMesh.Box_Brush_StaticMesh]
[2021.01.25-07.08.43:963][453]OBJ SavePackage: Finished generating thumbnails for package [/Game/Box_Brush_StaticMesh]
[2021.01.25-07.08.43:972][453]LogSavePackage: Moving '../../../../../../Users/Adamk/OneDrive/Dokumenty/Unreal Projects/MyProject/Saved/Box_Brush_StaticMesh_Auto1447F1EC346B78A68D0714A93E9965D7B.tmp' to '../../../../../../Users/Adamk/OneDrive/Dokumenty/Unreal Projects/MyProject/Saved/Autosaves/Game/Box_Brush_StaticMesh_Auto1.uasset'
[2021.01.25-07.08.43:973][453]LogFileHelpers: Auto-saving content packages took 0.035
[2021.01.25-07.16.20:035][548]LogEditorViewport: Clicking on Actor (context menu): BP_Sky_Sphere_C (Sky Sphere)
[2021.01.25-07.16.20:060][548]LogSlate: FSceneViewport::OnFocusLost() reason 2
[2021.01.25-07.16.41:280][ 63]LogAssetEditorManager: Opening Asset editor for LevelScriptBlueprint /Game/MazeGameAK.MazeGameAK:PersistentLevel.MazeGameAK
[2021.01.25-07.16.41:657][ 63]LogContentBrowser: Native class hierarchy updated for 'BlueprintGraph' in 0.0005 seconds. Added 116 classes and 0 folders.
[2021.01.25-07.16.42:203][ 63]LogUObjectGlobals: Warning: Failed to find object 'Object None.No Results found'
[2021.01.25-07.16.42:208][ 63]LogSlate: Took 0.001130 seconds to synchronously load lazily loaded font '../../../Engine/Content/Slate/Fonts/Roboto-BoldCondensed.ttf' (158K)
[2021.01.25-07.19.37:201][732]LogSavePackage: Moving '../../../../../../Users/Adamk/OneDrive/Dokumenty/Unreal Projects/MyProject/Saved/MazeGameAK_Auto2FA4D917B477D1476EE54A3850B46B29D.tmp' to '../../../../../../Users/Adamk/OneDrive/Dokumenty/Unreal Projects/MyProject/Saved/Autosaves/Game/MazeGameAK_Auto2.umap'
[2021.01.25-07.19.37:204][732]LogFileHelpers: Editor autosave (incl. sublevels) for '/Game/MazeGameAK' took 0.152
[2021.01.25-07.19.37:204][732]LogFileHelpers: Editor autosave (incl. sublevels) for all levels took 0.152
[2021.01.25-07.22.17:544][901]LogSlate: FSceneViewport::OnFocusLost() reason 0
[2021.01.25-07.29.37:868][570]LogSavePackage: Moving '../../../../../../Users/Adamk/OneDrive/Dokumenty/Unreal Projects/MyProject/Saved/MazeGameAK_Auto35C8DB2854BFB2B9533CA37B2DDD7EA37.tmp' to '../../../../../../Users/Adamk/OneDrive/Dokumenty/Unreal Projects/MyProject/Saved/Autosaves/Game/MazeGameAK_Auto3.umap'
[2021.01.25-07.29.37:871][570]LogFileHelpers: Editor autosave (incl. sublevels) for '/Game/MazeGameAK' took 0.156
[2021.01.25-07.29.37:871][570]LogFileHelpers: Editor autosave (incl. sublevels) for all levels took 0.156
[2021.01.25-07.48.30:841][415]LogTemp: Repeating last play command: Selected Viewport
[2021.01.25-07.48.30:851][415]LogBlueprintUserMessages: Early PlayInEditor Detection: Level '/Game/MazeGameAK.MazeGameAK:PersistentLevel' has LevelScriptBlueprint '/Game/MazeGameAK.MazeGameAK:PersistentLevel.MazeGameAK' with GeneratedClass '/Game/MazeGameAK.MazeGameAK_C' with ClassGeneratedBy '/Game/MazeGameAK.MazeGameAK:PersistentLevel.MazeGameAK'
[2021.01.25-07.48.30:851][415]BlueprintLog: New page: Pre-Play auto-recompile
[2021.01.25-07.48.30:853][415]LogPlayLevel: [PlayLevel] Compiling MazeGameAK before play...
[2021.01.25-07.48.30:958][415]LogPlayLevel: PlayLevel: Blueprint regeneration took 107 ms (1 blueprints)
[2021.01.25-07.48.30:958][415]PIE: New page: PIE session: MazeGameAK (25 sty 2021, 09:48:30)
[2021.01.25-07.48.30:958][415]LogPlayLevel: Creating play world package: /Game/UEDPIE_0_MazeGameAK
[2021.01.25-07.48.30:961][415]LogPlayLevel: PIE: StaticDuplicateObject took: (0.002450s)
[2021.01.25-07.48.30:961][415]LogAIModule: Creating AISystem for world MazeGameAK
[2021.01.25-07.48.30:962][415]LogPlayLevel: PIE: World Init took: (0.000648s)
[2021.01.25-07.48.30:962][415]LogPlayLevel: PIE: Created PIE world by copying editor world from /Game/MazeGameAK.MazeGameAK to /Game/UEDPIE_0_MazeGameAK.MazeGameAK (0.003283s)
[2021.01.25-07.48.30:991][415]LogInit: XAudio2 using 'Głośniki (Realtek(R) Audio)' : 2 channels at 48 kHz using 32 bits per sample (channel mask 0x3)
[2021.01.25-07.48.31:012][415]LogInit: FAudioDevice initialized.
[2021.01.25-07.48.31:040][415]LogLoad: Game class is 'GameModeBase'
[2021.01.25-07.48.31:042][415]LogWorld: Bringing World /Game/UEDPIE_0_MazeGameAK.MazeGameAK up for play (max tick rate 0) at 2021.01.25-08.48.31
[2021.01.25-07.48.31:042][415]LogWorld: Bringing up level for play took: 0.000623
[2021.01.25-07.48.31:054][415]PIE: Play in editor start time for /Game/UEDPIE_0_MazeGameAK 0,246
[2021.01.25-07.48.31:054][415]LogBlueprintUserMessages: Late PlayInEditor Detection: Level '/Game/MazeGameAK.MazeGameAK:PersistentLevel' has LevelScriptBlueprint '/Game/MazeGameAK.MazeGameAK:PersistentLevel.MazeGameAK' with GeneratedClass '/Game/MazeGameAK.MazeGameAK_C' with ClassGeneratedBy '/Game/MazeGameAK.MazeGameAK:PersistentLevel.MazeGameAK'
[2021.01.25-07.48.58:028][650]LogBlueprintUserMessages: Early EndPlayMap Detection: Level '/Game/MazeGameAK.MazeGameAK:PersistentLevel' has LevelScriptBlueprint '/Game/MazeGameAK.MazeGameAK:PersistentLevel.MazeGameAK' with GeneratedClass '/Game/MazeGameAK.MazeGameAK_C' with ClassGeneratedBy '/Game/MazeGameAK.MazeGameAK:PersistentLevel.MazeGameAK'
[2021.01.25-07.48.58:028][650]LogSlate: Updating window title bar state: overlay mode, drag disabled, window buttons hidden, title bar hidden
[2021.01.25-07.48.58:058][650]LogPlayLevel: Display: Shutting down PIE online subsystems
[2021.01.25-07.48.58:058][650]LogBlueprintUserMessages: Late EndPlayMap Detection: Level '/Game/MazeGameAK.MazeGameAK:PersistentLevel' has LevelScriptBlueprint '/Game/MazeGameAK.MazeGameAK:PersistentLevel.MazeGameAK' with GeneratedClass '/Game/MazeGameAK.MazeGameAK_C' with ClassGeneratedBy '/Game/MazeGameAK.MazeGameAK:PersistentLevel.MazeGameAK'
[2021.01.25-07.48.58:083][650]LogSlate: Updating window title bar state: overlay mode, drag disabled, window buttons hidden, title bar hidden
[2021.01.25-07.48.58:131][654]LogPlayLevel: Display: Destroying online subsystem :Context_7
[2021.01.25-07.49.05:360][520]LogSlate: FSceneViewport::OnFocusLost() reason 0
[2021.01.25-07.50.33:853][219]LogEditorViewport: Clicking on Actor (LMB): StaticMeshActor (Maze02)
[2021.01.25-07.50.34:394][279]LogEditorViewport: Clicking on Actor (LMB): StaticMeshActor (Sphere)
[2021.01.25-07.50.36:599][538]LogSlate: FSceneViewport::OnFocusLost() reason 0
[2021.01.25-07.50.36:683][548]LogTemp: Repeating last play command: Selected Viewport
[2021.01.25-07.50.36:692][548]LogBlueprintUserMessages: Early PlayInEditor Detection: Level '/Game/MazeGameAK.MazeGameAK:PersistentLevel' has LevelScriptBlueprint '/Game/MazeGameAK.MazeGameAK:PersistentLevel.MazeGameAK' with GeneratedClass '/Game/MazeGameAK.MazeGameAK_C' with ClassGeneratedBy '/Game/MazeGameAK.MazeGameAK:PersistentLevel.MazeGameAK'
[2021.01.25-07.50.36:692][548]BlueprintLog: New page: Pre-Play auto-recompile
[2021.01.25-07.50.36:696][548]LogPlayLevel: [PlayLevel] Compiling MazeGameAK before play...
[2021.01.25-07.50.36:700][548]LogBlueprint: Error: [Compiler PersistentLevel.MazeGameAK] The type of  Object  is undetermined.  Connect something to  Cast To Viewport  to imply a specific type.
[2021.01.25-07.50.36:700][548]LogBlueprint: Error: [Compiler PersistentLevel.MazeGameAK] The current value of the ' Object ' pin is invalid: Unsupported type Object Wildcard on pin Object
[2021.01.25-07.50.36:701][548]LogBlueprint: Warning: [Compiler PersistentLevel.MazeGameAK] [3167,19] Compile of PersistentLevel.MazeGameAK failed. 2 Fatal Issue(s) 0 Warning(s) [in 5 ms] (/Game/MazeGameAK.MazeGameAK:PersistentLevel.MazeGameAK)
[2021.01.25-07.50.36:801][548]LogPlayLevel: PlayLevel: Blueprint regeneration took 108 ms (1 blueprints)
[2021.01.25-07.50.36:801][548]BlueprintLog: Blueprint MazeGameAK failed to compile
[2021.01.25-07.50.39:470][548]LogSlate: Window 'Message' being destroyed
[2021.01.25-07.50.42:498][734]Cmd: OBJ SAVEPACKAGE PACKAGE="/Game/MazeGameAK" FILE="../../../../../../Users/Adamk/OneDrive/Dokumenty/Unreal Projects/MyProject/Content/MazeGameAK.umap" SILENT=true AUTOSAVING=false KEEPDIRTY=false
[2021.01.25-07.50.42:533][734]LogBlueprint: Error: [Compiler PersistentLevel.MazeGameAK] The type of  Object  is undetermined.  Connect something to  Cast To Viewport  to imply a specific type.
[2021.01.25-07.50.42:534][734]LogBlueprint: Error: [Compiler PersistentLevel.MazeGameAK] The current value of the ' Object ' pin is invalid: Unsupported type Object Wildcard on pin Object
[2021.01.25-07.50.42:534][734]LogBlueprint: Warning: [Compiler PersistentLevel.MazeGameAK] [3173,02] Compile of PersistentLevel.MazeGameAK failed. 2 Fatal Issue(s) 0 Warning(s) [in 5 ms] (/Game/MazeGameAK.MazeGameAK:PersistentLevel.MazeGameAK)
[2021.01.25-07.50.42:652][734]LogSavePackage: Moving '../../../../../../Users/Adamk/OneDrive/Dokumenty/Unreal Projects/MyProject/Saved/MazeGameAK40D380E14193C7329C665DA4E222EE6E.tmp' to '../../../../../../Users/Adamk/OneDrive/Dokumenty/Unreal Projects/MyProject/Content/MazeGameAK.umap'
[2021.01.25-07.50.42:670][734]LogFileHelpers: Saving map 'MazeGameAK' took 0.263
[2021.01.25-07.51.22:132][433]Cmd: OBJ SAVEPACKAGE PACKAGE="/Game/MazeGameAK" FILE="../../../../../../Users/Adamk/OneDrive/Dokumenty/Unreal Projects/MyProject/Content/MazeGameAK.umap" SILENT=true AUTOSAVING=false KEEPDIRTY=false
[2021.01.25-07.51.22:166][433]LogBlueprint: Error: [Compiler PersistentLevel.MazeGameAK] The type of  Object  is undetermined.  Connect something to  Cast To Viewport  to imply a specific type.
[2021.01.25-07.51.22:166][433]LogBlueprint: Error: [Compiler PersistentLevel.MazeGameAK] The current value of the ' Object ' pin is invalid: Unsupported type Object Wildcard on pin Object
[2021.01.25-07.51.22:167][433]LogBlueprint: Warning: [Compiler PersistentLevel.MazeGameAK] [3212,66] Compile of PersistentLevel.MazeGameAK failed. 2 Fatal Issue(s) 0 Warning(s) [in 5 ms] (/Game/MazeGameAK.MazeGameAK:PersistentLevel.MazeGameAK)
[2021.01.25-07.51.22:278][433]LogSavePackage: Moving '../../../../../../Users/Adamk/OneDrive/Dokumenty/Unreal Projects/MyProject/Saved/MazeGameAKF448F18544DEB2BE3023BAAA5AC2D9AF.tmp' to '../../../../../../Users/Adamk/OneDrive/Dokumenty/Unreal Projects/MyProject/Content/MazeGameAK.umap'
[2021.01.25-07.51.22:294][433]LogFileHelpers: Saving map 'MazeGameAK' took 0.246
[2021.01.25-07.53.43:720][176]LogSlate: Window 'Color Picker' being destroyed
[2021.01.25-07.53.58:611][945]Cmd: OBJ SAVEPACKAGE PACKAGE="/Game/MazeGameAK" FILE="../../../../../../Users/Adamk/OneDrive/Dokumenty/Unreal Projects/MyProject/Content/MazeGameAK.umap" SILENT=true AUTOSAVING=false KEEPDIRTY=false
[2021.01.25-07.53.58:756][945]LogSavePackage: Moving '../../../../../../Users/Adamk/OneDrive/Dokumenty/Unreal Projects/MyProject/Saved/MazeGameAK5115F6C84E4C71C276BE5B92EA278EDA.tmp' to '../../../../../../Users/Adamk/OneDrive/Dokumenty/Unreal Projects/MyProject/Content/MazeGameAK.umap'
[2021.01.25-07.53.58:772][945]LogFileHelpers: Saving map 'MazeGameAK' took 0.247
[2021.01.25-07.54.03:168][470]LogTemp: Repeating last play command: Selected Viewport
[2021.01.25-07.54.03:178][470]LogBlueprintUserMessages: Early PlayInEditor Detection: Level '/Game/MazeGameAK.MazeGameAK:PersistentLevel' has LevelScriptBlueprint '/Game/MazeGameAK.MazeGameAK:PersistentLevel.MazeGameAK' with GeneratedClass '/Game/MazeGameAK.MazeGameAK_C' with ClassGeneratedBy '/Game/MazeGameAK.MazeGameAK:PersistentLevel.MazeGameAK'
[2021.01.25-07.54.03:178][470]LogPlayLevel: PlayLevel: No blueprints needed recompiling
[2021.01.25-07.54.03:178][470]PIE: New page: PIE session: MazeGameAK (25 sty 2021, 09:54:03)
[2021.01.25-07.54.03:178][470]LogPlayLevel: Creating play world package: /Game/UEDPIE_0_MazeGameAK
[2021.01.25-07.54.03:180][470]LogPlayLevel: PIE: StaticDuplicateObject took: (0.002287s)
[2021.01.25-07.54.03:181][470]LogAIModule: Creating AISystem for world MazeGameAK
[2021.01.25-07.54.03:181][470]LogPlayLevel: PIE: World Init took: (0.000620s)
[2021.01.25-07.54.03:181][470]LogPlayLevel: PIE: Created PIE world by copying editor world from /Game/MazeGameAK.MazeGameAK to /Game/UEDPIE_0_MazeGameAK.MazeGameAK (0.003061s)
[2021.01.25-07.54.03:210][470]LogInit: XAudio2 using 'Głośniki (Realtek(R) Audio)' : 2 channels at 48 kHz using 32 bits per sample (channel mask 0x3)
[2021.01.25-07.54.03:231][470]LogInit: FAudioDevice initialized.
[2021.01.25-07.54.03:258][470]LogLoad: Game class is 'GameModeBase'
[2021.01.25-07.54.03:260][470]LogWorld: Bringing World /Game/UEDPIE_0_MazeGameAK.MazeGameAK up for play (max tick rate 0) at 2021.01.25-08.54.03
[2021.01.25-07.54.03:260][470]LogWorld: Bringing up level for play took: 0.000687
[2021.01.25-07.54.03:272][470]PIE: Play in editor start time for /Game/UEDPIE_0_MazeGameAK 0,464
[2021.01.25-07.54.03:272][470]LogBlueprintUserMessages: Late PlayInEditor Detection: Level '/Game/MazeGameAK.MazeGameAK:PersistentLevel' has LevelScriptBlueprint '/Game/MazeGameAK.MazeGameAK:PersistentLevel.MazeGameAK' with GeneratedClass '/Game/MazeGameAK.MazeGameAK_C' with ClassGeneratedBy '/Game/MazeGameAK.MazeGameAK:PersistentLevel.MazeGameAK'
[2021.01.25-07.54.16:211][ 21]LogBlueprintUserMessages: Early EndPlayMap Detection: Level '/Game/MazeGameAK.MazeGameAK:PersistentLevel' has LevelScriptBlueprint '/Game/MazeGameAK.MazeGameAK:PersistentLevel.MazeGameAK' with GeneratedClass '/Game/MazeGameAK.MazeGameAK_C' with ClassGeneratedBy '/Game/MazeGameAK.MazeGameAK:PersistentLevel.MazeGameAK'
[2021.01.25-07.54.16:211][ 21]LogSlate: Updating window title bar state: overlay mode, drag disabled, window buttons hidden, title bar hidden
[2021.01.25-07.54.16:247][ 21]LogPlayLevel: Display: Shutting down PIE online subsystems
[2021.01.25-07.54.16:247][ 21]LogBlueprintUserMessages: Late EndPlayMap Detection: Level '/Game/MazeGameAK.MazeGameAK:PersistentLevel' has LevelScriptBlueprint '/Game/MazeGameAK.MazeGameAK:PersistentLevel.MazeGameAK' with GeneratedClass '/Game/MazeGameAK.MazeGameAK_C' with ClassGeneratedBy '/Game/MazeGameAK.MazeGameAK:PersistentLevel.MazeGameAK'
[2021.01.25-07.54.16:274][ 21]LogSlate: Updating window title bar state: overlay mode, drag disabled, window buttons hidden, title bar hidden
[2021.01.25-07.54.16:313][ 24]LogPlayLevel: Display: Destroying online subsystem :Context_8
[2021.01.25-07.54.20:777][395]LogSlate: FSceneViewport::OnFocusLost() reason 2
[2021.01.25-07.55.17:395][138]LogTemp: Repeating last play command: Selected Viewport
[2021.01.25-07.55.17:405][138]LogBlueprintUserMessages: Early PlayInEditor Detection: Level '/Game/MazeGameAK.MazeGameAK:PersistentLevel' has LevelScriptBlueprint '/Game/MazeGameAK.MazeGameAK:PersistentLevel.MazeGameAK' with GeneratedClass '/Game/MazeGameAK.MazeGameAK_C' with ClassGeneratedBy '/Game/MazeGameAK.MazeGameAK:PersistentLevel.MazeGameAK'
[2021.01.25-07.55.17:405][138]BlueprintLog: New page: Pre-Play auto-recompile
[2021.01.25-07.55.17:408][138]LogPlayLevel: [PlayLevel] Compiling MazeGameAK before play...
[2021.01.25-07.55.17:515][138]LogPlayLevel: PlayLevel: Blueprint regeneration took 109 ms (1 blueprints)
[2021.01.25-07.55.17:515][138]PIE: New page: PIE session: MazeGameAK (25 sty 2021, 09:55:17)
[2021.01.25-07.55.17:515][138]LogPlayLevel: Creating play world package: /Game/UEDPIE_0_MazeGameAK
[2021.01.25-07.55.17:517][138]LogPlayLevel: PIE: StaticDuplicateObject took: (0.002141s)
[2021.01.25-07.55.17:518][138]LogAIModule: Creating AISystem for world MazeGameAK
[2021.01.25-07.55.17:518][138]LogPlayLevel: PIE: World Init took: (0.000756s)
[2021.01.25-07.55.17:518][138]LogPlayLevel: PIE: Created PIE world by copying editor world from /Game/MazeGameAK.MazeGameAK to /Game/UEDPIE_0_MazeGameAK.MazeGameAK (0.003011s)
[2021.01.25-07.55.17:547][138]LogInit: XAudio2 using 'Głośniki (Realtek(R) Audio)' : 2 channels at 48 kHz using 32 bits per sample (channel mask 0x3)
[2021.01.25-07.55.17:566][138]LogInit: FAudioDevice initialized.
[2021.01.25-07.55.17:594][138]LogLoad: Game class is 'GameModeBase'
[2021.01.25-07.55.17:595][138]LogWorld: Bringing World /Game/UEDPIE_0_MazeGameAK.MazeGameAK up for play (max tick rate 0) at 2021.01.25-08.55.17
[2021.01.25-07.55.17:596][138]LogWorld: Bringing up level for play took: 0.000555
[2021.01.25-07.55.17:608][138]PIE: Play in editor start time for /Game/UEDPIE_0_MazeGameAK 0,799
[2021.01.25-07.55.17:608][138]LogBlueprintUserMessages: Late PlayInEditor Detection: Level '/Game/MazeGameAK.MazeGameAK:PersistentLevel' has LevelScriptBlueprint '/Game/MazeGameAK.MazeGameAK:PersistentLevel.MazeGameAK' with GeneratedClass '/Game/MazeGameAK.MazeGameAK_C' with ClassGeneratedBy '/Game/MazeGameAK.MazeGameAK:PersistentLevel.MazeGameAK'
[2021.01.25-07.55.24:230][931]LogBlueprintUserMessages: Early EndPlayMap Detection: Level '/Game/MazeGameAK.MazeGameAK:PersistentLevel' has LevelScriptBlueprint '/Game/MazeGameAK.MazeGameAK:PersistentLevel.MazeGameAK' with GeneratedClass '/Game/MazeGameAK.MazeGameAK_C' with ClassGeneratedBy '/Game/MazeGameAK.MazeGameAK:PersistentLevel.MazeGameAK'
[2021.01.25-07.55.24:230][931]LogSlate: Updating window title bar state: overlay mode, drag disabled, window buttons hidden, title bar hidden
[2021.01.25-07.55.24:262][931]LogPlayLevel: Display: Shutting down PIE online subsystems
[2021.01.25-07.55.24:262][931]LogBlueprintUserMessages: Late EndPlayMap Detection: Level '/Game/MazeGameAK.MazeGameAK:PersistentLevel' has LevelScriptBlueprint '/Game/MazeGameAK.MazeGameAK:PersistentLevel.MazeGameAK' with GeneratedClass '/Game/MazeGameAK.MazeGameAK_C' with ClassGeneratedBy '/Game/MazeGameAK.MazeGameAK:PersistentLevel.MazeGameAK'
[2021.01.25-07.55.24:288][931]LogSlate: Updating window title bar state: overlay mode, drag disabled, window buttons hidden, title bar hidden
[2021.01.25-07.55.24:336][935]LogPlayLevel: Display: Destroying online subsystem :Context_9
[2021.01.25-07.55.26:037][139]LogSlate: FSceneViewport::OnFocusLost() reason 0
[2021.01.25-07.59.46:109][899]LogEditorViewport: Clicking on Actor (LMB): StaticMeshActor (Sphere)
[2021.01.25-07.59.46:433][933]LogEditorViewport: Clicking on Component (LMB): StaticMeshComponent (StaticMeshComponent0)
[2021.01.25-07.59.47:493][ 57]LogEditorViewport: Clicking on Component (LMB): StaticMeshComponent (StaticMeshComponent0)
[2021.01.25-07.59.47:556][ 63]LogEditorViewport: Clicking on Actor (double click): StaticMeshActor (Sphere)
[2021.01.25-07.59.52:102][605]LogSlate: FSceneViewport::OnFocusLost() reason 0
[2021.01.25-07.59.54:178][854]LogTemp: Repeating last play command: Selected Viewport
[2021.01.25-07.59.54:186][854]LogBlueprintUserMessages: Early PlayInEditor Detection: Level '/Game/MazeGameAK.MazeGameAK:PersistentLevel' has LevelScriptBlueprint '/Game/MazeGameAK.MazeGameAK:PersistentLevel.MazeGameAK' with GeneratedClass '/Game/MazeGameAK.MazeGameAK_C' with ClassGeneratedBy '/Game/MazeGameAK.MazeGameAK:PersistentLevel.MazeGameAK'
[2021.01.25-07.59.54:187][854]BlueprintLog: New page: Pre-Play auto-recompile
[2021.01.25-07.59.54:190][854]LogPlayLevel: [PlayLevel] Compiling MazeGameAK before play...
[2021.01.25-07.59.54:301][854]LogPlayLevel: PlayLevel: Blueprint regeneration took 113 ms (1 blueprints)
[2021.01.25-07.59.54:301][854]PIE: New page: PIE session: MazeGameAK (25 sty 2021, 09:59:54)
[2021.01.25-07.59.54:301][854]LogPlayLevel: Creating play world package: /Game/UEDPIE_0_MazeGameAK
[2021.01.25-07.59.54:303][854]LogPlayLevel: PIE: StaticDuplicateObject took: (0.002320s)
[2021.01.25-07.59.54:304][854]LogAIModule: Creating AISystem for world MazeGameAK
[2021.01.25-07.59.54:304][854]LogPlayLevel: PIE: World Init took: (0.000691s)
[2021.01.25-07.59.54:304][854]LogPlayLevel: PIE: Created PIE world by copying editor world from /Game/MazeGameAK.MazeGameAK to /Game/UEDPIE_0_MazeGameAK.MazeGameAK (0.003130s)
[2021.01.25-07.59.54:332][854]LogInit: XAudio2 using 'Głośniki (Realtek(R) Audio)' : 2 channels at 48 kHz using 32 bits per sample (channel mask 0x3)
[2021.01.25-07.59.54:351][854]LogInit: FAudioDevice initialized.
[2021.01.25-07.59.54:381][854]LogLoad: Game class is 'GameModeBase'
[2021.01.25-07.59.54:383][854]LogWorld: Bringing World /Game/UEDPIE_0_MazeGameAK.MazeGameAK up for play (max tick rate 0) at 2021.01.25-08.59.54
[2021.01.25-07.59.54:383][854]LogWorld: Bringing up level for play took: 0.000578
[2021.01.25-07.59.54:395][854]PIE: Play in editor start time for /Game/UEDPIE_0_MazeGameAK -0,413
[2021.01.25-07.59.54:395][854]LogBlueprintUserMessages: Late PlayInEditor Detection: Level '/Game/MazeGameAK.MazeGameAK:PersistentLevel' has LevelScriptBlueprint '/Game/MazeGameAK.MazeGameAK:PersistentLevel.MazeGameAK' with GeneratedClass '/Game/MazeGameAK.MazeGameAK_C' with ClassGeneratedBy '/Game/MazeGameAK.MazeGameAK:PersistentLevel.MazeGameAK'
[2021.01.25-08.00.02:128][778]LogBlueprintUserMessages: Early EndPlayMap Detection: Level '/Game/MazeGameAK.MazeGameAK:PersistentLevel' has LevelScriptBlueprint '/Game/MazeGameAK.MazeGameAK:PersistentLevel.MazeGameAK' with GeneratedClass '/Game/MazeGameAK.MazeGameAK_C' with ClassGeneratedBy '/Game/MazeGameAK.MazeGameAK:PersistentLevel.MazeGameAK'
[2021.01.25-08.00.02:128][778]LogSlate: Updating window title bar state: overlay mode, drag disabled, window buttons hidden, title bar hidden
[2021.01.25-08.00.02:159][778]LogPlayLevel: Display: Shutting down PIE online subsystems
[2021.01.25-08.00.02:159][778]LogBlueprintUserMessages: Late EndPlayMap Detection: Level '/Game/MazeGameAK.MazeGameAK:PersistentLevel' has LevelScriptBlueprint '/Game/MazeGameAK.MazeGameAK:PersistentLevel.MazeGameAK' with GeneratedClass '/Game/MazeGameAK.MazeGameAK_C' with ClassGeneratedBy '/Game/MazeGameAK.MazeGameAK:PersistentLevel.MazeGameAK'
[2021.01.25-08.00.02:184][778]LogSlate: Updating window title bar state: overlay mode, drag disabled, window buttons hidden, title bar hidden
[2021.01.25-08.00.02:231][782]LogPlayLevel: Display: Destroying online subsystem :Context_10
[2021.01.25-08.00.02:880][860]LogSlate: FSceneViewport::OnFocusLost() reason 0
[2021.01.25-08.00.02:939][867]LogTemp: Repeating last play command: Selected Viewport
[2021.01.25-08.00.02:948][867]LogBlueprintUserMessages: Early PlayInEditor Detection: Level '/Game/MazeGameAK.MazeGameAK:PersistentLevel' has LevelScriptBlueprint '/Game/MazeGameAK.MazeGameAK:PersistentLevel.MazeGameAK' with GeneratedClass '/Game/MazeGameAK.MazeGameAK_C' with ClassGeneratedBy '/Game/MazeGameAK.MazeGameAK:PersistentLevel.MazeGameAK'
[2021.01.25-08.00.02:948][867]LogPlayLevel: PlayLevel: No blueprints needed recompiling
[2021.01.25-08.00.02:948][867]PIE: New page: PIE session: MazeGameAK (25 sty 2021, 10:00:02)
[2021.01.25-08.00.02:948][867]LogPlayLevel: Creating play world package: /Game/UEDPIE_0_MazeGameAK
[2021.01.25-08.00.02:950][867]LogPlayLevel: PIE: StaticDuplicateObject took: (0.002144s)
[2021.01.25-08.00.02:951][867]LogAIModule: Creating AISystem for world MazeGameAK
[2021.01.25-08.00.02:951][867]LogPlayLevel: PIE: World Init took: (0.000642s)
[2021.01.25-08.00.02:951][867]LogPlayLevel: PIE: Created PIE world by copying editor world from /Game/MazeGameAK.MazeGameAK to /Game/UEDPIE_0_MazeGameAK.MazeGameAK (0.003036s)
[2021.01.25-08.00.02:977][867]LogInit: XAudio2 using 'Głośniki (Realtek(R) Audio)' : 2 channels at 48 kHz using 32 bits per sample (channel mask 0x3)
[2021.01.25-08.00.02:995][867]LogInit: FAudioDevice initialized.
[2021.01.25-08.00.03:022][867]LogLoad: Game class is 'GameModeBase'
[2021.01.25-08.00.03:023][867]LogWorld: Bringing World /Game/UEDPIE_0_MazeGameAK.MazeGameAK up for play (max tick rate 0) at 2021.01.25-09.00.03
[2021.01.25-08.00.03:023][867]LogWorld: Bringing up level for play took: 0.000543
[2021.01.25-08.00.03:036][867]PIE: Play in editor start time for /Game/UEDPIE_0_MazeGameAK 0,228
[2021.01.25-08.00.03:037][867]LogBlueprintUserMessages: Late PlayInEditor Detection: Level '/Game/MazeGameAK.MazeGameAK:PersistentLevel' has LevelScriptBlueprint '/Game/MazeGameAK.MazeGameAK:PersistentLevel.MazeGameAK' with GeneratedClass '/Game/MazeGameAK.MazeGameAK_C' with ClassGeneratedBy '/Game/MazeGameAK.MazeGameAK:PersistentLevel.MazeGameAK'
[2021.01.25-08.00.14:034][185]LogBlueprintUserMessages: Early EndPlayMap Detection: Level '/Game/MazeGameAK.MazeGameAK:PersistentLevel' has LevelScriptBlueprint '/Game/MazeGameAK.MazeGameAK:PersistentLevel.MazeGameAK' with GeneratedClass '/Game/MazeGameAK.MazeGameAK_C' with ClassGeneratedBy '/Game/MazeGameAK.MazeGameAK:PersistentLevel.MazeGameAK'
[2021.01.25-08.00.14:034][185]LogSlate: Updating window title bar state: overlay mode, drag disabled, window buttons hidden, title bar hidden
[2021.01.25-08.00.14:068][185]LogPlayLevel: Display: Shutting down PIE online subsystems
[2021.01.25-08.00.14:068][185]LogBlueprintUserMessages: Late EndPlayMap Detection: Level '/Game/MazeGameAK.MazeGameAK:PersistentLevel' has LevelScriptBlueprint '/Game/MazeGameAK.MazeGameAK:PersistentLevel.MazeGameAK' with GeneratedClass '/Game/MazeGameAK.MazeGameAK_C' with ClassGeneratedBy '/Game/MazeGameAK.MazeGameAK:PersistentLevel.MazeGameAK'
[2021.01.25-08.00.14:090][185]LogSlate: Updating window title bar state: overlay mode, drag disabled, window buttons hidden, title bar hidden
[2021.01.25-08.00.14:138][189]LogPlayLevel: Display: Destroying online subsystem :Context_11
[2021.01.25-08.00.15:479][350]LogSlate: FSceneViewport::OnFocusLost() reason 0
[2021.01.25-08.00.35:242][619]LogEditorViewport: Clicking on Actor (LMB): StaticMeshActor (Sphere)
[2021.01.25-08.00.38:609][ 18]LogSlate: FSceneViewport::OnFocusLost() reason 2
[2021.01.25-08.00.47:957][140]LogEditorViewport: Clicking on Actor (LMB): BP_Sky_Sphere_C (Sky Sphere)
[2021.01.25-08.00.48:517][204]LogEditorViewport: Clicking on Actor (LMB): BP_Sky_Sphere_C (Sky Sphere)
[2021.01.25-08.00.49:828][359]LogSlate: FSceneViewport::OnFocusLost() reason 2
[2021.01.25-08.00.50:914][485]LogSlate: FSceneViewport::OnFocusLost() reason 2
[2021.01.25-08.00.56:541][140]Cmd: OBJ SAVEPACKAGE PACKAGE="/Game/MazeGameAK" FILE="../../../../../../Users/Adamk/OneDrive/Dokumenty/Unreal Projects/MyProject/Content/MazeGameAK.umap" SILENT=true AUTOSAVING=false KEEPDIRTY=false
[2021.01.25-08.00.56:687][140]LogSavePackage: Moving '../../../../../../Users/Adamk/OneDrive/Dokumenty/Unreal Projects/MyProject/Saved/MazeGameAKDFAF56AE4747CD7A283A1E9A1CF95B5E.tmp' to '../../../../../../Users/Adamk/OneDrive/Dokumenty/Unreal Projects/MyProject/Content/MazeGameAK.umap'
[2021.01.25-08.00.56:703][140]LogFileHelpers: Saving map 'MazeGameAK' took 0.250
[2021.01.25-08.00.57:486][232]LogSlate: FSceneViewport::OnFocusLost() reason 0
[2021.01.25-08.00.57:560][241]LogSlate: Window 'MazeGameAK - Level Blueprint Editor' being destroyed
[2021.01.25-08.00.57:564][241]LogSlate: Window 'MazeGameAK - Level Blueprint Editor' being destroyed
[2021.01.25-08.00.58:359][333]LogSlate: FSceneViewport::OnFocusLost() reason 0
[2021.01.25-08.00.58:425][341]LogTemp: Repeating last play command: Selected Viewport
[2021.01.25-08.00.58:436][341]LogBlueprintUserMessages: Early PlayInEditor Detection: Level '/Game/MazeGameAK.MazeGameAK:PersistentLevel' has LevelScriptBlueprint '/Game/MazeGameAK.MazeGameAK:PersistentLevel.MazeGameAK' with GeneratedClass '/Game/MazeGameAK.MazeGameAK_C' with ClassGeneratedBy '/Game/MazeGameAK.MazeGameAK:PersistentLevel.MazeGameAK'
[2021.01.25-08.00.58:436][341]LogPlayLevel: PlayLevel: No blueprints needed recompiling
[2021.01.25-08.00.58:436][341]PIE: New page: PIE session: MazeGameAK (25 sty 2021, 10:00:58)
[2021.01.25-08.00.58:436][341]LogPlayLevel: Creating play world package: /Game/UEDPIE_0_MazeGameAK
[2021.01.25-08.00.58:439][341]LogPlayLevel: PIE: StaticDuplicateObject took: (0.002107s)
[2021.01.25-08.00.58:439][341]LogAIModule: Creating AISystem for world MazeGameAK
[2021.01.25-08.00.58:439][341]LogPlayLevel: PIE: World Init took: (0.000530s)
[2021.01.25-08.00.58:439][341]LogPlayLevel: PIE: Created PIE world by copying editor world from /Game/MazeGameAK.MazeGameAK to /Game/UEDPIE_0_MazeGameAK.MazeGameAK (0.002753s)
[2021.01.25-08.00.58:466][341]LogInit: XAudio2 using 'Głośniki (Realtek(R) Audio)' : 2 channels at 48 kHz using 32 bits per sample (channel mask 0x3)
[2021.01.25-08.00.58:484][341]LogInit: FAudioDevice initialized.
[2021.01.25-08.00.58:512][341]LogLoad: Game class is 'GameModeBase'
[2021.01.25-08.00.58:513][341]LogWorld: Bringing World /Game/UEDPIE_0_MazeGameAK.MazeGameAK up for play (max tick rate 0) at 2021.01.25-09.00.58
[2021.01.25-08.00.58:514][341]LogWorld: Bringing up level for play took: 0.000565
[2021.01.25-08.00.58:526][341]PIE: Play in editor start time for /Game/UEDPIE_0_MazeGameAK -0,283
[2021.01.25-08.00.58:526][341]LogBlueprintUserMessages: Late PlayInEditor Detection: Level '/Game/MazeGameAK.MazeGameAK:PersistentLevel' has LevelScriptBlueprint '/Game/MazeGameAK.MazeGameAK:PersistentLevel.MazeGameAK' with GeneratedClass '/Game/MazeGameAK.MazeGameAK_C' with ClassGeneratedBy '/Game/MazeGameAK.MazeGameAK:PersistentLevel.MazeGameAK'
[2021.01.25-08.01.03:024][879]LogBlueprintUserMessages: [MazeGameAK_C_10] Win
[2021.01.25-08.01.04:366][ 40]LogBlueprintUserMessages: Early EndPlayMap Detection: Level '/Game/MazeGameAK.MazeGameAK:PersistentLevel' has LevelScriptBlueprint '/Game/MazeGameAK.MazeGameAK:PersistentLevel.MazeGameAK' with GeneratedClass '/Game/MazeGameAK.MazeGameAK_C' with ClassGeneratedBy '/Game/MazeGameAK.MazeGameAK:PersistentLevel.MazeGameAK'
[2021.01.25-08.01.04:366][ 40]LogSlate: Updating window title bar state: overlay mode, drag disabled, window buttons hidden, title bar hidden
[2021.01.25-08.01.04:396][ 40]LogPlayLevel: Display: Shutting down PIE online subsystems
[2021.01.25-08.01.04:396][ 40]LogBlueprintUserMessages: Late EndPlayMap Detection: Level '/Game/MazeGameAK.MazeGameAK:PersistentLevel' has LevelScriptBlueprint '/Game/MazeGameAK.MazeGameAK:PersistentLevel.MazeGameAK' with GeneratedClass '/Game/MazeGameAK.MazeGameAK_C' with ClassGeneratedBy '/Game/MazeGameAK.MazeGameAK:PersistentLevel.MazeGameAK'
[2021.01.25-08.01.04:420][ 40]LogSlate: Updating window title bar state: overlay mode, drag disabled, window buttons hidden, title bar hidden
[2021.01.25-08.01.04:467][ 44]LogPlayLevel: Display: Destroying online subsystem :Context_12
[2021.01.25-08.01.05:700][192]LogSlate: FSceneViewport::OnFocusLost() reason 0
[2021.01.25-08.01.10:686][578]LogSlate: FSceneViewport::OnFocusLost() reason 2
[2021.01.25-08.01.10:692][578]Cmd: OBJ SAVEPACKAGE PACKAGE="/Game/MazeGameAK" FILE="../../../../../../Users/Adamk/OneDrive/Dokumenty/Unreal Projects/MyProject/Content/MazeGameAK.umap" SILENT=true AUTOSAVING=false KEEPDIRTY=false
[2021.01.25-08.01.10:830][578]LogSavePackage: Moving '../../../../../../Users/Adamk/OneDrive/Dokumenty/Unreal Projects/MyProject/Saved/MazeGameAK2DD0AA614638FC9A0EF5379258549898.tmp' to '../../../../../../Users/Adamk/OneDrive/Dokumenty/Unreal Projects/MyProject/Content/MazeGameAK.umap'
[2021.01.25-08.01.10:848][578]Cmd: OBJ SAVEPACKAGE PACKAGE="/Game/MazeGameAK_BuiltData" FILE="../../../../../../Users/Adamk/OneDrive/Dokumenty/Unreal Projects/MyProject/Content/MazeGameAK_BuiltData.uasset" SILENT=true
[2021.01.25-08.01.10:857][578]LogSavePackage: Moving '../../../../../../Users/Adamk/OneDrive/Dokumenty/Unreal Projects/MyProject/Saved/MazeGameAK_BuiltDataE112A7F945C97804AE8F908259E1BC41.tmp' to '../../../../../../Users/Adamk/OneDrive/Dokumenty/Unreal Projects/MyProject/Content/MazeGameAK_BuiltData.uasset'
[2021.01.25-08.01.11:588][665]LogSlate: FSceneViewport::OnFocusLost() reason 0
[2021.01.25-08.01.16:259][ 16]LogSlate: FSceneViewport::OnFocusLost() reason 2
[2021.01.25-08.01.16:263][ 16]Cmd: OBJ SAVEPACKAGE PACKAGE="/Game/MazeGameAK" FILE="../../../../../../Users/Adamk/OneDrive/Dokumenty/Unreal Projects/MyProject/Content/MazeGameAK.umap" SILENT=true AUTOSAVING=false KEEPDIRTY=false
[2021.01.25-08.01.16:403][ 16]LogSavePackage: Moving '../../../../../../Users/Adamk/OneDrive/Dokumenty/Unreal Projects/MyProject/Saved/MazeGameAKFB56089040C1749850C0E8B96E664A09.tmp' to '../../../../../../Users/Adamk/OneDrive/Dokumenty/Unreal Projects/MyProject/Content/MazeGameAK.umap'
[2021.01.25-08.01.16:420][ 16]Cmd: OBJ SAVEPACKAGE PACKAGE="/Game/MazeGameAK_BuiltData" FILE="../../../../../../Users/Adamk/OneDrive/Dokumenty/Unreal Projects/MyProject/Content/MazeGameAK_BuiltData.uasset" SILENT=true
[2021.01.25-08.01.16:425][ 16]LogSavePackage: Moving '../../../../../../Users/Adamk/OneDrive/Dokumenty/Unreal Projects/MyProject/Saved/MazeGameAK_BuiltData88E6625E4282E94020062DAC1B813B2B.tmp' to '../../../../../../Users/Adamk/OneDrive/Dokumenty/Unreal Projects/MyProject/Content/MazeGameAK_BuiltData.uasset'
[2021.01.25-08.01.17:528][148]LogSlate: FSceneViewport::OnFocusLost() reason 0
