Log file open, 01/18/21 00:32:43
LogWindows: Failed to load 'aqProf.dll' (GetLastError=126)
LogWindows: File 'aqProf.dll' does not exist
LogWindows: Failed to load 'VSPerf140.dll' (GetLastError=126)
LogWindows: File 'VSPerf140.dll' does not exist
LogWindows: Failed to load 'VtuneApi.dll' (GetLastError=126)
LogWindows: File 'VtuneApi.dll' does not exist
LogWindows: Failed to load 'VtuneApi32e.dll' (GetLastError=126)
LogWindows: File 'VtuneApi32e.dll' does not exist
LogInit: Display: Running engine for game: MyProject
LogPlatformFile: Not using cached read wrapper
LogTaskGraph: Started task graph with 5 named threads and 35 total threads with 3 sets of task threads.
LogStats: Stats thread started at 0.536264
LogD3D11RHI: Loaded GFSDK_Aftermath_Lib.x64.dll
LogICUInternationalization: Display: ICU TimeZone Detection - Raw Offset: +1:00, Platform Override: ''
LogPluginManager: Mounting plugin Paper2D
LogPluginManager: Mounting plugin AISupport
LogPluginManager: Mounting plugin LightPropagationVolume
LogPluginManager: Mounting plugin CLionSourceCodeAccess
LogPluginManager: Mounting plugin CodeLiteSourceCodeAccess
LogPluginManager: Mounting plugin GitSourceControl
LogPluginManager: Mounting plugin KDevelopSourceCodeAccess
LogPluginManager: Mounting plugin NullSourceCodeAccess
LogPluginManager: Mounting plugin PerforceSourceControl
LogPluginManager: Mounting plugin SubversionSourceControl
LogPluginManager: Mounting plugin UObjectPlugin
LogPluginManager: Mounting plugin VisualStudioCodeSourceCodeAccess
LogPluginManager: Mounting plugin VisualStudioSourceCodeAccess
LogPluginManager: Mounting plugin XCodeSourceCodeAccess
LogPluginManager: Mounting plugin AssetManagerEditor
LogPluginManager: Mounting plugin CryptoKeys
LogPluginManager: Mounting plugin DataValidation
LogPluginManager: Mounting plugin FacialAnimation
LogPluginManager: Mounting plugin GameplayTagsEditor
LogPluginManager: Mounting plugin MacGraphicsSwitching
LogPluginManager: Mounting plugin MeshEditor
LogPluginManager: Mounting plugin MobileLauncherProfileWizard
LogPluginManager: Mounting plugin PluginBrowser
LogPluginManager: Mounting plugin SpeedTreeImporter
LogPluginManager: Mounting plugin DatasmithContent
LogPluginManager: Mounting plugin AlembicImporter
LogPluginManager: Mounting plugin AppleImageUtils
LogPluginManager: Mounting plugin AppleVision
LogPluginManager: Mounting plugin BackChannel
LogPluginManager: Mounting plugin CharacterAI
LogPluginManager: Mounting plugin GeometryCache
LogPluginManager: Mounting plugin HTML5Networking
LogPluginManager: Mounting plugin ProxyLODPlugin
LogPluginManager: Mounting plugin MagicLeap
LogPluginManager: Mounting plugin MagicLeapEmulator
LogPluginManager: Mounting plugin MagicLeapMedia
LogPluginManager: Mounting plugin AndroidMedia
LogPluginManager: Mounting plugin AvfMedia
LogPluginManager: Mounting plugin ImgMedia
LogPluginManager: Mounting plugin LinearTimecode
LogPluginManager: Mounting plugin MediaCompositing
LogPluginManager: Mounting plugin MediaPlayerEditor
LogPluginManager: Mounting plugin WmfMedia
LogPluginManager: Mounting plugin TcpMessaging
LogPluginManager: Mounting plugin UdpMessaging
LogPluginManager: Mounting plugin ActorSequence
LogPluginManager: Mounting plugin LevelSequenceEditor
LogPluginManager: Mounting plugin MatineeToLevelSequence
LogPluginManager: Mounting plugin NetcodeUnitTest
LogPluginManager: Mounting plugin NUTUnrealEngine4
LogPluginManager: Mounting plugin OnlineSubsystemGooglePlay
LogPluginManager: Mounting plugin OnlineSubsystemIOS
LogPluginManager: Mounting plugin OnlineSubsystem
LogPluginManager: Mounting plugin OnlineSubsystemNull
LogPluginManager: Mounting plugin OnlineSubsystemUtils
LogPluginManager: Mounting plugin LauncherChunkInstaller
LogPluginManager: Mounting plugin AndroidDeviceProfileSelector
LogPluginManager: Mounting plugin AndroidMoviePlayer
LogPluginManager: Mounting plugin AndroidPermission
LogPluginManager: Mounting plugin AppleMoviePlayer
LogPluginManager: Mounting plugin ArchVisCharacter
LogPluginManager: Mounting plugin AudioCapture
LogPluginManager: Mounting plugin CableComponent
LogPluginManager: Mounting plugin CustomMeshComponent
LogPluginManager: Mounting plugin EditableMesh
LogPluginManager: Mounting plugin ExampleDeviceProfileSelector
LogPluginManager: Mounting plugin GoogleCloudMessaging
LogPluginManager: Mounting plugin ImmediatePhysics
LogPluginManager: Mounting plugin IOSDeviceProfileSelector
LogPluginManager: Mounting plugin LinuxDeviceProfileSelector
LogPluginManager: Mounting plugin LocationServicesBPLibrary
LogPluginManager: Mounting plugin MobilePatchingUtils
LogPluginManager: Mounting plugin OculusVR
LogPluginManager: Plugin shader directory ../../../Engine/Plugins/Runtime/Oculus/OculusVR/Shaders found
LogPluginManager: Mapping shader source directory ../../../Engine/Plugins/Runtime/Oculus/OculusVR/Shaders to virtual directory /Plugin/OculusVR
LogPluginManager: Mounting plugin PhysXVehicles
LogPluginManager: Mounting plugin ProceduralMeshComponent
LogPluginManager: Mounting plugin RuntimePhysXCooking
LogPluginManager: Mounting plugin SteamVR
LogPluginManager: Mounting plugin WindowsMoviePlayer
LogStreaming: Display: Took  0.122s to configure plugins.
LogInit: Using libcurl 7.55.1-DEV
LogInit:  - built for x86_64-pc-win32
LogInit:  - supports SSL with OpenSSL/1.0.2h
LogInit:  - supports HTTP deflate (compression) using libz 1.2.8
LogInit:  - other features:
LogInit:      CURL_VERSION_SSL
LogInit:      CURL_VERSION_LIBZ
LogInit:      CURL_VERSION_IPV6
LogInit:      CURL_VERSION_ASYNCHDNS
LogInit:      CURL_VERSION_LARGEFILE
LogInit:      CURL_VERSION_IDN
LogInit:  CurlRequestOptions (configurable via config and command line):
LogInit:  - bVerifyPeer = false  - Libcurl will NOT verify peer certificate
LogInit:  - bUseHttpProxy = false  - Libcurl will NOT use HTTP proxy
LogInit:  - bDontReuseConnections = false  - Libcurl will reuse connections
LogInit:  - CertBundlePath = nullptr  - Libcurl will use whatever was configured at build time.
LogInit:  - MaxHostConnections = 16  - Libcurl will limit the number of connections to a host
LogInit:  - LocalHostAddr = Default
LogInit:  - BufferSize = 65536
LogInit: WinSock: version 1.1 (2.2), MaxSocks=32767, MaxUdp=65467
LogInit: Build: ++UE4+Release-4.20-CL-4369336
LogInit: Engine Version: 4.20.3-4369336+++UE4+Release-4.20
LogInit: Compatible Engine Version: 4.20.0-4212847+++UE4+Release-4.20
LogInit: Net CL: 4212847
LogInit: OS: Windows 10 (), CPU: Intel(R) Core(TM) i5-10400 CPU @ 2.90GHz, GPU: NVIDIA GeForce GTX 1660 SUPER
LogInit: Compiled (64-bit): Sep 17 2018 12:26:19
LogInit: Compiled with Visual C++: 19.13.26129.00
LogInit: Build Configuration: Development
LogInit: Branch Name: ++UE4+Release-4.20
LogInit: Command Line:  
LogInit: Base Directory: C:/Program Files/Epic Games/UE_4.20/Engine/Binaries/Win64/
LogInit: Installed Engine Build: 1
LogDevObjectVersion: Number of dev versions registered: 20
LogDevObjectVersion:   Dev-Blueprints (B0D832E4-1F89-4F0D-ACCF-7EB736FD4AA2): 10
LogDevObjectVersion:   Dev-Build (E1C64328-A22C-4D53-A36C-8E866417BD8C): 0
LogDevObjectVersion:   Dev-Core (375EC13C-06E4-48FB-B500-84F0262A717E): 2
LogDevObjectVersion:   Dev-Editor (E4B068ED-F494-42E9-A231-DA0B2E46BB41): 24
LogDevObjectVersion:   Dev-Framework (CFFC743F-43B0-4480-9391-14DF171D2073): 34
LogDevObjectVersion:   Dev-Mobile (B02B49B5-BB20-44E9-A304-32B752E40360): 2
LogDevObjectVersion:   Dev-Networking (A4E4105C-59A1-49B5-A7C5-40C4547EDFEE): 0
LogDevObjectVersion:   Dev-Online (39C831C9-5AE6-47DC-9A44-9C173E1C8E7C): 0
LogDevObjectVersion:   Dev-Physics (78F01B33-EBEA-4F98-B9B4-84EACCB95AA2): 0
LogDevObjectVersion:   Dev-Platform (6631380F-2D4D-43E0-8009-CF276956A95A): 0
LogDevObjectVersion:   Dev-Rendering (12F88B9F-8875-4AFC-A67C-D90C383ABD29): 26
LogDevObjectVersion:   Dev-Sequencer (7B5AE74C-D270-4C10-A958-57980B212A5A): 9
LogDevObjectVersion:   Dev-VR (D7296918-1DD6-4BDD-9DE2-64A83CC13884): 2
LogDevObjectVersion:   Dev-LoadTimes (C2A15278-BFE7-4AFE-6C17-90FF531DF755): 1
LogDevObjectVersion:   Private-Geometry (6EACA3D4-40EC-4CC1-B786-8BED09428FC5): 3
LogDevObjectVersion:   Dev-AnimPhys (29E575DD-E0A3-4627-9D10-D276232CDCEA): 17
LogDevObjectVersion:   Dev-ReflectionCapture (6B266CEC-1EC7-4B8F-A30B-E4D90942FC07): 1
LogDevObjectVersion:   Dev-Automation (0DF73D61-A23F-47EA-B727-89E90C41499A): 1
LogDevObjectVersion:   FortniteMain (601D1886-AC64-4F84-AA16-D3DE0DEAC7D6): 12
LogDevObjectVersion:   Dev-Enterprise (9DFFBCD6-494F-0158-E221-12823C92A888): 1
LogStreaming: Display: Took  0.000s to delete old logs.
LogInit: Presizing for max 8388607 objects, including 0 objects not considered by GC, pre-allocating 0 bytes for permanent pool.
LogInit: Object subsystem initialized
[2021.01.17-23.32.43:629][  0]LogInit: Selected Device Profile: [Windows]
[2021.01.17-23.32.43:629][  0]LogInit: Applying CVar settings loaded from the selected device profile: [Windows]
[2021.01.17-23.32.43:636][  0]LogHAL: Display: Platform has ~ 16 GB [17111990272 / 17179869184 / 16], which maps to Larger [LargestMinGB=32, LargerMinGB=12, DefaultMinGB=8, SmallerMinGB=6, SmallestMinGB=0)
[2021.01.17-23.32.43:636][  0]LogInit: Setting Device Profile CVar: [[r.Vulkan.UseRealUBs:1]]
[2021.01.17-23.32.43:636][  0]LogInit: Going up to parent DeviceProfile []
[2021.01.17-23.32.43:636][  0]LogInit: Computer: DESKTOP-Q01BN6R
[2021.01.17-23.32.43:636][  0]LogInit: User: Adamk
[2021.01.17-23.32.43:636][  0]LogInit: CPU Page size=4096, Cores=6
[2021.01.17-23.32.43:636][  0]LogInit: High frequency timer resolution =10.000000 MHz
[2021.01.17-23.32.43:637][  0]LogMemory: Memory total: Physical=15.9GB (16GB approx)
[2021.01.17-23.32.43:637][  0]LogMemory: Platform Memory Stats for Windows
[2021.01.17-23.32.43:637][  0]LogMemory: Process Physical Memory: 102.57 MB used, 102.57 MB peak
[2021.01.17-23.32.43:637][  0]LogMemory: Process Virtual Memory: 85.96 MB used, 85.96 MB peak
[2021.01.17-23.32.43:637][  0]LogMemory: Physical Memory: 6619.50 MB used,  9699.77 MB free, 16319.27 MB total
[2021.01.17-23.32.43:637][  0]LogMemory: Virtual Memory: 4627.02 MB used,  9699.77 MB free, 134217728.00 MB total
[2021.01.17-23.32.43:652][  0]LogInit: Using OS detected language (pl-PL).
[2021.01.17-23.32.43:652][  0]LogInit: Using OS detected locale (pl-PL).
[2021.01.17-23.32.43:653][  0]LogTextLocalizationManager: No specific localization for 'pl-PL' exists, so the 'pl' localization will be used.
[2021.01.17-23.32.43:654][  0]LogStreaming: Display: Took  0.002s to InitEngineTextLocalization.
[2021.01.17-23.32.43:654][  0]LogInit: Setting process to per monitor DPI aware
[2021.01.17-23.32.43:677][  0]LogSlate: New Slate User Created.  User Index 0, Is Virtual User: 0
[2021.01.17-23.32.43:677][  0]LogSlate: Slate User Registered.  User Index 0, Is Virtual User: 0
[2021.01.17-23.32.43:866][  0]LogHMD: Failed to initialize OpenVR with code 110
[2021.01.17-23.32.43:866][  0]LogD3D11RHI: D3D11 adapters:
[2021.01.17-23.32.43:939][  0]LogD3D11RHI:    0. 'NVIDIA GeForce GTX 1660 SUPER' (Feature Level 11_0)
[2021.01.17-23.32.43:939][  0]LogD3D11RHI:       5991/0/8159 MB DedicatedVideo/DedicatedSystem/SharedSystem, Outputs:1, VendorId:0x10de
[2021.01.17-23.32.43:941][  0]LogD3D11RHI:    1. 'Microsoft Basic Render Driver' (Feature Level 11_0)
[2021.01.17-23.32.43:941][  0]LogD3D11RHI:       0/0/8159 MB DedicatedVideo/DedicatedSystem/SharedSystem, Outputs:0, VendorId:0x1414
[2021.01.17-23.32.43:941][  0]LogD3D11RHI: Chosen D3D11 Adapter: 0
[2021.01.17-23.32.43:947][  0]LogD3D11RHI: Creating new Direct3DDevice
[2021.01.17-23.32.43:947][  0]LogD3D11RHI:     GPU DeviceId: 0x21c4 (for the marketing name, search the web for "GPU Device Id")
[2021.01.17-23.32.43:947][  0]LogWindows: EnumDisplayDevices:
[2021.01.17-23.32.43:947][  0]LogWindows:    0. 'NVIDIA GeForce GTX 1660 SUPER' (P:1 D:1)
[2021.01.17-23.32.43:947][  0]LogWindows:    1. 'NVIDIA GeForce GTX 1660 SUPER' (P:0 D:0)
[2021.01.17-23.32.43:947][  0]LogWindows:    2. 'NVIDIA GeForce GTX 1660 SUPER' (P:0 D:0)
[2021.01.17-23.32.43:947][  0]LogWindows:    3. 'NVIDIA GeForce GTX 1660 SUPER' (P:0 D:0)
[2021.01.17-23.32.43:948][  0]LogWindows: DebugString: FoundDriverCount:4 
[2021.01.17-23.32.43:948][  0]LogD3D11RHI:     Adapter Name: NVIDIA GeForce GTX 1660 SUPER
[2021.01.17-23.32.43:948][  0]LogD3D11RHI:   Driver Version: 452.06 (internal:27.21.14.5206, unified:452.06)
[2021.01.17-23.32.43:948][  0]LogD3D11RHI:      Driver Date: 8-12-2020
[2021.01.17-23.32.43:948][  0]LogRHI: Texture pool is 4193 MB (70% of 5991 MB)
[2021.01.17-23.32.43:994][  0]LogD3D11RHI: Async texture creation enabled
[2021.01.17-23.32.44:004][  0]LogD3D11RHI: GPU Timing Frequency: 1000.000000 (Debug: 2 1)
[2021.01.17-23.32.44:005][  0]LogShaderCompilers: Guid format shader working directory is -28 characters bigger than the processId version (../../../../../../Users/Adamk/OneDrive/Dokumenty/Unreal Projects/MyProject/Intermediate/Shaders/WorkingDirectory/8120/).
[2021.01.17-23.32.44:005][  0]LogShaderCompilers: Cleaned the shader compiler working directory 'C:/Users/Adamk/AppData/Local/Temp/UnrealShaderWorkingDir/832D1636433B4C6CA2D169B6E2781F97/'.
[2021.01.17-23.32.44:206][  0]LogTemp: Display: Loaded TP AllDesktopTargetPlatform
[2021.01.17-23.32.44:217][  0]LogTemp: Display: Loaded TP MacClientTargetPlatform
[2021.01.17-23.32.44:228][  0]LogTemp: Display: Loaded TP MacNoEditorTargetPlatform
[2021.01.17-23.32.44:239][  0]LogTemp: Display: Loaded TP MacServerTargetPlatform
[2021.01.17-23.32.44:251][  0]LogTemp: Display: Loaded TP MacTargetPlatform
[2021.01.17-23.32.44:262][  0]LogTemp: Display: Loaded TP WindowsClientTargetPlatform
[2021.01.17-23.32.44:273][  0]LogTemp: Display: Loaded TP WindowsNoEditorTargetPlatform
[2021.01.17-23.32.44:284][  0]LogTemp: Display: Loaded TP WindowsServerTargetPlatform
[2021.01.17-23.32.44:290][  0]LogTemp: Display: Loaded TP WindowsTargetPlatform
[2021.01.17-23.32.44:359][  0]LogTemp: Display: Loaded TP AndroidTargetPlatform
[2021.01.17-23.32.44:359][  0]LogTemp: Display: Loaded TP AndroidTargetPlatform
[2021.01.17-23.32.44:359][  0]LogTemp: Display: Loaded TP AndroidTargetPlatform
[2021.01.17-23.32.44:359][  0]LogTemp: Display: Loaded TP AndroidTargetPlatform
[2021.01.17-23.32.44:359][  0]LogTemp: Display: Loaded TP AndroidTargetPlatform
[2021.01.17-23.32.44:359][  0]LogTemp: Display: Loaded TP AndroidTargetPlatform
[2021.01.17-23.32.44:359][  0]LogTemp: Display: Loaded TP AndroidTargetPlatform
[2021.01.17-23.32.44:359][  0]LogTemp: Display: Loaded TP AndroidTargetPlatform
[2021.01.17-23.32.44:359][  0]LogTemp: Display: Loaded TP AndroidTargetPlatform
[2021.01.17-23.32.44:359][  0]LogTemp: Display: Loaded TP AndroidTargetPlatform
[2021.01.17-23.32.44:359][  0]LogTemp: Display: Loaded TP AndroidTargetPlatform
[2021.01.17-23.32.44:359][  0]LogTemp: Display: Loaded TP AndroidTargetPlatform
[2021.01.17-23.32.44:359][  0]LogTemp: Display: Loaded TP AndroidTargetPlatform
[2021.01.17-23.32.44:359][  0]LogTemp: Display: Loaded TP AndroidTargetPlatform
[2021.01.17-23.32.44:359][  0]LogTemp: Display: Loaded TP AndroidTargetPlatform
[2021.01.17-23.32.44:359][  0]LogTemp: Display: Loaded TP AndroidTargetPlatform
[2021.01.17-23.32.44:359][  0]LogTemp: Display: Loaded TP AndroidTargetPlatform
[2021.01.17-23.32.44:359][  0]LogTemp: Display: Loaded TP AndroidTargetPlatform
[2021.01.17-23.32.44:361][  0]LogTemp: Display: Loaded TP HTML5TargetPlatform
[2021.01.17-23.32.44:417][  0]LogTemp: Display: Loaded TP IOSTargetPlatform
[2021.01.17-23.32.44:417][  0]LogTemp: Display: Loaded TP IOSTargetPlatform
[2021.01.17-23.32.44:436][  0]LogTemp: Display: Loaded TP TVOSTargetPlatform
[2021.01.17-23.32.44:436][  0]LogTemp: Display: Loaded TP TVOSTargetPlatform
[2021.01.17-23.32.44:446][  0]LogTemp: Display: Loaded TP LinuxClientTargetPlatform
[2021.01.17-23.32.44:456][  0]LogTemp: Display: Loaded TP LinuxNoEditorTargetPlatform
[2021.01.17-23.32.44:466][  0]LogTemp: Display: Loaded TP LinuxServerTargetPlatform
[2021.01.17-23.32.44:477][  0]LogTemp: Display: Loaded TP LinuxTargetPlatform
[2021.01.17-23.32.44:484][  0]LogTemp: Display: Loaded TP LuminTargetPlatform
[2021.01.17-23.32.44:484][  0]LogTargetPlatformManager: Display: Building Assets For Windows
[2021.01.17-23.32.44:529][  0]LogXGEController: Cleaning working directory: C:/Users/Adamk/AppData/Local/Temp/UnrealXGEWorkingDir/
[2021.01.17-23.32.44:530][  0]LogXGEController: Cannot use XGE Controller as Incredibuild is not installed on this machine.
[2021.01.17-23.32.44:530][  0]LogShaderCompilers: Cannot use XGE Shader Compiler as Incredibuild is not installed on this machine.
[2021.01.17-23.32.44:530][  0]LogShaderCompilers: Display: Using Local Shader Compiler.
[2021.01.17-23.32.45:259][  0]LogDerivedDataCache: Display: Max Cache Size: 512 MB
[2021.01.17-23.32.45:302][  0]LogDerivedDataCache: Loaded boot cache 0.04s 71MB C:/Users/Adamk/AppData/Local/UnrealEngine/4.20/DerivedDataCache/Boot.ddc.
[2021.01.17-23.32.45:302][  0]LogDerivedDataCache: Display: Loaded Boot cache: C:/Users/Adamk/AppData/Local/UnrealEngine/4.20/DerivedDataCache/Boot.ddc
[2021.01.17-23.32.45:302][  0]LogDerivedDataCache: FDerivedDataBackendGraph:  Pak pak cache file ../../../../../../Users/Adamk/OneDrive/Dokumenty/Unreal Projects/MyProject/DerivedDataCache/DDC.ddp not found, will not use a pak cache.
[2021.01.17-23.32.45:302][  0]LogDerivedDataCache: Unable to find inner node Pak for hierarchical cache Hierarchy.
[2021.01.17-23.32.45:302][  0]LogDerivedDataCache: FDerivedDataBackendGraph:  CompressedPak pak cache file ../../../../../../Users/Adamk/OneDrive/Dokumenty/Unreal Projects/MyProject/DerivedDataCache/Compressed.ddp not found, will not use a pak cache.
[2021.01.17-23.32.45:302][  0]LogDerivedDataCache: Unable to find inner node CompressedPak for hierarchical cache Hierarchy.
[2021.01.17-23.32.45:315][  0]LogDerivedDataCache: Display: Pak cache opened for reading ../../../Engine/DerivedDataCache/Compressed.ddp.
[2021.01.17-23.32.45:326][  0]LogDerivedDataCache: Using Local data cache path C:/Users/Adamk/AppData/Local/UnrealEngine/Common/DerivedDataCache: Writable
[2021.01.17-23.32.45:326][  0]LogDerivedDataCache: Shared data cache path not found in *engine.ini, will not use an Shared cache.
[2021.01.17-23.32.45:326][  0]LogDerivedDataCache: Unable to find inner node Shared for hierarchical cache Hierarchy.
[2021.01.17-23.32.45:340][  0]LogMaterial: Verifying Global Shaders for PCD3D_SM5
[2021.01.17-23.32.45:341][  0]LogSlate: Using FreeType 2.6.0
[2021.01.17-23.32.45:342][  0]LogSlate: SlateFontServices - WITH_FREETYPE: 1, WITH_HARFBUZZ: 1
[2021.01.17-23.32.45:409][  0]LogAssetRegistry: FAssetRegistry took 0.0257 seconds to start up
[2021.01.17-23.32.45:667][  0]LogInit: Selected Device Profile: [Windows]
[2021.01.17-23.32.45:773][  0]LogSimplygon: Simplygon DLL not present - disabling.
[2021.01.17-23.32.45:775][  0]LogMeshReduction: Using SimplygonSwarm for distributed automatic mesh merging
[2021.01.17-23.32.45:775][  0]LogMeshReduction: Using ProxyLODMeshReduction for automatic mesh merging
[2021.01.17-23.32.45:775][  0]LogMeshReduction: Using QuadricMeshReduction for automatic static mesh reduction
[2021.01.17-23.32.45:775][  0]LogMeshReduction: No automatic skeletal mesh reduction module available
[2021.01.17-23.32.45:786][  0]LogNetVersion: MyProject 1.0.0, NetCL: 4212847, EngineNetVer: 5, GameNetVer: 0 (Checksum: 1110078900)
[2021.01.17-23.32.46:157][  0]LogPackageLocalizationCache: Processed 11 localized package path(s) for 2 prioritized culture(s) in 0.062207 seconds
[2021.01.17-23.32.46:161][  0]LogUObjectArray: 38425 objects as part of root set at end of initial load.
[2021.01.17-23.32.46:161][  0]LogUObjectAllocator: 6690872 out of 0 bytes used by permanent object pool.
[2021.01.17-23.32.46:161][  0]LogUObjectArray: CloseDisregardForGC: 0/0 objects in disregard for GC pool
[2021.01.17-23.32.46:875][  0]LogTcpMessaging: Initializing TcpMessaging bridge
[2021.01.17-23.32.46:887][  0]LogUdpMessaging: Initializing bridge on interface 0.0.0.0:0 to multicast group 230.0.0.1:6666.
[2021.01.17-23.32.47:011][  0]SourceControl: Source control is disabled
[2021.01.17-23.32.47:011][  0]SourceControl: Source control is disabled
[2021.01.17-23.32.47:012][  0]SourceControl: Source control is disabled
[2021.01.17-23.32.47:013][  0]SourceControl: Source control is disabled
[2021.01.17-23.32.47:157][  0]LogAndroidPermission: UAndroidPermissionCallbackProxy::GetInstance
[2021.01.17-23.32.47:202][  0]LogOcInput: OculusInput pre-init called
[2021.01.17-23.32.47:252][  0]LogEngine: Initializing Engine...
[2021.01.17-23.32.47:253][  0]LogHMD: Failed to initialize OpenVR with code 110
[2021.01.17-23.32.47:254][  0]LogStats: UGameplayTagsManager::ConstructGameplayTagTree: ImportINI prefixes -  0.000 s
[2021.01.17-23.32.47:254][  0]LogStats: UGameplayTagsManager::ConstructGameplayTagTree: Construct from data asset -  0.000 s
[2021.01.17-23.32.47:254][  0]LogStats: UGameplayTagsManager::ConstructGameplayTagTree: ImportINI -  0.000 s
[2021.01.17-23.32.47:254][  0]LogStats: UGameplayTagsManager::ConstructGameplayTagTree: GameplayTagTreeChangedEvent.Broadcast -  0.000 s
[2021.01.17-23.32.47:414][  0]LogInit: Initializing FReadOnlyCVARCache
[2021.01.17-23.32.47:422][  0]LogAIModule: Creating AISystem for world Untitled
[2021.01.17-23.32.47:436][  0]LogInit: XAudio2 using 'Głośniki (Realtek(R) Audio)' : 2 channels at 48 kHz using 32 bits per sample (channel mask 0x3)
[2021.01.17-23.32.47:460][  0]LogInit: FAudioDevice initialized.
[2021.01.17-23.32.47:460][  0]LogNetVersion: Set ProjectVersion to 1.0.0.0. Version Checksum will be recalculated on next use.
[2021.01.17-23.32.47:614][  0]LogDerivedDataCache: Saved boot cache 0.15s 71MB C:/Users/Adamk/AppData/Local/UnrealEngine/4.20/DerivedDataCache/Boot.ddc.
[2021.01.17-23.32.47:619][  0]LogInit: Texture streaming: Enabled
[2021.01.17-23.32.47:632][  0]LogEngineSessionManager: EngineSessionManager initialized
[2021.01.17-23.32.47:641][  0]LogInit: Transaction tracking system initialized
[2021.01.17-23.32.47:657][  0]BlueprintLog: New page: Editor Load
[2021.01.17-23.32.47:709][  0]LocalizationService: Localization service is disabled
[2021.01.17-23.32.47:913][  0]LogCook: Display: Max memory allowance for cook 16384mb min free memory 0mb
[2021.01.17-23.32.47:913][  0]LogCook: Display: Mobile HDR setting 1
[2021.01.17-23.32.47:913][  0]LogGameplayTags: Display: UGameplayTagsManager::DoneAddingNativeTags. DelegateIsBound: 0
[2021.01.17-23.32.47:913][  0]LogStats: UGameplayTagsManager::ConstructGameplayTagTree: ImportINI prefixes -  0.000 s
[2021.01.17-23.32.47:913][  0]LogStats: UGameplayTagsManager::ConstructGameplayTagTree: Construct from data asset -  0.000 s
[2021.01.17-23.32.47:913][  0]LogStats: UGameplayTagsManager::ConstructGameplayTagTree: ImportINI -  0.000 s
[2021.01.17-23.32.47:913][  0]LogStats: UGameplayTagsManager::ConstructGameplayTagTree: GameplayTagTreeChangedEvent.Broadcast -  0.000 s
[2021.01.17-23.32.47:998][  0]LogFileCache: Scanning file cache for directory 'C:/Users/Adamk/OneDrive/Dokumenty/Unreal Projects/MyProject/Content/' took 0.01s
[2021.01.17-23.32.47:998][  0]SourceControl: Source control is disabled
[2021.01.17-23.32.47:998][  0]Cmd: MAP LOAD FILE="../../../../../../Users/Adamk/OneDrive/Dokumenty/Unreal Projects/MyProject/Content/MazeGameAK.umap" TEMPLATE=0 SHOWPROGRESS=1 FEATURELEVEL=3
[2021.01.17-23.32.47:998][  0]LightingResults: New page: Lighting Build
[2021.01.17-23.32.48:000][  0]MapCheck: New page: Map Check
[2021.01.17-23.32.48:000][  0]LightingResults: New page: Lighting Build
[2021.01.17-23.32.48:097][  0]LogLinker: Warning: Can't find file '/Game/Material_001'
[2021.01.17-23.32.48:097][  0]LogLinker: Warning: Can't find file for asset '/Game/Material_001' while loading ../../../../../../Users/Adamk/OneDrive/Dokumenty/Unreal Projects/MyProject/Content/ok_2.uasset.
[2021.01.17-23.32.48:097][  0]LoadErrors: Error: /Game/ok_2 : Can't find file for asset. /Game/Material_001
[2021.01.17-23.32.48:097][  0]LogLinker: Warning: Can't find file '/Game/Material_001'
[2021.01.17-23.32.48:097][  0]LogLinker: Warning: Can't find file for asset '/Game/Material_001' while loading ../../../../../../Users/Adamk/OneDrive/Dokumenty/Unreal Projects/MyProject/Content/ok_2.uasset.
[2021.01.17-23.32.48:097][  0]LoadErrors: Error: /Game/ok_2 : Can't find file for asset. /Game/Material_001
[2021.01.17-23.32.48:109][  0]LogLinker: Warning: Can't find file '/Game/Material_001'
[2021.01.17-23.32.48:109][  0]LoadErrors: Failed to load /Game/Material_001.Material_001 Referenced by ok_2
[2021.01.17-23.32.48:109][  0]LogLinker: Warning: Can't find file for asset '/Game/Material_001' while loading NULL.
[2021.01.17-23.32.48:109][  0]LoadErrors: Failed to load /Game/Material_001.Material_001 Referenced by ok_2
[2021.01.17-23.32.48:109][  0]LogLinker: Warning: Can't find file '/Game/Material_001'
[2021.01.17-23.32.48:109][  0]LoadErrors: Failed to load /Game/Material_001.Material_001 Referenced by ok_2
[2021.01.17-23.32.48:109][  0]LogLinker: Warning: Can't find file for asset '/Game/Material_001' while loading NULL.
[2021.01.17-23.32.48:109][  0]LoadErrors: Failed to load /Game/Material_001.Material_001 Referenced by ok_2
[2021.01.17-23.32.48:177][  0]LogAIModule: Creating AISystem for world MazeGameAK
[2021.01.17-23.32.48:181][  0]LogEditorServer: Finished looking for orphan Actors (0.000 secs)
[2021.01.17-23.32.48:204][  0]Cmd: MAP CHECKDEP NOCLEARLOG
[2021.01.17-23.32.48:270][  0]MapCheck: Map check complete: 0 Error(s), 0 Warning(s), took 66,746ms to complete.
[2021.01.17-23.32.48:270][  0]LogFileHelpers: Loading map 'MazeGameAK' took 0.272
[2021.01.17-23.32.48:360][  0]LogSlate: Updating window title bar state: overlay mode, drag disabled, window buttons hidden, title bar hidden
[2021.01.17-23.32.48:365][  0]LogSlate: Updating window title bar state: overlay mode, drag disabled, window buttons hidden, title bar hidden
[2021.01.17-23.32.48:370][  0]LogSlate: Updating window title bar state: overlay mode, drag disabled, window buttons hidden, title bar hidden
[2021.01.17-23.32.48:376][  0]LogSlate: Updating window title bar state: overlay mode, drag disabled, window buttons hidden, title bar hidden
[2021.01.17-23.32.48:380][  0]LogCollectionManager: Loaded 0 collections in 0.001173 seconds
[2021.01.17-23.32.48:417][  0]LogFileCache: Scanning file cache for directory 'C:/Users/Adamk/OneDrive/Dokumenty/Unreal Projects/MyProject/Saved/Collections/' took 0.01s
[2021.01.17-23.32.48:418][  0]LogFileCache: Scanning file cache for directory 'C:/Users/Adamk/OneDrive/Dokumenty/Unreal Projects/MyProject/Content/Developers/Adamk/Collections/' took 0.01s
[2021.01.17-23.32.48:418][  0]LogFileCache: Scanning file cache for directory 'C:/Users/Adamk/OneDrive/Dokumenty/Unreal Projects/MyProject/Content/Collections/' took 0.01s
[2021.01.17-23.32.48:418][  0]LogCollectionManager: Rebuilt the GUID cache for 0 collections in 0.000001 seconds
[2021.01.17-23.32.48:425][  0]LogContentBrowser: Native class hierarchy populated in 0.0069 seconds. Added 2572 classes and 603 folders.
[2021.01.17-23.32.48:429][  0]LogContentBrowser: Native class hierarchy updated for 'WidgetCarousel' in 0.0002 seconds. Added 0 classes and 0 folders.
[2021.01.17-23.32.48:469][  0]LogContentBrowser: Native class hierarchy updated for 'AddContentDialog' in 0.0002 seconds. Added 0 classes and 0 folders.
[2021.01.17-23.32.48:473][  0]LogContentBrowser: Native class hierarchy updated for 'SceneOutliner' in 0.0002 seconds. Added 1 classes and 2 folders.
[2021.01.17-23.32.48:549][  0]LogContentBrowser: Native class hierarchy updated for 'HierarchicalLODOutliner' in 0.0002 seconds. Added 0 classes and 0 folders.
[2021.01.17-23.32.48:549][  0]LogLoad: (Engine Initialization) Total time: 6.96 seconds
[2021.01.17-23.32.48:549][  0]LogLoad: (Engine Initialization) Total Blueprint compile time: 0.00 seconds
[2021.01.17-23.32.48:580][  0]LogAssetRegistry: Asset discovery search completed in 3.1934 seconds
[2021.01.17-23.32.48:582][  0]LogCollectionManager: Rebuilt the object cache for 0 collections in 0.000000 seconds (found 0 objects)
[2021.01.17-23.32.48:582][  0]LogCollectionManager: Fixed up redirectors for 0 collections in 0.000047 seconds (updated 0 objects)
[2021.01.17-23.32.48:583][  0]LogContentStreaming: Texture pool size now 1000 MB
[2021.01.17-23.32.48:591][  0]LogSlate: FSceneViewport::OnFocusLost() reason 2
[2021.01.17-23.32.48:597][  0]LogSlate: Took 0.000138 seconds to synchronously load lazily loaded font '../../../Engine/Content/Slate/Fonts/Roboto-Regular.ttf' (155K)
[2021.01.17-23.32.48:598][  0]LogSlate: Took 0.000119 seconds to synchronously load lazily loaded font '../../../Engine/Content/Slate/Fonts/Roboto-Bold.ttf' (160K)
[2021.01.17-23.32.48:601][  0]LogSlate: Took 0.000115 seconds to synchronously load lazily loaded font '../../../Engine/Content/Editor/Slate/Fonts/FontAwesome.ttf' (139K)
[2021.01.17-23.32.48:674][  0]LogSlate: Took 0.000158 seconds to synchronously load lazily loaded font '../../../Engine/Content/Slate/Fonts/Roboto-Light.ttf' (167K)
[2021.01.17-23.32.48:904][  1]LogRenderer: Reallocating scene render targets to support 672x428 Format 10 NumSamples 1 (Frame:1).
[2021.01.17-23.32.49:906][  4]LogSlate: Took 0.000137 seconds to synchronously load lazily loaded font '../../../Engine/Content/Slate/Fonts/Roboto-Light.ttf' (167K)
[2021.01.17-23.32.52:260][ 11]LogRenderer: Reallocating scene render targets to support 672x432 Format 10 NumSamples 1 (Frame:3).
[2021.01.17-23.32.52:313][ 11]LogRenderer: Reallocating scene render targets to support 672x440 Format 10 NumSamples 1 (Frame:4).
[2021.01.17-23.32.52:368][ 11]LogRenderer: Reallocating scene render targets to support 672x452 Format 10 NumSamples 1 (Frame:5).
[2021.01.17-23.32.52:571][ 11]LogRenderer: Reallocating scene render targets to support 672x696 Format 10 NumSamples 1 (Frame:6).
[2021.01.17-23.32.53:485][117]LogSlate: FSceneViewport::OnFocusLost() reason 0
[2021.01.17-23.32.53:532][123]LogSlate: Window 'Message Log' being destroyed
[2021.01.17-23.32.53:536][123]LogSlate: Window 'Message Log' being destroyed
[2021.01.17-23.32.57:057][545]LogEditorViewport: Clicking on Actor (LMB): StaticMeshActor (Platform)
[2021.01.17-23.32.58:862][755]Cmd: DELETE
[2021.01.17-23.32.58:862][755]Cmd: ACTOR DELETE
[2021.01.17-23.32.58:866][755]LogSlate: FSceneViewport::OnFocusLost() reason 2
[2021.01.17-23.33.00:076][755]LogSlate: Window 'Message' being destroyed
[2021.01.17-23.33.00:101][755]LogEditorActor: Deleted 0 Actors (1.240 secs)
[2021.01.17-23.33.17:007][773]LogSlate: FSceneViewport::OnFocusLost() reason 2
[2021.01.17-23.33.31:076][460]LogSlate: FSceneViewport::OnFocusLost() reason 0
[2021.01.17-23.33.40:350][570]LogEditorViewport: Clicking on Actor (context menu): BP_Sky_Sphere_C (Sky Sphere)
[2021.01.17-23.33.40:376][570]LogSlate: FSceneViewport::OnFocusLost() reason 2
[2021.01.17-23.33.41:542][708]LogEditorViewport: Clicking on Actor (LMB): BP_Sky_Sphere_C (Sky Sphere)
[2021.01.17-23.34.04:877][258]LogSlate: FSceneViewport::OnFocusLost() reason 0
[2021.01.17-23.34.13:237][251]Cmd: BRUSH ADD SELECTNEWBRUSH
[2021.01.17-23.34.18:607][457]LogSlate: FSceneViewport::OnFocusLost() reason 2
[2021.01.17-23.34.26:848][749]LogSlate: FSceneViewport::OnFocusLost() reason 0
[2021.01.17-23.34.30:969][224]LogEditorViewport: Clicking on Actor (LMB): BP_Sky_Sphere_C (Sky Sphere)
[2021.01.17-23.34.33:258][491]LogSlate: FSceneViewport::OnFocusLost() reason 0
[2021.01.17-23.34.41:741][458]LogSlate: FSceneViewport::OnFocusLost() reason 0
[2021.01.17-23.34.42:967][516]LogRenderer: Reallocating scene render targets to support 676x696 Format 10 NumSamples 1 (Frame:9848).
[2021.01.17-23.34.43:001][517]LogRenderer: Reallocating scene render targets to support 680x696 Format 10 NumSamples 1 (Frame:9850).
[2021.01.17-23.34.45:763][846]Cmd: TRANSACTION UNDO
[2021.01.17-23.34.45:763][846]LogEditorTransaction: Undo Move Actors
[2021.01.17-23.35.03:267][943]LogSlate: FSceneViewport::OnFocusLost() reason 0
[2021.01.17-23.35.33:878][612]LogSlate: FSceneViewport::OnFocusLost() reason 0
[2021.01.17-23.35.57:136][325]Cmd: TRANSACTION UNDO
[2021.01.17-23.35.57:136][325]LogEditorTransaction: Undo Move Actors
[2021.01.17-23.35.57:911][415]Cmd: TRANSACTION UNDO
[2021.01.17-23.35.57:911][415]LogEditorTransaction: Undo Set Location
[2021.01.17-23.35.58:805][520]LogSlate: FSceneViewport::OnFocusLost() reason 0
[2021.01.17-23.36.42:750][789]LogSlate: FSceneViewport::OnFocusLost() reason 0
[2021.01.17-23.36.49:510][598]LogSlate: FSceneViewport::OnFocusLost() reason 0
[2021.01.17-23.36.55:252][284]LogSlate: FSceneViewport::OnFocusLost() reason 0
[2021.01.17-23.37.00:268][884]LogSlate: FSceneViewport::OnFocusLost() reason 0
[2021.01.17-23.37.08:608][881]LogSlate: FSceneViewport::OnFocusLost() reason 0
[2021.01.17-23.37.15:460][700]LogSlate: FSceneViewport::OnFocusLost() reason 0
[2021.01.17-23.37.18:983][122]Cmd: TRANSACTION UNDO
[2021.01.17-23.37.18:983][122]LogEditorTransaction: Undo Reset Scale
[2021.01.17-23.37.21:078][369]LogSlate: FSceneViewport::OnFocusLost() reason 0
[2021.01.17-23.37.35:967][151]LogSlate: FSceneViewport::OnFocusLost() reason 0
[2021.01.17-23.37.41:361][793]Cmd: TRANSACTION UNDO
[2021.01.17-23.37.41:361][793]LogEditorTransaction: Undo Set Scale
[2021.01.17-23.37.41:633][823]Cmd: TRANSACTION UNDO
[2021.01.17-23.37.41:633][823]LogEditorTransaction: Undo Set Scale
[2021.01.17-23.37.42:056][867]Cmd: TRANSACTION UNDO
[2021.01.17-23.37.42:056][867]LogEditorTransaction: Undo Set Scale
[2021.01.17-23.37.42:456][913]Cmd: TRANSACTION UNDO
[2021.01.17-23.37.42:456][913]LogEditorTransaction: Undo Set Scale
[2021.01.17-23.37.42:813][954]Cmd: TRANSACTION UNDO
[2021.01.17-23.37.42:813][954]LogEditorTransaction: Undo Set Scale
[2021.01.17-23.37.45:231][242]LogSlate: FSceneViewport::OnFocusLost() reason 0
[2021.01.17-23.38.00:613][ 84]LogSlate: FSceneViewport::OnFocusLost() reason 0
[2021.01.17-23.38.06:291][762]LogSlate: FSceneViewport::OnFocusLost() reason 0
[2021.01.17-23.38.18:727][248]LogEditorViewport: Clicking on Actor (LMB): StaticMeshActor (Platform)
[2021.01.17-23.38.33:558][  4]LogEditorViewport: Clicking on Actor (LMB): BP_Sky_Sphere_C (Sky Sphere)
[2021.01.17-23.38.39:014][644]Cmd: DELETE
[2021.01.17-23.38.39:019][644]Cmd: ACTOR DELETE
[2021.01.17-23.38.39:022][644]LogEditorActor: Deleted Actor: Brush
[2021.01.17-23.38.39:045][644]LogEditorActor: Deleted 1 Actors (0.026 secs)
[2021.01.17-23.38.45:000][358]LogSlate: FSceneViewport::OnFocusLost() reason 2
[2021.01.17-23.38.54:108][425]Cmd: BRUSH ADD SELECTNEWBRUSH
[2021.01.17-23.38.54:992][529]LogSlate: FSceneViewport::OnFocusLost() reason 0
[2021.01.17-23.39.12:406][560]LogSlate: FSceneViewport::OnFocusLost() reason 0
[2021.01.17-23.39.16:888][ 54]LogEditorViewport: Clicking on Actor (LMB): BP_Sky_Sphere_C (Sky Sphere)
[2021.01.17-23.39.25:903][131]LogSlate: Took 0.000208 seconds to synchronously load lazily loaded font '../../../Engine/Content/Slate/Fonts/Roboto-Italic.ttf' (157K)
[2021.01.17-23.39.29:534][566]LogSlate: FSceneViewport::OnFocusLost() reason 2
[2021.01.17-23.39.49:414][951]LogSlate: FSceneViewport::OnFocusLost() reason 0
[2021.01.17-23.39.49:513][959]LogRenderer: Reallocating scene render targets to support 788x708 Format 10 NumSamples 1 (Frame:45766).
[2021.01.17-23.39.52:177][272]LogRenderer: Reallocating scene render targets to support 792x708 Format 10 NumSamples 1 (Frame:46070).
[2021.01.17-23.39.52:214][273]LogRenderer: Reallocating scene render targets to support 820x708 Format 10 NumSamples 1 (Frame:46072).
[2021.01.17-23.39.52:250][274]LogRenderer: Reallocating scene render targets to support 868x708 Format 10 NumSamples 1 (Frame:46074).
[2021.01.17-23.39.52:285][275]LogRenderer: Reallocating scene render targets to support 916x708 Format 10 NumSamples 1 (Frame:46076).
[2021.01.17-23.39.52:321][276]LogRenderer: Reallocating scene render targets to support 952x708 Format 10 NumSamples 1 (Frame:46078).
[2021.01.17-23.39.52:356][277]LogRenderer: Reallocating scene render targets to support 980x708 Format 10 NumSamples 1 (Frame:46080).
[2021.01.17-23.39.52:393][278]LogRenderer: Reallocating scene render targets to support 1012x708 Format 10 NumSamples 1 (Frame:46082).
[2021.01.17-23.39.52:428][279]LogRenderer: Reallocating scene render targets to support 1040x708 Format 10 NumSamples 1 (Frame:46084).
[2021.01.17-23.39.52:464][280]LogRenderer: Reallocating scene render targets to support 1064x708 Format 10 NumSamples 1 (Frame:46086).
[2021.01.17-23.39.52:500][281]LogRenderer: Reallocating scene render targets to support 1080x708 Format 10 NumSamples 1 (Frame:46088).
[2021.01.17-23.39.52:535][282]LogRenderer: Reallocating scene render targets to support 1084x708 Format 10 NumSamples 1 (Frame:46090).
[2021.01.17-23.39.52:569][283]LogRenderer: Reallocating scene render targets to support 1088x708 Format 10 NumSamples 1 (Frame:46092).
[2021.01.17-23.39.54:467][507]LogRenderer: Reallocating scene render targets to support 1088x712 Format 10 NumSamples 1 (Frame:46298).
[2021.01.17-23.39.54:504][508]LogRenderer: Reallocating scene render targets to support 1088x732 Format 10 NumSamples 1 (Frame:46300).
[2021.01.17-23.39.54:539][509]LogRenderer: Reallocating scene render targets to support 1088x772 Format 10 NumSamples 1 (Frame:46302).
[2021.01.17-23.39.54:576][510]LogRenderer: Reallocating scene render targets to support 1088x804 Format 10 NumSamples 1 (Frame:46304).
[2021.01.17-23.39.54:610][511]LogRenderer: Reallocating scene render targets to support 1088x828 Format 10 NumSamples 1 (Frame:46306).
[2021.01.17-23.39.54:644][512]LogRenderer: Reallocating scene render targets to support 1088x832 Format 10 NumSamples 1 (Frame:46308).
[2021.01.17-23.39.57:562][857]LogSlate: FSceneViewport::OnFocusLost() reason 0
[2021.01.17-23.39.57:717][870]LogRenderer: Reallocating scene render targets to support 1116x832 Format 10 NumSamples 1 (Frame:46637).
[2021.01.17-23.39.57:755][871]LogRenderer: Reallocating scene render targets to support 1180x832 Format 10 NumSamples 1 (Frame:46639).
[2021.01.17-23.39.57:794][872]LogRenderer: Reallocating scene render targets to support 1260x832 Format 10 NumSamples 1 (Frame:46641).
[2021.01.17-23.39.57:837][873]LogRenderer: Reallocating scene render targets to support 1336x832 Format 10 NumSamples 1 (Frame:46643).
[2021.01.17-23.39.57:872][874]LogRenderer: Reallocating scene render targets to support 1396x832 Format 10 NumSamples 1 (Frame:46645).
[2021.01.17-23.39.57:909][875]LogRenderer: Reallocating scene render targets to support 1428x832 Format 10 NumSamples 1 (Frame:46647).
[2021.01.17-23.39.57:945][876]LogRenderer: Reallocating scene render targets to support 1452x832 Format 10 NumSamples 1 (Frame:46649).
[2021.01.17-23.39.57:983][877]LogRenderer: Reallocating scene render targets to support 1472x832 Format 10 NumSamples 1 (Frame:46651).
[2021.01.17-23.39.58:017][878]LogRenderer: Reallocating scene render targets to support 1492x832 Format 10 NumSamples 1 (Frame:46653).
[2021.01.17-23.39.58:053][879]LogRenderer: Reallocating scene render targets to support 1504x832 Format 10 NumSamples 1 (Frame:46655).
[2021.01.17-23.39.58:089][880]LogRenderer: Reallocating scene render targets to support 1512x832 Format 10 NumSamples 1 (Frame:46657).
[2021.01.17-23.40.05:904][800]LogSlate: FSceneViewport::OnFocusLost() reason 0
[2021.01.17-23.40.46:040][605]LogSlate: FSceneViewport::OnFocusLost() reason 0
[2021.01.17-23.40.53:379][442]Cmd: BRUSH ADD SELECTNEWBRUSH
[2021.01.17-23.40.56:329][794]LogSlate: FSceneViewport::OnFocusLost() reason 0
[2021.01.17-23.42.02:038][605]LogSlate: FSceneViewport::OnFocusLost() reason 0
[2021.01.17-23.42.06:035][ 69]LogEditorViewport: Clicking on Actor (LMB): BP_Sky_Sphere_C (Sky Sphere)
[2021.01.17-23.42.13:842][992]LogSlate: FSceneViewport::OnFocusLost() reason 0
[2021.01.17-23.42.17:408][416]LogEditorViewport: Clicking on Actor (LMB): BP_Sky_Sphere_C (Sky Sphere)
[2021.01.17-23.42.18:823][580]LogSlate: FSceneViewport::OnFocusLost() reason 0
[2021.01.17-23.42.21:167][857]LogEditorViewport: Clicking on Actor (LMB): BP_Sky_Sphere_C (Sky Sphere)
[2021.01.17-23.42.33:013][266]LogSlate: FSceneViewport::OnFocusLost() reason 2
[2021.01.17-23.43.21:393][ 54]LogSlate: FSceneViewport::OnFocusLost() reason 2
[2021.01.17-23.43.21:579][ 54]LogSavePackage: Moving '../../../../../../Users/Adamk/OneDrive/Dokumenty/Unreal Projects/MyProject/Saved/MazeGameAK_Auto17B9DA44C40AA3E1268E8DAB0283652CC.tmp' to '../../../../../../Users/Adamk/OneDrive/Dokumenty/Unreal Projects/MyProject/Saved/Autosaves/Game/MazeGameAK_Auto1.umap'
[2021.01.17-23.43.21:581][ 54]LogFileHelpers: Editor autosave (incl. sublevels) for '/Game/MazeGameAK' took 0.178
[2021.01.17-23.43.21:581][ 54]LogFileHelpers: Editor autosave (incl. sublevels) for all levels took 0.178
[2021.01.17-23.43.45:243][889]LogSlate: FSceneViewport::OnFocusLost() reason 0
[2021.01.17-23.44.17:606][586]LogSlate: FSceneViewport::OnFocusLost() reason 0
[2021.01.17-23.44.28:296][820]Cmd: POLY SELECT ADJACENT ALL
[2021.01.17-23.44.45:781][915]LogSlate: FSceneViewport::OnFocusLost() reason 0
[2021.01.17-23.45.38:325][214]LogSlate: FSceneViewport::OnFocusLost() reason 0
[2021.01.17-23.45.43:865][871]Cmd: EDIT COPY
[2021.01.17-23.45.44:185][909]Cmd: EDIT PASTE
[2021.01.17-23.45.55:873][246]LogEditorViewport: Clicking on Actor (LMB): BP_Sky_Sphere_C (Sky Sphere)
[2021.01.17-23.46.21:334][224]LogSlate: FSceneViewport::OnFocusLost() reason 0
[2021.01.17-23.46.22:734][387]LogEditorViewport: Clicking on Actor (LMB): Brush (Box Brush2)
[2021.01.17-23.46.25:880][759]Cmd: TRANSACTION UNDO
[2021.01.17-23.46.25:880][759]LogEditorTransaction: Undo Move Actors
[2021.01.17-23.46.25:884][759]LogActorComponent: ~FComponentReregisterContext: (/Game/MazeGameAK.MazeGameAK:PersistentLevel.BoxBrush_3.BrushComponent0) Component already registered.
[2021.01.17-23.46.26:810][867]Cmd: EDIT COPY
[2021.01.17-23.46.27:095][901]Cmd: EDIT PASTE
[2021.01.17-23.46.40:941][512]LogEditorViewport: Clicking on Actor (LMB): BP_Sky_Sphere_C (Sky Sphere)
[2021.01.17-23.46.46:008][ 76]LogSlate: FSceneViewport::OnFocusLost() reason 2
[2021.01.17-23.46.51:023][672]LogEditorViewport: Clicking on Actor (LMB): BP_Sky_Sphere_C (Sky Sphere)
[2021.01.17-23.46.55:569][185]Cmd: TRANSACTION UNDO
[2021.01.17-23.46.55:569][185]LogEditorTransaction: Undo Move Actors
[2021.01.17-23.46.55:573][185]LogActorComponent: ~FComponentReregisterContext: (/Game/MazeGameAK.MazeGameAK:PersistentLevel.BoxBrush_3.BrushComponent0) Component already registered.
[2021.01.17-23.47.01:527][888]LogEditorViewport: Clicking on Actor (LMB): BP_Sky_Sphere_C (Sky Sphere)
[2021.01.17-23.47.04:094][176]Cmd: EDIT COPY
[2021.01.17-23.47.04:337][205]Cmd: EDIT PASTE
[2021.01.17-23.47.13:448][262]LogEditorViewport: Clicking on Actor (LMB): BP_Sky_Sphere_C (Sky Sphere)
[2021.01.17-23.47.39:293][325]LogGeometryMode: Warning: Unable to find BoxBrush5 Brush(s) in new BSP
[2021.01.17-23.47.39:293][325]LogGeometryMode: Warning: Unable to find all previously selected geometry data, resetting selection
[2021.01.17-23.47.45:077][990]LogEditorViewport: Clicking on Actor (LMB): BP_Sky_Sphere_C (Sky Sphere)
[2021.01.17-23.47.56:463][292]LogGeometryMode: Warning: Unable to find BoxBrush4 Brush(s) in new BSP
[2021.01.17-23.47.56:463][292]LogGeometryMode: Warning: Unable to find all previously selected geometry data, resetting selection
[2021.01.17-23.48.04:108][166]Cmd: TRANSACTION UNDO
[2021.01.17-23.48.04:108][166]LogEditorTransaction: Undo Move Actors
[2021.01.17-23.48.07:494][564]LogEditorViewport: Clicking on Actor (LMB): BP_Sky_Sphere_C (Sky Sphere)
[2021.01.17-23.48.22:932][359]LogSlate: FSceneViewport::OnFocusLost() reason 0
[2021.01.17-23.48.23:593][437]LogEditorViewport: Clicking on Actor (LMB): BP_Sky_Sphere_C (Sky Sphere)
[2021.01.17-23.48.24:949][596]LogSlate: FSceneViewport::OnFocusLost() reason 0
[2021.01.17-23.48.33:430][590]LogSlate: FSceneViewport::OnFocusLost() reason 0
[2021.01.17-23.48.35:867][875]LogSlate: FSceneViewport::OnFocusLost() reason 0
[2021.01.17-23.48.39:094][238]LogSlate: FSceneViewport::OnFocusLost() reason 0
[2021.01.17-23.48.40:644][422]LogSlate: FSceneViewport::OnFocusLost() reason 0
[2021.01.17-23.48.44:870][919]LogSlate: FSceneViewport::OnFocusLost() reason 0
[2021.01.17-23.48.47:200][184]LogSlate: FSceneViewport::OnFocusLost() reason 0
[2021.01.17-23.48.48:549][335]LogSlate: FSceneViewport::OnFocusLost() reason 0
[2021.01.17-23.48.51:303][661]LogSlate: FSceneViewport::OnFocusLost() reason 0
[2021.01.17-23.48.53:787][951]LogSlate: FSceneViewport::OnFocusLost() reason 0
[2021.01.17-23.48.56:429][246]LogSlate: FSceneViewport::OnFocusLost() reason 0
[2021.01.17-23.49.03:445][ 71]LogSlate: FSceneViewport::OnFocusLost() reason 0
[2021.01.17-23.49.05:166][270]LogSlate: FSceneViewport::OnFocusLost() reason 0
[2021.01.17-23.49.07:796][567]LogSlate: FSceneViewport::OnFocusLost() reason 0
[2021.01.17-23.49.09:182][728]LogSlate: FSceneViewport::OnFocusLost() reason 0
[2021.01.17-23.49.11:738][ 24]LogSlate: FSceneViewport::OnFocusLost() reason 0
[2021.01.17-23.49.14:789][373]LogSlate: FSceneViewport::OnFocusLost() reason 0
[2021.01.17-23.49.21:281][139]LogSlate: FSceneViewport::OnFocusLost() reason 0
[2021.01.17-23.49.21:389][152]LogTemp: Repeating last play command: Selected Viewport
[2021.01.17-23.49.21:398][152]LogBlueprintUserMessages: Early PlayInEditor Detection: Level '/Game/MazeGameAK.MazeGameAK:PersistentLevel' has LevelScriptBlueprint '/Game/MazeGameAK.MazeGameAK:PersistentLevel.MazeGameAK' with GeneratedClass '/Game/MazeGameAK.MazeGameAK_C' with ClassGeneratedBy '/Game/MazeGameAK.MazeGameAK:PersistentLevel.MazeGameAK'
[2021.01.17-23.49.21:398][152]LogPlayLevel: PlayLevel: No blueprints needed recompiling
[2021.01.17-23.49.21:411][152]PIE: New page: PIE session: MazeGameAK (18 sty 2021, 01:49:21)
[2021.01.17-23.49.21:411][152]LogPlayLevel: Creating play world package: /Game/UEDPIE_0_MazeGameAK
[2021.01.17-23.49.21:415][152]LogPlayLevel: PIE: StaticDuplicateObject took: (0.004153s)
[2021.01.17-23.49.21:416][152]LogAIModule: Creating AISystem for world MazeGameAK
[2021.01.17-23.49.21:416][152]LogPlayLevel: PIE: World Init took: (0.000818s)
[2021.01.17-23.49.21:416][152]LogPlayLevel: PIE: Created PIE world by copying editor world from /Game/MazeGameAK.MazeGameAK to /Game/UEDPIE_0_MazeGameAK.MazeGameAK (0.005148s)
[2021.01.17-23.49.21:443][152]LogInit: XAudio2 using 'Głośniki (Realtek(R) Audio)' : 2 channels at 48 kHz using 32 bits per sample (channel mask 0x3)
[2021.01.17-23.49.21:464][152]LogInit: FAudioDevice initialized.
[2021.01.17-23.49.21:503][152]LogLoad: Game class is 'GameModeBase'
[2021.01.17-23.49.21:505][152]LogWorld: Bringing World /Game/UEDPIE_0_MazeGameAK.MazeGameAK up for play (max tick rate 0) at 2021.01.18-00.49.21
[2021.01.17-23.49.21:505][152]LogWorld: Bringing up level for play took: 0.000760
[2021.01.17-23.49.21:520][152]LogContentBrowser: Native class hierarchy updated for 'MovieSceneCapture' in 0.0003 seconds. Added 10 classes and 0 folders.
[2021.01.17-23.49.21:520][152]PIE: Play in editor start time for /Game/UEDPIE_0_MazeGameAK -0,51
[2021.01.17-23.49.21:520][152]LogBlueprintUserMessages: Late PlayInEditor Detection: Level '/Game/MazeGameAK.MazeGameAK:PersistentLevel' has LevelScriptBlueprint '/Game/MazeGameAK.MazeGameAK:PersistentLevel.MazeGameAK' with GeneratedClass '/Game/MazeGameAK.MazeGameAK_C' with ClassGeneratedBy '/Game/MazeGameAK.MazeGameAK:PersistentLevel.MazeGameAK'
[2021.01.17-23.49.23:511][389]LogBlueprintUserMessages: Early EndPlayMap Detection: Level '/Game/MazeGameAK.MazeGameAK:PersistentLevel' has LevelScriptBlueprint '/Game/MazeGameAK.MazeGameAK:PersistentLevel.MazeGameAK' with GeneratedClass '/Game/MazeGameAK.MazeGameAK_C' with ClassGeneratedBy '/Game/MazeGameAK.MazeGameAK:PersistentLevel.MazeGameAK'
[2021.01.17-23.49.23:511][389]LogSlate: Updating window title bar state: overlay mode, drag disabled, window buttons hidden, title bar hidden
[2021.01.17-23.49.23:543][389]LogPlayLevel: Display: Shutting down PIE online subsystems
[2021.01.17-23.49.23:543][389]LogBlueprintUserMessages: Late EndPlayMap Detection: Level '/Game/MazeGameAK.MazeGameAK:PersistentLevel' has LevelScriptBlueprint '/Game/MazeGameAK.MazeGameAK:PersistentLevel.MazeGameAK' with GeneratedClass '/Game/MazeGameAK.MazeGameAK_C' with ClassGeneratedBy '/Game/MazeGameAK.MazeGameAK:PersistentLevel.MazeGameAK'
[2021.01.17-23.49.23:565][389]LogSlate: Updating window title bar state: overlay mode, drag disabled, window buttons hidden, title bar hidden
[2021.01.17-23.49.23:613][393]LogPlayLevel: Display: Destroying online subsystem :Context_3
[2021.01.17-23.49.34:416][685]LogEditorViewport: Clicking on Actor (LMB): StaticMeshActor (Sphere)
[2021.01.17-23.49.37:702][ 53]LogSlate: FSceneViewport::OnFocusLost() reason 0
[2021.01.17-23.49.37:777][ 62]LogTemp: Repeating last play command: Selected Viewport
[2021.01.17-23.49.37:786][ 62]LogBlueprintUserMessages: Early PlayInEditor Detection: Level '/Game/MazeGameAK.MazeGameAK:PersistentLevel' has LevelScriptBlueprint '/Game/MazeGameAK.MazeGameAK:PersistentLevel.MazeGameAK' with GeneratedClass '/Game/MazeGameAK.MazeGameAK_C' with ClassGeneratedBy '/Game/MazeGameAK.MazeGameAK:PersistentLevel.MazeGameAK'
[2021.01.17-23.49.37:786][ 62]LogPlayLevel: PlayLevel: No blueprints needed recompiling
[2021.01.17-23.49.37:786][ 62]PIE: New page: PIE session: MazeGameAK (18 sty 2021, 01:49:37)
[2021.01.17-23.49.37:786][ 62]LogPlayLevel: Creating play world package: /Game/UEDPIE_0_MazeGameAK
[2021.01.17-23.49.37:791][ 62]LogPlayLevel: PIE: StaticDuplicateObject took: (0.004500s)
[2021.01.17-23.49.37:791][ 62]LogAIModule: Creating AISystem for world MazeGameAK
[2021.01.17-23.49.37:791][ 62]LogPlayLevel: PIE: World Init took: (0.000574s)
[2021.01.17-23.49.37:791][ 62]LogPlayLevel: PIE: Created PIE world by copying editor world from /Game/MazeGameAK.MazeGameAK to /Game/UEDPIE_0_MazeGameAK.MazeGameAK (0.005189s)
[2021.01.17-23.49.37:818][ 62]LogInit: XAudio2 using 'Głośniki (Realtek(R) Audio)' : 2 channels at 48 kHz using 32 bits per sample (channel mask 0x3)
[2021.01.17-23.49.37:836][ 62]LogInit: FAudioDevice initialized.
[2021.01.17-23.49.37:868][ 62]LogLoad: Game class is 'GameModeBase'
[2021.01.17-23.49.37:869][ 62]LogWorld: Bringing World /Game/UEDPIE_0_MazeGameAK.MazeGameAK up for play (max tick rate 0) at 2021.01.18-00.49.37
[2021.01.17-23.49.37:870][ 62]LogWorld: Bringing up level for play took: 0.000653
[2021.01.17-23.49.37:881][ 62]PIE: Play in editor start time for /Game/UEDPIE_0_MazeGameAK -0,149
[2021.01.17-23.49.37:882][ 62]LogBlueprintUserMessages: Late PlayInEditor Detection: Level '/Game/MazeGameAK.MazeGameAK:PersistentLevel' has LevelScriptBlueprint '/Game/MazeGameAK.MazeGameAK:PersistentLevel.MazeGameAK' with GeneratedClass '/Game/MazeGameAK.MazeGameAK_C' with ClassGeneratedBy '/Game/MazeGameAK.MazeGameAK:PersistentLevel.MazeGameAK'
[2021.01.17-23.49.40:213][340]LogBlueprintUserMessages: Early EndPlayMap Detection: Level '/Game/MazeGameAK.MazeGameAK:PersistentLevel' has LevelScriptBlueprint '/Game/MazeGameAK.MazeGameAK:PersistentLevel.MazeGameAK' with GeneratedClass '/Game/MazeGameAK.MazeGameAK_C' with ClassGeneratedBy '/Game/MazeGameAK.MazeGameAK:PersistentLevel.MazeGameAK'
[2021.01.17-23.49.40:213][340]LogSlate: Updating window title bar state: overlay mode, drag disabled, window buttons hidden, title bar hidden
[2021.01.17-23.49.40:245][340]LogPlayLevel: Display: Shutting down PIE online subsystems
[2021.01.17-23.49.40:245][340]LogBlueprintUserMessages: Late EndPlayMap Detection: Level '/Game/MazeGameAK.MazeGameAK:PersistentLevel' has LevelScriptBlueprint '/Game/MazeGameAK.MazeGameAK:PersistentLevel.MazeGameAK' with GeneratedClass '/Game/MazeGameAK.MazeGameAK_C' with ClassGeneratedBy '/Game/MazeGameAK.MazeGameAK:PersistentLevel.MazeGameAK'
[2021.01.17-23.49.40:267][340]LogSlate: Updating window title bar state: overlay mode, drag disabled, window buttons hidden, title bar hidden
[2021.01.17-23.49.40:315][344]LogPlayLevel: Display: Destroying online subsystem :Context_4
[2021.01.17-23.49.45:680][970]LogSlate: FSceneViewport::OnFocusLost() reason 2
[2021.01.17-23.49.50:510][529]LogEditorViewport: Clicking on Actor (context menu): Brush (Box Brush)
[2021.01.17-23.49.50:529][529]LogSlate: FSceneViewport::OnFocusLost() reason 2
[2021.01.17-23.49.52:375][749]LogEditorViewport: Clicking on Actor (LMB): BP_Sky_Sphere_C (Sky Sphere)
[2021.01.17-23.50.12:634][162]LogSlate: FSceneViewport::OnFocusLost() reason 2
[2021.01.17-23.50.14:330][364]LogSlate: FSceneViewport::OnFocusLost() reason 2
[2021.01.17-23.50.18:137][818]LogEditorViewport: Clicking on Actor (LMB): BP_Sky_Sphere_C (Sky Sphere)
[2021.01.17-23.50.20:993][137]LogSlate: FSceneViewport::OnFocusLost() reason 0
[2021.01.17-23.50.24:800][585]Cmd: BRUSH ADD SELECTNEWBRUSH
[2021.01.17-23.50.42:123][640]LogSlate: FSceneViewport::OnFocusLost() reason 2
[2021.01.17-23.50.51:885][767]LogSlate: FSceneViewport::OnFocusLost() reason 0
[2021.01.17-23.51.29:752][240]LogSlate: FSceneViewport::OnFocusLost() reason 2
[2021.01.17-23.51.30:816][366]LogEditorViewport: Clicking on Actor (LMB): BP_Sky_Sphere_C (Sky Sphere)
[2021.01.17-23.51.32:482][556]LogSlate: FSceneViewport::OnFocusLost() reason 0
[2021.01.17-23.51.32:556][565]LogTemp: Repeating last play command: Selected Viewport
[2021.01.17-23.51.32:566][565]LogBlueprintUserMessages: Early PlayInEditor Detection: Level '/Game/MazeGameAK.MazeGameAK:PersistentLevel' has LevelScriptBlueprint '/Game/MazeGameAK.MazeGameAK:PersistentLevel.MazeGameAK' with GeneratedClass '/Game/MazeGameAK.MazeGameAK_C' with ClassGeneratedBy '/Game/MazeGameAK.MazeGameAK:PersistentLevel.MazeGameAK'
[2021.01.17-23.51.32:566][565]LogPlayLevel: PlayLevel: No blueprints needed recompiling
[2021.01.17-23.51.32:566][565]PIE: New page: PIE session: MazeGameAK (18 sty 2021, 01:51:32)
[2021.01.17-23.51.32:566][565]LogPlayLevel: Creating play world package: /Game/UEDPIE_0_MazeGameAK
[2021.01.17-23.51.32:570][565]LogPlayLevel: PIE: StaticDuplicateObject took: (0.004085s)
[2021.01.17-23.51.32:571][565]LogAIModule: Creating AISystem for world MazeGameAK
[2021.01.17-23.51.32:571][565]LogPlayLevel: PIE: World Init took: (0.000527s)
[2021.01.17-23.51.32:571][565]LogPlayLevel: PIE: Created PIE world by copying editor world from /Game/MazeGameAK.MazeGameAK to /Game/UEDPIE_0_MazeGameAK.MazeGameAK (0.004730s)
[2021.01.17-23.51.32:597][565]LogInit: XAudio2 using 'Głośniki (Realtek(R) Audio)' : 2 channels at 48 kHz using 32 bits per sample (channel mask 0x3)
[2021.01.17-23.51.32:616][565]LogInit: FAudioDevice initialized.
[2021.01.17-23.51.32:648][565]LogLoad: Game class is 'GameModeBase'
[2021.01.17-23.51.32:650][565]LogWorld: Bringing World /Game/UEDPIE_0_MazeGameAK.MazeGameAK up for play (max tick rate 0) at 2021.01.18-00.51.32
[2021.01.17-23.51.32:650][565]LogWorld: Bringing up level for play took: 0.000687
[2021.01.17-23.51.32:662][565]PIE: Play in editor start time for /Game/UEDPIE_0_MazeGameAK 0,631
[2021.01.17-23.51.32:662][565]LogBlueprintUserMessages: Late PlayInEditor Detection: Level '/Game/MazeGameAK.MazeGameAK:PersistentLevel' has LevelScriptBlueprint '/Game/MazeGameAK.MazeGameAK:PersistentLevel.MazeGameAK' with GeneratedClass '/Game/MazeGameAK.MazeGameAK_C' with ClassGeneratedBy '/Game/MazeGameAK.MazeGameAK:PersistentLevel.MazeGameAK'
[2021.01.17-23.51.35:458][899]LogBlueprintUserMessages: Early EndPlayMap Detection: Level '/Game/MazeGameAK.MazeGameAK:PersistentLevel' has LevelScriptBlueprint '/Game/MazeGameAK.MazeGameAK:PersistentLevel.MazeGameAK' with GeneratedClass '/Game/MazeGameAK.MazeGameAK_C' with ClassGeneratedBy '/Game/MazeGameAK.MazeGameAK:PersistentLevel.MazeGameAK'
[2021.01.17-23.51.35:459][899]LogSlate: Updating window title bar state: overlay mode, drag disabled, window buttons hidden, title bar hidden
[2021.01.17-23.51.35:491][899]LogPlayLevel: Display: Shutting down PIE online subsystems
[2021.01.17-23.51.35:491][899]LogBlueprintUserMessages: Late EndPlayMap Detection: Level '/Game/MazeGameAK.MazeGameAK:PersistentLevel' has LevelScriptBlueprint '/Game/MazeGameAK.MazeGameAK:PersistentLevel.MazeGameAK' with GeneratedClass '/Game/MazeGameAK.MazeGameAK_C' with ClassGeneratedBy '/Game/MazeGameAK.MazeGameAK:PersistentLevel.MazeGameAK'
[2021.01.17-23.51.35:515][899]LogSlate: Updating window title bar state: overlay mode, drag disabled, window buttons hidden, title bar hidden
[2021.01.17-23.51.35:563][903]LogPlayLevel: Display: Destroying online subsystem :Context_5
[2021.01.17-23.51.52:863][978]LogSlate: FSceneViewport::OnFocusLost() reason 2
[2021.01.17-23.51.52:870][978]Cmd: OBJ SAVEPACKAGE PACKAGE="/Game/MazeGameAK" FILE="../../../../../../Users/Adamk/OneDrive/Dokumenty/Unreal Projects/MyProject/Content/MazeGameAK.umap" SILENT=true AUTOSAVING=false KEEPDIRTY=false
[2021.01.17-23.51.53:111][978]LogSavePackage: Moving '../../../../../../Users/Adamk/OneDrive/Dokumenty/Unreal Projects/MyProject/Saved/MazeGameAK970A75474F99308565C18C8C36BABD77.tmp' to '../../../../../../Users/Adamk/OneDrive/Dokumenty/Unreal Projects/MyProject/Content/MazeGameAK.umap'
[2021.01.17-23.51.53:131][978]Cmd: OBJ SAVEPACKAGE PACKAGE="/Game/MazeGameAK_BuiltData" FILE="../../../../../../Users/Adamk/OneDrive/Dokumenty/Unreal Projects/MyProject/Content/MazeGameAK_BuiltData.uasset" SILENT=true
[2021.01.17-23.51.53:148][978]LogSavePackage: Moving '../../../../../../Users/Adamk/OneDrive/Dokumenty/Unreal Projects/MyProject/Saved/MazeGameAK_BuiltDataD866C2F54C8035D5B9B295995B76C40E.tmp' to '../../../../../../Users/Adamk/OneDrive/Dokumenty/Unreal Projects/MyProject/Content/MazeGameAK_BuiltData.uasset'
[2021.01.17-23.51.55:050][206]LogSlate: FSceneViewport::OnFocusLost() reason 0
[2021.01.17-23.51.55:236][221]LogSlate: Window 'MyProject - Unreal Editor' being destroyed
[2021.01.17-23.51.55:402][222]Cmd: QUIT_EDITOR
[2021.01.17-23.51.56:243][222]LogWindowsTextInputMethodSystem: Display: IME system now deactivated.
[2021.01.17-23.51.56:251][222]LogExit: Preparing to exit.
[2021.01.17-23.51.56:485][222]LogExit: Editor shut down
[2021.01.17-23.51.56:485][222]LogExit: Transaction tracking system shut down
[2021.01.17-23.51.56:812][222]LogExit: Object subsystem successfully closed.
[2021.01.17-23.51.56:836][222]LogShaderCompilers: Display: Shaders left to compile 0
[2021.01.17-23.51.56:838][222]LogD3D11RHI: Shutdown
[2021.01.17-23.51.56:838][222]LogD3D11RHI: CleanupD3DDevice
[2021.01.17-23.51.56:839][222]LogD3D11RHI: ~FD3D11DynamicRHI
[2021.01.17-23.51.56:860][222]LogModuleManager: Shutting down and abandoning module MovieSceneCapture (614)
[2021.01.17-23.51.56:860][222]LogModuleManager: Shutting down and abandoning module Voice (612)
[2021.01.17-23.51.56:860][222]LogModuleManager: Shutting down and abandoning module HierarchicalLODOutliner (610)
[2021.01.17-23.51.56:860][222]LogModuleManager: Shutting down and abandoning module SceneOutliner (608)
[2021.01.17-23.51.56:860][222]LogModuleManager: Shutting down and abandoning module AddContentDialog (606)
[2021.01.17-23.51.56:861][222]LogModuleManager: Shutting down and abandoning module WidgetCarousel (605)
[2021.01.17-23.51.56:861][222]LogModuleManager: Shutting down and abandoning module EditorWidgets (602)
[2021.01.17-23.51.56:861][222]LogModuleManager: Shutting down and abandoning module CollectionManager (600)
[2021.01.17-23.51.56:861][222]LogModuleManager: Shutting down and abandoning module StatsViewer (598)
[2021.01.17-23.51.56:861][222]LogModuleManager: Shutting down and abandoning module FoliageEdit (596)
[2021.01.17-23.51.56:861][222]LogModuleManager: Shutting down and abandoning module LandscapeEditor (594)
[2021.01.17-23.51.56:861][222]LogModuleManager: Shutting down and abandoning module MeshPaintMode (592)
[2021.01.17-23.51.56:861][222]LogModuleManager: Shutting down and abandoning module SceneDepthPickerMode (590)
[2021.01.17-23.51.56:861][222]LogModuleManager: Shutting down and abandoning module ActorPickerMode (588)
[2021.01.17-23.51.56:861][222]LogModuleManager: Shutting down and abandoning module GeometryMode (586)
[2021.01.17-23.51.56:861][222]LogModuleManager: Shutting down and abandoning module TextureAlignMode (584)
[2021.01.17-23.51.56:861][222]LogModuleManager: Shutting down and abandoning module BspMode (582)
[2021.01.17-23.51.56:861][222]LogModuleManager: Shutting down and abandoning module PIEPreviewDeviceProfileSelector (580)
[2021.01.17-23.51.56:861][222]LogModuleManager: Shutting down and abandoning module SequenceRecorderSections (578)
[2021.01.17-23.51.56:861][222]LogModuleManager: Shutting down and abandoning module AutomationWorker (576)
[2021.01.17-23.51.56:861][222]LogModuleManager: Shutting down and abandoning module AudioCaptureEditor (574)
[2021.01.17-23.51.56:861][222]LogModuleManager: Shutting down and abandoning module SequenceRecorder (573)
[2021.01.17-23.51.56:861][222]LogModuleManager: Shutting down and abandoning module MatineeToLevelSequence (570)
[2021.01.17-23.51.56:861][222]LogModuleManager: Shutting down and abandoning module LevelSequenceEditor (568)
[2021.01.17-23.51.56:861][222]LogModuleManager: Shutting down and abandoning module PlacementMode (567)
[2021.01.17-23.51.56:861][222]LogModuleManager: Shutting down and abandoning module MaterialEditor (566)
[2021.01.17-23.51.56:861][222]LogModuleManager: Shutting down and abandoning module WmfMediaFactory (562)
[2021.01.17-23.51.56:861][222]LogModuleManager: Shutting down and abandoning module WmfMediaEditor (560)
[2021.01.17-23.51.56:861][222]LogModuleManager: Shutting down and abandoning module MediaPlayerEditor (558)
[2021.01.17-23.51.56:861][222]LogModuleManager: Shutting down and abandoning module OpenExrWrapper (556)
[2021.01.17-23.51.56:861][222]LogModuleManager: Shutting down and abandoning module ImgMediaFactory (554)
[2021.01.17-23.51.56:861][222]LogModuleManager: Shutting down and abandoning module ImgMediaEditor (552)
[2021.01.17-23.51.56:861][222]LogModuleManager: Shutting down and abandoning module AvfMediaFactory (550)
[2021.01.17-23.51.56:861][222]LogModuleManager: Shutting down and abandoning module AvfMediaEditor (548)
[2021.01.17-23.51.56:861][222]LogModuleManager: Shutting down and abandoning module AndroidMediaFactory (546)
[2021.01.17-23.51.56:862][222]LogModuleManager: Shutting down and abandoning module AndroidMediaEditor (544)
[2021.01.17-23.51.56:862][222]LogModuleManager: Shutting down and abandoning module MagicLeapCameraPreviewFactory (542)
[2021.01.17-23.51.56:862][222]LogModuleManager: Shutting down and abandoning module MagicLeapMediaFactory (540)
[2021.01.17-23.51.56:862][222]LogModuleManager: Shutting down and abandoning module MagicLeapMediaEditor (538)
[2021.01.17-23.51.56:862][222]LogModuleManager: Shutting down and abandoning module CharacterAI (536)
[2021.01.17-23.51.56:862][222]LogModuleManager: Shutting down and abandoning module SmartSnapping (534)
[2021.01.17-23.51.56:862][222]LogModuleManager: Shutting down and abandoning module SessionServices (532)
[2021.01.17-23.51.56:862][222]LogModuleManager: Shutting down and abandoning module ViewportSnapping (530)
[2021.01.17-23.51.56:862][222]LogModuleManager: Shutting down and abandoning module ViewportInteraction (528)
[2021.01.17-23.51.56:862][222]LogModuleManager: Shutting down and abandoning module ClothPainter (526)
[2021.01.17-23.51.56:862][222]LogModuleManager: Shutting down and abandoning module SkeletalMeshEditor (525)
[2021.01.17-23.51.56:862][222]LogModuleManager: Shutting down and abandoning module LogVisualizer (522)
[2021.01.17-23.51.56:862][222]LogModuleManager: Shutting down and abandoning module IntroTutorials (520)
[2021.01.17-23.51.56:862][222]LogModuleManager: Shutting down and abandoning module GameProjectGeneration (519)
[2021.01.17-23.51.56:862][222]LogModuleManager: Shutting down and abandoning module LuminPlatformEditor (516)
[2021.01.17-23.51.56:862][222]LogModuleManager: Shutting down and abandoning module IOSPlatformEditor (514)
[2021.01.17-23.51.56:862][222]LogModuleManager: Shutting down and abandoning module HTML5PlatformEditor (512)
[2021.01.17-23.51.56:862][222]LogModuleManager: Shutting down and abandoning module AndroidPlatformEditor (510)
[2021.01.17-23.51.56:862][222]LogModuleManager: Shutting down and abandoning module AndroidDeviceDetection (509)
[2021.01.17-23.51.57:360][222]LogModuleManager: Shutting down and abandoning module WindowsPlatformEditor (506)
[2021.01.17-23.51.57:360][222]LogModuleManager: Shutting down and abandoning module LuminRuntimeSettings (504)
[2021.01.17-23.51.57:360][222]LogModuleManager: Shutting down and abandoning module IOSRuntimeSettings (502)
[2021.01.17-23.51.57:360][222]LogModuleManager: Shutting down and abandoning module AndroidRuntimeSettings (500)
[2021.01.17-23.51.57:360][222]LogModuleManager: Shutting down and abandoning module InputBindingEditor (498)
[2021.01.17-23.51.57:360][222]LogModuleManager: Shutting down and abandoning module MergeActors (496)
[2021.01.17-23.51.57:360][222]LogModuleManager: Shutting down and abandoning module LocalizationDashboard (494)
[2021.01.17-23.51.57:360][222]LogModuleManager: Shutting down and abandoning module LocalizationService (493)
[2021.01.17-23.51.57:360][222]LogModuleManager: Shutting down and abandoning module HardwareTargeting (490)
[2021.01.17-23.51.57:360][222]LogModuleManager: Shutting down and abandoning module DeviceProfileEditor (488)
[2021.01.17-23.51.57:360][222]LogModuleManager: Shutting down and abandoning module UndoHistory (486)
[2021.01.17-23.51.57:360][222]LogModuleManager: Shutting down and abandoning module XmlParser (484)
[2021.01.17-23.51.57:360][222]LogModuleManager: Shutting down and abandoning module Blutility (482)
[2021.01.17-23.51.57:360][222]LogModuleManager: Shutting down and abandoning module ProjectSettingsViewer (480)
[2021.01.17-23.51.57:360][222]LogModuleManager: Shutting down and abandoning module ProjectTargetPlatformEditor (479)
[2021.01.17-23.51.57:360][222]LogModuleManager: Shutting down and abandoning module EditorSettingsViewer (476)
[2021.01.17-23.51.57:361][222]LogModuleManager: Shutting down and abandoning module SettingsEditor (474)
[2021.01.17-23.51.57:361][222]LogModuleManager: Shutting down and abandoning module ProjectLauncher (472)
[2021.01.17-23.51.57:361][222]LogModuleManager: Shutting down and abandoning module SessionFrontend (470)
[2021.01.17-23.51.57:361][222]LogModuleManager: Shutting down and abandoning module ProfilerClient (468)
[2021.01.17-23.51.57:361][222]LogModuleManager: Shutting down and abandoning module DeviceManager (466)
[2021.01.17-23.51.57:361][222]LogModuleManager: Shutting down and abandoning module TargetDeviceServices (465)
[2021.01.17-23.51.57:425][222]LogModuleManager: Shutting down and abandoning module AutomationController (462)
[2021.01.17-23.51.57:425][222]LogModuleManager: Shutting down and abandoning module AutomationWindow (460)
[2021.01.17-23.51.57:425][222]LogModuleManager: Shutting down and abandoning module Layers (458)
[2021.01.17-23.51.57:425][222]LogModuleManager: Shutting down and abandoning module ComponentVisualizers (456)
[2021.01.17-23.51.57:425][222]LogModuleManager: Shutting down and abandoning module DetailCustomizations (454)
[2021.01.17-23.51.57:425][222]LogModuleManager: Shutting down and abandoning module PackagesDialog (452)
[2021.01.17-23.51.57:425][222]LogModuleManager: Shutting down and abandoning module Persona (450)
[2021.01.17-23.51.57:425][222]LogModuleManager: Shutting down and abandoning module AdvancedPreviewScene (449)
[2021.01.17-23.51.57:425][222]LogModuleManager: Shutting down and abandoning module AnimGraph (447)
[2021.01.17-23.51.57:425][222]LogModuleManager: Shutting down and abandoning module Kismet (444)
[2021.01.17-23.51.57:425][222]LogModuleManager: Shutting down and abandoning module GraphEditor (442)
[2021.01.17-23.51.57:425][222]LogModuleManager: Shutting down and abandoning module ClassViewer (440)
[2021.01.17-23.51.57:425][222]LogModuleManager: Shutting down and abandoning module Toolbox (438)
[2021.01.17-23.51.57:425][222]LogModuleManager: Shutting down and abandoning module ModuleUI (436)
[2021.01.17-23.51.57:425][222]LogModuleManager: Shutting down and abandoning module MovieSceneTools (434)
[2021.01.17-23.51.57:425][222]LogModuleManager: Shutting down and abandoning module OutputLog (432)
[2021.01.17-23.51.57:425][222]LogModuleManager: Shutting down and abandoning module GammaUI (430)
[2021.01.17-23.51.57:425][222]LogModuleManager: Shutting down and abandoning module Documentation (428)
[2021.01.17-23.51.57:425][222]LogModuleManager: Shutting down and abandoning module MovieSceneTracks (426)
[2021.01.17-23.51.57:425][222]LogModuleManager: Shutting down and abandoning module MovieScene (424)
[2021.01.17-23.51.57:426][222]LogModuleManager: Shutting down and abandoning module StreamingPauseRendering (422)
[2021.01.17-23.51.57:426][222]LogModuleManager: Shutting down and abandoning module LauncherPlatform (420)
[2021.01.17-23.51.57:426][222]LogModuleManager: Shutting down and abandoning module AnalyticsET (418)
[2021.01.17-23.51.57:426][222]LogModuleManager: Shutting down and abandoning module PortalServices (416)
[2021.01.17-23.51.57:426][222]LogModuleManager: Shutting down and abandoning module PortalRpc (414)
[2021.01.17-23.51.57:426][222]LogModuleManager: Shutting down and abandoning module MessagingRpc (412)
[2021.01.17-23.51.57:426][222]LogModuleManager: Shutting down and abandoning module AIModule (410)
[2021.01.17-23.51.57:426][222]LogModuleManager: Shutting down and abandoning module GameplayDebugger (409)
[2021.01.17-23.51.57:426][222]LogModuleManager: Shutting down and abandoning module AITestSuite (407)
[2021.01.17-23.51.57:426][222]LogModuleManager: Shutting down and abandoning module NavigationSystem (405)
[2021.01.17-23.51.57:426][222]LogModuleManager: Shutting down and abandoning module DesktopPlatform (402)
[2021.01.17-23.51.57:426][222]LogModuleManager: Shutting down and abandoning module ProfilerService (400)
[2021.01.17-23.51.57:658][222]LogModuleManager: Shutting down and abandoning module TaskGraph (398)
[2021.01.17-23.51.57:658][222]LogModuleManager: Shutting down and abandoning module SteamVRController (396)
[2021.01.17-23.51.57:658][222]LogModuleManager: Shutting down and abandoning module ProceduralMeshComponentEditor (394)
[2021.01.17-23.51.57:658][222]LogModuleManager: Shutting down and abandoning module ProceduralMeshComponent (392)
[2021.01.17-23.51.57:658][222]LogModuleManager: Shutting down and abandoning module OculusInput (390)
[2021.01.17-23.51.57:658][222]LogModuleManager: Shutting down and abandoning module MobilePatchingUtils (388)
[2021.01.17-23.51.57:658][222]LogModuleManager: Shutting down and abandoning module EditableMesh (386)
[2021.01.17-23.51.57:658][222]LogModuleManager: Shutting down and abandoning module CustomMeshComponent (384)
[2021.01.17-23.51.57:658][222]LogModuleManager: Shutting down and abandoning module CableComponent (382)
[2021.01.17-23.51.57:658][222]LogModuleManager: Shutting down and abandoning module AudioCapture (380)
[2021.01.17-23.51.57:658][222]LogModuleManager: Shutting down and abandoning module ArchVisCharacter (378)
[2021.01.17-23.51.57:658][222]LogModuleManager: Shutting down and abandoning module AndroidPermission (376)
[2021.01.17-23.51.57:658][222]LogModuleManager: Shutting down and abandoning module NUTUnrealEngine4 (374)
[2021.01.17-23.51.57:658][222]LogModuleManager: Shutting down and abandoning module NetcodeUnitTest (372)
[2021.01.17-23.51.57:658][222]LogModuleManager: Shutting down and abandoning module MediaCompositingEditor (370)
[2021.01.17-23.51.57:658][222]LogModuleManager: Shutting down and abandoning module MediaCompositing (368)
[2021.01.17-23.51.57:658][222]LogModuleManager: Shutting down and abandoning module LinearTimecode (366)
[2021.01.17-23.51.57:658][222]LogModuleManager: Shutting down and abandoning module ImgMedia (364)
[2021.01.17-23.51.57:661][222]LogModuleManager: Shutting down and abandoning module HTML5Networking (362)
[2021.01.17-23.51.57:661][222]LogModuleManager: Shutting down and abandoning module GeometryCacheTracks (360)
[2021.01.17-23.51.57:661][222]LogModuleManager: Shutting down and abandoning module GeometryCacheSequencer (358)
[2021.01.17-23.51.57:661][222]LogModuleManager: Shutting down and abandoning module BackChannel (356)
[2021.01.17-23.51.57:661][222]LogModuleManager: Shutting down and abandoning module AppleVision (354)
[2021.01.17-23.51.57:661][222]LogModuleManager: Shutting down and abandoning module AppleImageUtils (352)
[2021.01.17-23.51.57:661][222]LogModuleManager: Shutting down and abandoning module AlembicImporter (350)
[2021.01.17-23.51.57:661][222]LogModuleManager: Shutting down and abandoning module AlembicLibrary (349)
[2021.01.17-23.51.57:661][222]LogModuleManager: Shutting down and abandoning module GeometryCache (348)
[2021.01.17-23.51.57:661][222]LogModuleManager: Shutting down and abandoning module GeometryCacheEd (347)
[2021.01.17-23.51.57:661][222]LogModuleManager: Shutting down and abandoning module DatasmithContentEditor (342)
[2021.01.17-23.51.57:661][222]LogModuleManager: Shutting down and abandoning module DatasmithContent (340)
[2021.01.17-23.51.57:662][222]LogModuleManager: Shutting down and abandoning module SpeedTreeImporter (338)
[2021.01.17-23.51.57:662][222]LogModuleManager: Shutting down and abandoning module PluginBrowser (336)
[2021.01.17-23.51.57:662][222]LogModuleManager: Shutting down and abandoning module MobileLauncherProfileWizard (334)
[2021.01.17-23.51.57:662][222]LogModuleManager: Shutting down and abandoning module PolygonModeling (332)
[2021.01.17-23.51.57:662][222]LogModuleManager: Shutting down and abandoning module MeshEditor (330)
[2021.01.17-23.51.57:662][222]LogModuleManager: Shutting down and abandoning module CryptoKeysOpenSSL (328)
[2021.01.17-23.51.57:662][222]LogModuleManager: Shutting down and abandoning module CryptoKeys (326)
[2021.01.17-23.51.57:662][222]LogModuleManager: Shutting down and abandoning module VisualStudioSourceCodeAccess (324)
[2021.01.17-23.51.57:662][222]LogModuleManager: Shutting down and abandoning module VisualStudioCodeSourceCodeAccess (322)
[2021.01.17-23.51.57:662][222]LogModuleManager: Shutting down and abandoning module UObjectPlugin (320)
[2021.01.17-23.51.57:662][222]LogModuleManager: Shutting down and abandoning module SubversionSourceControl (318)
[2021.01.17-23.51.57:662][222]LogModuleManager: Shutting down and abandoning module PerforceSourceControl (316)
[2021.01.17-23.51.57:662][222]LogModuleManager: Shutting down and abandoning module GitSourceControl (314)
[2021.01.17-23.51.57:662][222]LogModuleManager: Shutting down and abandoning module SourceControl (313)
[2021.01.17-23.51.57:662][222]LogModuleManager: Shutting down and abandoning module CLionSourceCodeAccess (310)
[2021.01.17-23.51.57:662][222]LogModuleManager: Shutting down and abandoning module LightPropagationVolumeEditor (308)
[2021.01.17-23.51.57:662][222]LogModuleManager: Shutting down and abandoning module PaperTiledImporter (306)
[2021.01.17-23.51.57:662][222]LogModuleManager: Shutting down and abandoning module PaperSpriteSheetImporter (304)
[2021.01.17-23.51.57:662][222]LogModuleManager: Shutting down and abandoning module Paper2DEditor (302)
[2021.01.17-23.51.57:662][222]LogModuleManager: Shutting down and abandoning module MeshPaint (301)
[2021.01.17-23.51.57:662][222]LogModuleManager: Shutting down and abandoning module RuntimePhysXCooking (298)
[2021.01.17-23.51.57:662][222]LogModuleManager: Shutting down and abandoning module PhysXVehiclesEditor (296)
[2021.01.17-23.51.57:662][222]LogModuleManager: Shutting down and abandoning module PhysXVehicles (294)
[2021.01.17-23.51.57:662][222]LogModuleManager: Shutting down and abandoning module OculusEditor (292)
[2021.01.17-23.51.57:662][222]LogModuleManager: Shutting down and abandoning module LocationServicesBPLibrary (290)
[2021.01.17-23.51.57:662][222]LogModuleManager: Shutting down and abandoning module ImmediatePhysicsEditor (288)
[2021.01.17-23.51.57:662][222]LogModuleManager: Shutting down and abandoning module ImmediatePhysics (286)
[2021.01.17-23.51.57:662][222]LogModuleManager: Shutting down and abandoning module ActorSequence (284)
[2021.01.17-23.51.57:662][222]LogModuleManager: Shutting down and abandoning module UdpMessaging (282)
[2021.01.17-23.51.57:763][222]LogModuleManager: Shutting down and abandoning module TcpMessaging (280)
[2021.01.17-23.51.57:864][222]LogModuleManager: Shutting down and abandoning module MagicLeapAudio (278)
[2021.01.17-23.51.57:864][222]LogModuleManager: Shutting down and abandoning module GameplayTagsEditor (276)
[2021.01.17-23.51.57:864][222]LogModuleManager: Shutting down and abandoning module FacialAnimationEditor (274)
[2021.01.17-23.51.57:864][222]LogModuleManager: Shutting down and abandoning module FacialAnimation (272)
[2021.01.17-23.51.57:864][222]LogModuleManager: Shutting down and abandoning module DataValidation (270)
[2021.01.17-23.51.57:864][222]LogModuleManager: Shutting down and abandoning module AssetManagerEditor (268)
[2021.01.17-23.51.57:864][222]LogModuleManager: Shutting down and abandoning module LevelEditor (267)
[2021.01.17-23.51.57:864][222]LogModuleManager: Shutting down and abandoning module PixelInspectorModule (266)
[2021.01.17-23.51.57:864][222]LogModuleManager: Shutting down and abandoning module CommonMenuExtensions (264)
[2021.01.17-23.51.57:864][222]LogModuleManager: Shutting down and abandoning module MainFrame (262)
[2021.01.17-23.51.57:865][222]LogModuleManager: Shutting down and abandoning module HotReload (261)
[2021.01.17-23.51.57:865][222]LogModuleManager: Shutting down and abandoning module ContentBrowser (257)
[2021.01.17-23.51.57:865][222]LogModuleManager: Shutting down and abandoning module TreeMap (255)
[2021.01.17-23.51.57:865][222]LogModuleManager: Shutting down and abandoning module LightPropagationVolumeRuntime (252)
[2021.01.17-23.51.57:865][222]LogModuleManager: Shutting down and abandoning module AISupportModule (250)
[2021.01.17-23.51.57:865][222]LogModuleManager: Shutting down and abandoning module Paper2D (248)
[2021.01.17-23.51.57:866][222]LogModuleManager: Shutting down and abandoning module WindowsMoviePlayer (246)
[2021.01.17-23.51.57:866][222]LogModuleManager: Shutting down and abandoning module WmfMedia (244)
[2021.01.17-23.51.57:866][222]LogModuleManager: Shutting down and abandoning module Media (243)
[2021.01.17-23.51.57:872][222]LogModuleManager: Shutting down and abandoning module PacketHandler (240)
[2021.01.17-23.51.57:872][222]LogModuleManager: Shutting down and abandoning module ClothingSystemEditor (238)
[2021.01.17-23.51.57:872][222]LogModuleManager: Shutting down and abandoning module ClothingSystemRuntime (236)
[2021.01.17-23.51.57:872][222]LogModuleManager: Shutting down and abandoning module MediaAssets (234)
[2021.01.17-23.51.57:872][222]LogModuleManager: Shutting down and abandoning module Overlay (232)
[2021.01.17-23.51.57:872][222]LogModuleManager: Shutting down and abandoning module OverlayEditor (231)
[2021.01.17-23.51.57:872][222]LogModuleManager: Shutting down and abandoning module VREditor (228)
[2021.01.17-23.51.57:872][222]LogModuleManager: Shutting down and abandoning module StringTableEditor (226)
[2021.01.17-23.51.57:872][222]LogModuleManager: Shutting down and abandoning module GameplayTasksEditor (224)
[2021.01.17-23.51.57:872][222]LogModuleManager: Shutting down and abandoning module BehaviorTreeEditor (222)
[2021.01.17-23.51.57:872][222]LogModuleManager: Shutting down and abandoning module FunctionalTesting (220)
[2021.01.17-23.51.57:872][222]LogModuleManager: Shutting down and abandoning module CollisionAnalyzer (218)
[2021.01.17-23.51.57:872][222]LogModuleManager: Shutting down and abandoning module WorkspaceMenuStructure (217)
[2021.01.17-23.51.57:872][222]LogModuleManager: Shutting down and abandoning module UMG (214)
[2021.01.17-23.51.57:872][222]LogModuleManager: Shutting down and abandoning module UMGEditor (213)
[2021.01.17-23.51.57:872][222]LogModuleManager: Shutting down and abandoning module Sequencer (212)
[2021.01.17-23.51.57:872][222]LogModuleManager: Shutting down and abandoning module MessageLog (209)
[2021.01.17-23.51.57:872][222]LogModuleManager: Shutting down and abandoning module SlateReflector (204)
[2021.01.17-23.51.57:872][222]LogModuleManager: Shutting down and abandoning module Slate (202)
[2021.01.17-23.51.57:872][222]LogModuleManager: Shutting down and abandoning module EditorStyle (200)
[2021.01.17-23.51.57:874][222]LogModuleManager: Shutting down and abandoning module MRMesh (198)
[2021.01.17-23.51.57:874][222]LogModuleManager: Shutting down and abandoning module SourceCodeAccess (196)
[2021.01.17-23.51.57:874][222]LogModuleManager: Shutting down and abandoning module HeadMountedDisplay (194)
[2021.01.17-23.51.57:874][222]LogModuleManager: Shutting down and abandoning module XAudio2 (192)
[2021.01.17-23.51.57:874][222]LogModuleManager: Shutting down and abandoning module Networking (190)
[2021.01.17-23.51.57:874][222]LogModuleManager: Shutting down and abandoning module Core (188)
[2021.01.17-23.51.57:874][222]LogModuleManager: Shutting down and abandoning module LevelSequence (186)
[2021.01.17-23.51.57:874][222]LogModuleManager: Shutting down and abandoning module KismetCompiler (184)
[2021.01.17-23.51.57:874][222]LogModuleManager: Shutting down and abandoning module MeshUtilities (182)
[2021.01.17-23.51.57:874][222]LogModuleManager: Shutting down and abandoning module MeshMergeUtilities (181)
[2021.01.17-23.51.57:874][222]LogModuleManager: Shutting down and abandoning module MeshReductionInterface (180)
[2021.01.17-23.51.57:874][222]LogModuleManager: Shutting down and abandoning module SimplygonSwarm (179)
[2021.01.17-23.51.57:874][222]LogModuleManager: Shutting down and abandoning module ProxyLODMeshReduction (177)
[2021.01.17-23.51.57:874][222]LogModuleManager: Shutting down and abandoning module SimplygonMeshReduction (175)
[2021.01.17-23.51.57:874][222]LogModuleManager: Shutting down and abandoning module QuadricMeshReduction (173)
[2021.01.17-23.51.57:874][222]LogModuleManager: Shutting down and abandoning module MaterialBaking (169)
[2021.01.17-23.51.57:874][222]LogModuleManager: Shutting down and abandoning module DirectoryWatcher (165)
[2021.01.17-23.51.57:874][222]LogModuleManager: Shutting down and abandoning module DerivedDataCache (162)
[2021.01.17-23.51.57:916][222]LogDerivedDataCache: Shutdown
[2021.01.17-23.51.57:916][222]LogModuleManager: Shutting down and abandoning module XGEController (160)
[2021.01.17-23.51.57:916][222]LogXGEController: Cleaning working directory: C:/Users/Adamk/AppData/Local/Temp/UnrealXGEWorkingDir/
[2021.01.17-23.51.57:916][222]LogModuleManager: Shutting down and abandoning module TargetPlatform (158)
[2021.01.17-23.51.57:916][222]LogModuleManager: Shutting down and abandoning module VulkanShaderFormat (157)
[2021.01.17-23.51.57:916][222]LogModuleManager: Shutting down and abandoning module ShaderFormatVectorVM (155)
[2021.01.17-23.51.57:916][222]LogModuleManager: Shutting down and abandoning module ShaderFormatOpenGL (153)
[2021.01.17-23.51.57:917][222]LogModuleManager: Shutting down and abandoning module ShaderFormatD3D (151)
[2021.01.17-23.51.57:917][222]LogModuleManager: Shutting down and abandoning module MetalShaderFormat (149)
[2021.01.17-23.51.57:917][222]LogModuleManager: Shutting down and abandoning module TextureFormatUncompressed (147)
[2021.01.17-23.51.57:917][222]LogModuleManager: Shutting down and abandoning module TextureFormatPVR (145)
[2021.01.17-23.51.57:917][222]LogModuleManager: Shutting down and abandoning module TextureFormatDXT (143)
[2021.01.17-23.51.57:917][222]LogModuleManager: Shutting down and abandoning module TextureFormatIntelISPCTexComp (141)
[2021.01.17-23.51.57:917][222]LogModuleManager: Shutting down and abandoning module TextureFormatASTC (139)
[2021.01.17-23.51.57:917][222]LogModuleManager: Shutting down and abandoning module ImageWrapper (138)
[2021.01.17-23.51.57:917][222]LogModuleManager: Shutting down and abandoning module TextureFormatAndroid (135)
[2021.01.17-23.51.57:917][222]LogModuleManager: Shutting down and abandoning module AudioFormatOpus (133)
[2021.01.17-23.51.57:917][222]LogModuleManager: Shutting down and abandoning module AudioFormatOgg (131)
[2021.01.17-23.51.57:917][222]LogModuleManager: Shutting down and abandoning module AudioFormatADPCM (129)
[2021.01.17-23.51.57:917][222]LogModuleManager: Shutting down and abandoning module LuminTargetPlatform (127)
[2021.01.17-23.51.57:917][222]LogModuleManager: Shutting down and abandoning module LinuxTargetPlatform (125)
[2021.01.17-23.51.57:917][222]LogModuleManager: Shutting down and abandoning module LinuxServerTargetPlatform (123)
[2021.01.17-23.51.57:917][222]LogModuleManager: Shutting down and abandoning module LinuxNoEditorTargetPlatform (121)
[2021.01.17-23.51.57:917][222]LogModuleManager: Shutting down and abandoning module LinuxClientTargetPlatform (119)
[2021.01.17-23.51.57:917][222]LogModuleManager: Shutting down and abandoning module TVOSTargetPlatform (117)
[2021.01.17-23.51.57:917][222]LogModuleManager: Shutting down and abandoning module Messaging (115)
[2021.01.17-23.51.57:917][222]LogModuleManager: Shutting down and abandoning module IOSTargetPlatform (113)
[2021.01.17-23.51.57:918][222]LogModuleManager: Shutting down and abandoning module HTML5TargetPlatform (111)
[2021.01.17-23.51.57:918][222]LogModuleManager: Shutting down and abandoning module AndroidTargetPlatform (109)
[2021.01.17-23.51.57:922][222]LogModuleManager: Shutting down and abandoning module WindowsTargetPlatform (107)
[2021.01.17-23.51.57:922][222]LogModuleManager: Shutting down and abandoning module WindowsServerTargetPlatform (105)
[2021.01.17-23.51.57:922][222]LogModuleManager: Shutting down and abandoning module WindowsNoEditorTargetPlatform (103)
[2021.01.17-23.51.57:922][222]LogModuleManager: Shutting down and abandoning module WindowsClientTargetPlatform (101)
[2021.01.17-23.51.57:922][222]LogModuleManager: Shutting down and abandoning module MacTargetPlatform (99)
[2021.01.17-23.51.57:922][222]LogModuleManager: Shutting down and abandoning module MacServerTargetPlatform (97)
[2021.01.17-23.51.57:922][222]LogModuleManager: Shutting down and abandoning module MacNoEditorTargetPlatform (95)
[2021.01.17-23.51.57:922][222]LogModuleManager: Shutting down and abandoning module MacClientTargetPlatform (93)
[2021.01.17-23.51.57:922][222]LogModuleManager: Shutting down and abandoning module AllDesktopTargetPlatform (91)
[2021.01.17-23.51.57:922][222]LogModuleManager: Shutting down and abandoning module InputCore (88)
[2021.01.17-23.51.57:922][222]LogModuleManager: Shutting down and abandoning module Settings (86)
[2021.01.17-23.51.57:922][222]LogModuleManager: Shutting down and abandoning module PhysXCooking (84)
[2021.01.17-23.51.57:922][222]LogModuleManager: Shutting down and abandoning module SteamVR (82)
[2021.01.17-23.51.57:922][222]LogModuleManager: Shutting down and abandoning module OculusHMD (80)
[2021.01.17-23.51.57:922][222]LogModuleManager: Shutting down and abandoning module ExampleDeviceProfileSelector (78)
[2021.01.17-23.51.57:922][222]LogModuleManager: Shutting down and abandoning module LauncherChunkInstaller (76)
[2021.01.17-23.51.57:922][222]LogModuleManager: Shutting down and abandoning module OnlineBlueprintSupport (74)
[2021.01.17-23.51.57:922][222]LogModuleManager: Shutting down and abandoning module OnlineSubsystem (70)
[2021.01.17-23.51.57:923][222]LogModuleManager: Shutting down and abandoning module XMPP (65)
[2021.01.17-23.51.57:923][222]LogModuleManager: Shutting down and abandoning module WebSockets (64)
[2021.01.17-23.51.57:953][222]LogModuleManager: Shutting down and abandoning module HTTP (61)
[2021.01.17-23.51.57:953][222]LogHttp: Display: Http module shutting down, but needs to wait on 1 outstanding Http requests:
[2021.01.17-23.51.57:953][222]LogHttp: Display: 	verb=[POST] url=[https://datarouter.ol.epicgames.com/datarouter/api/v1/public/data?SessionID=%7BA4506E0C-45A5-42E8-95EE-A18712805EC9%7D&AppID=UEEditor.Rocket.Release&AppVersion=4.20.3-4369336%2B%2B%2BUE4%2BRelease-4.20&UserID=57d211694b0e0199435f51b5e9016737%7C5221f6f8a0154b8aa9d4e26145df4364%7C20da9b23-e896-476a-bc14-5d4c77f581f0&AppEnvironment=datacollector-binary&UploadType=eteventstream] status=Processing
[2021.01.17-23.51.57:957][222]LogModuleManager: Shutting down and abandoning module SSL (60)
[2021.01.17-23.51.57:958][222]LogModuleManager: Shutting down and abandoning module MagicLeapEmulator (56)
[2021.01.17-23.51.57:958][222]LogModuleManager: Shutting down and abandoning module MagicLeapPrivileges (54)
[2021.01.17-23.51.57:958][222]LogModuleManager: Shutting down and abandoning module MagicLeapIdentity (52)
[2021.01.17-23.51.57:958][222]LogModuleManager: Shutting down and abandoning module MagicLeapHelperVulkan (50)
[2021.01.17-23.51.57:958][222]LogModuleManager: Shutting down and abandoning module MagicLeapHelperOpenGL (48)
[2021.01.17-23.51.57:958][222]LogModuleManager: Shutting down and abandoning module MagicLeapSecureStorage (46)
[2021.01.17-23.51.57:958][222]LogModuleManager: Shutting down and abandoning module MagicLeapGestures (44)
[2021.01.17-23.51.57:958][222]LogModuleManager: Shutting down and abandoning module MagicLeapEyeTracker (42)
[2021.01.17-23.51.57:958][222]LogModuleManager: Shutting down and abandoning module MagicLeapController (40)
[2021.01.17-23.51.57:958][222]LogSlate: Slate User Destroyed.  User Index 0, Is Virtual User: 0
[2021.01.17-23.51.57:958][222]LogModuleManager: Shutting down and abandoning module MagicLeap (38)
[2021.01.17-23.51.57:958][222]LogModuleManager: Shutting down and abandoning module AnimationModifiers (36)
[2021.01.17-23.51.57:958][222]LogModuleManager: Shutting down and abandoning module PropertyEditor (35)
[2021.01.17-23.51.57:958][222]LogModuleManager: Shutting down and abandoning module AudioEditor (32)
[2021.01.17-23.51.57:959][222]LogModuleManager: Shutting down and abandoning module TextureCompressor (30)
[2021.01.17-23.51.57:959][222]LogModuleManager: Shutting down and abandoning module ShaderCore (28)
[2021.01.17-23.51.57:959][222]LogModuleManager: Shutting down and abandoning module Landscape (26)
[2021.01.17-23.51.57:959][222]LogModuleManager: Shutting down and abandoning module SlateRHIRenderer (24)
[2021.01.17-23.51.57:959][222]LogModuleManager: Shutting down and abandoning module OpenGLDrv (22)
[2021.01.17-23.51.57:959][222]LogModuleManager: Shutting down and abandoning module D3D11RHI (20)
[2021.01.17-23.51.57:959][222]LogModuleManager: Shutting down and abandoning module AnimGraphRuntime (18)
[2021.01.17-23.51.57:959][222]LogModuleManager: Shutting down and abandoning module Renderer (16)
[2021.01.17-23.51.57:959][222]LogModuleManager: Shutting down and abandoning module Engine (14)
[2021.01.17-23.51.57:959][222]LogModuleManager: Shutting down and abandoning module CoreUObject (12)
[2021.01.17-23.51.57:959][222]LogModuleManager: Shutting down and abandoning module NetworkFile (10)
[2021.01.17-23.51.57:959][222]LogModuleManager: Shutting down and abandoning module CookedIterativeFile (8)
[2021.01.17-23.51.57:959][222]LogModuleManager: Shutting down and abandoning module StreamingFile (6)
[2021.01.17-23.51.57:959][222]LogModuleManager: Shutting down and abandoning module SandboxFile (4)
[2021.01.17-23.51.57:959][222]LogModuleManager: Shutting down and abandoning module PakFile (2)
[2021.01.17-23.51.57:966][222]LogExit: Exiting.
[2021.01.17-23.51.57:975][222]Log file closed, 01/18/21 00:51:57
